0
6
11
17
23
29
35
40
46
52
58
64
69
75
81
87
93
98
104
110
116
122
127
133
139
145
151
156
162
168
174
180
185
191
197
203
209
214
220
226
232
238
244
250
256
262
268
273
279
285
291
297
302
308
314
320
326
331
337
343
349
355
360
366
372
378
384
389
395
401
407
413
418
424
430
436
442
447
453
459
465
471
476
482
488
494
500
505
511
517
523
529
534
540
546
552
558
563
569
575
581
587
592
598
604
610
616
621
627
633
639
645
650
656
662
668
674
679
685
691
697
703
708
714
720
726
732
737
743
749
755
761
766
772
778
784
790
795
801
807
813
819
824
830
836
842
848
853
859
865
871
877
882
888
894
900
906
911
917
923
929
935
940
946
952
958
964
969
975
981
987
993
998
1004
1010
1016
1022
1027
1033
1039
1045
1051
1056
1062
1068
1074
1080
1085
1091
1097
1103
1109
1114
1120
1126
1132
1138
1143
1149
1155
1161
1167
1172
1178
1184
1190
1196
1201
1207
1213
1219
1225
1230
1236
1242
1248
1254
1259
1265
1271
1277
1283
1288
1294
1300
1306
1312
1317
1323
1329
1335
1341
1346
1352
1358
1364
1370
1375
1381
1387
1393
1399
1404
1410
1416
1422
1428
1433
1439
1445
1451
1457
1462
1468
1474
1480
1486
1491
1497
1503
1509
1515
1520
1526
1532
1538
1544
1549
1555
1561
1567
1573
1578
1584
1590
1596
1602
1607
1613
1619
1625
1631
1636
1642
1648
1654
1660
1665
1671
1677
1683
1689
1694
1700
1706
1712
1718
1723
1729
1735
1741
1747
1752
1758
1764
1770
1776
1781
1787
1793
1799
1805
1810
1816
1822
1828
1834
1839
1845
1851
1857
1863
1868
1874
1880
1886
1892
1897
1903
1909
1915
1921
1926
1932
1938
1944
1950
1955
1961
1967
1973
1979
1984
1990
1996
2002
2008
2013
2019
2025
2031
2037
2042
2048
2054
2060
2066
2071
2077
2083
2089
2095
2100
2106
2112
2118
2124
2129
2135
2141
2147
2153
2158
2164
2170
2176
2182
2187
2193
2199
2205
2211
2216
2222
2228
2234
2240
2245
2251
2257
2263
2269
2274
2280
2286
2292
2298
2303
2309
2315
2321
2327
2332
2338
2344
2350
2356
2361
2367
2373
2379
2385
2390
2396
2402
2408
2414
2419
2425
2431
2437
2443
2448
2454
2460
2466
2472
2477
2483
2489
2495
2501
2506
2512
2518
2524
2530
2535
2541
2547
2553
2559
2564
2570
2576
2582
2588
2593
2599
2605
2611
2617
2622
2628
2634
2640
2646
2651
2657
2663
2669
2675
2680
2686
2692
2698
2704
2709
2715
2721
2727
2733
2738
2744
2750
2756
2762
2767
2773
2779
2785
2791
2796
2802
2808
2814
2820
2825
2831
2837
2843
2849
2854
2860
2866
2872
2878
2883
2889
2895
2901
2907
2912
2918
2924
2930
2936
2941
2947
2953
2959
2965
2970
2976
2982
2988
2994
2999
3005
3011
3017
3023
3028
3034
3040
3046
3052
3057
3063
3069
3075
3081
3086
3092
3098
3104
3110
3115
3121
3127
3133
3139
3144
3150
3156
3162
3168
3173
3179
3185
3191
3197
3202
3208
3214
3220
3226
3231
3237
3243
3249
3255
3260
3266
3272
3278
3284
3289
3295
3301
3307
3313
3318
3324
3330
3336
3342
3347
3353
3359
3365
3371
3376
3382
3388
3394
3400
3405
3411
3417
3423
3429
3434
3440
3446
3452
3458
3463
3469
3475
3481
3487
3492
3498
3504
3510
3516
3521
3527
3533
3539
3545
3550
3556
3562
3568
3574
3579
3585
3591
3597
3603
3608
3614
3620
3626
3632
3637
3643
3649
3655
3661
3666
3672
3678
3684
3690
3695
3701
3707
3713
3719
3724
3730
3736
3742
3748
3753
3759
3765
3771
3777
3782
3788
3794
3800
3806
3811
3817
3823
3829
3835
3840
3846
3852
3858
3864
3869
3875
3881
3887
3893
3898
3904
3910
3916
3922
3927
3933
3939
3945
3951
3956
3962
3968
3974
3980
3985
3991
3997
4003
4009
4014
4020
4026
4032
4038
4043
4049
4055
4061
4067
4072
4078
4084
4090
4096
4101
4107
4113
4119
4125
4130
4136
4142
4148
4154
4159
4165
4171
4177
4183
4188
4194
4200
4206
4212
4217
4222
4228
4234
4240
4245
4251
4257
4263
4269
4274
4280
4286
4292
4298
4303
4309
4315
4321
4327
4332
4338
4344
4350
4356
4361
4367
4373
4379
4385
4390
4396
4402
4408
4414
4419
4425
4431
4437
4443
4448
4454
4460
4466
4472
4477
4483
4489
4495
4501
4506
4512
4518
4524
4530
4535
4541
4547
4553
4559
4564
4570
4576
4582
4588
4593
4599
4605
4611
4617
4622
4628
4634
4640
4646
4651
4657
4663
4669
4675
4680
4686
4692
4698
4704
4709
4715
4721
4727
4733
4738
4744
4750
4756
4762
4767
4773
4779
4785
4791
4796
4802
4808
4814
4820
4825
4831
4837
4843
4849
4854
4860
4866
4872
4878
4883
4889
4895
4901
4907
4912
4918
4924
4930
4936
4941
4947
4953
4959
4965
4970
4976
4982
4988
4994
4999
5005
5011
5017
5023
5028
5034
5040
5046
5052
5057
5063
5069
5075
5081
5086
5092
5098
5104
5110
5115
5121
5127
5133
5139
5144
5150
5156
5162
5168
5173
5179
5185
5191
5197
5202
5208
5214
5220
5226
5231
5237
5243
5249
5255
5260
5266
5272
5278
5284
5289
5295
5301
5307
5313
5318
5324
5330
5336
5342
5347
5353
5359
5365
5371
5376
5382
5388
5394
5400
5405
5411
5417
5423
5429
5540
5540
5540
5540
5540
5540
5540
5540
5540
5540
5540
5540
5540
5540
5540
5540
5540
5540
5545
5550
5556
5562
5568
5574
5579
5585
5591
5597
5603
5608
5614
5620
5626
5632
5637
5643
5649
5655
5661
5666
5672
5678
5684
5690
5695
5701
5707
5713
5719
5724
5730
5736
5742
5748
5753
5759
5765
5771
5777
5782
5788
5794
5800
5806
5811
5817
5823
5829
5835
5840
5846
5852
5858
5864
5869
5875
5881
5887
5893
5898
5904
5910
5916
5922
5927
5933
5939
5945
5951
5956
5962
5968
5974
5980
5985
5991
5997
6003
6009
6120
6120
6120
6120
6120
6120
6120
6120
6120
6120
6120
6120
6120
6120
6120
6120
6120
6120
6125
6130
6136
6142
6148
6154
6159
6165
6171
6177
6183
6188
6194
6200
6206
6212
6217
6223
6229
6235
6241
6246
6252
6258
6264
6270
6275
6281
6287
6293
6299
6304
6310
6316
6322
6328
6333
6339
6345
6351
6357
6362
6368
6374
6380
6386
6391
6397
6403
6409
6415
6420
6426
6432
6438
6444
6449
6455
6461
6467
6473
6478
6484
6490
6496
6502
6507
6513
6519
6525
6531
6536
6542
6548
6554
6560
6565
6571
6577
6583
6589
6594
6600
6606
6612
6618
6623
6629
6635
6641
6647
6652
6658
6664
6670
6676
6681
6687
6693
6699
6705
6710
6716
6722
6728
6734
6739
6745
6751
6757
6763
6768
6774
6780
6786
6792
6797
6803
6809
6815
6821
6826
6832
6838
6844
6850
6855
6861
6867
6873
6879
6884
6890
6896
6902
6908
6913
6919
6925
6931
6937
6942
6948
6954
6960
6966
6971
6977
6983
6989
6995
7000
7006
7012
7018
7024
7029
7035
7041
7047
7053
7058
7064
7070
7076
7082
7087
7093
7099
7105
7111
7116
7122
7128
7134
7140
7145
7151
7157
7163
7169
7174
7180
7186
7192
7198
7203
7209
7215
7221
7227
7232
7238
7244
7250
7256
7261
7267
7273
7279
7285
7290
7296
7302
7308
7314
7319
7325
7331
7337
7343
7348
7354
7360
7366
7372
7377
7383
7389
7395
7401
7406
7412
7418
7424
7430
7435
7441
7447
7453
7459
7464
7470
7476
7482
7488
7493
7499
7505
7511
7517
7522
7528
7534
7540
7546
7551
7557
7563
7569
7575
7580
7586
7592
7598
7604
7609
7615
7621
7627
7633
7638
7644
7650
7762
7762
7762
7762
7762
7762
7762
7762
7762
7762
7762
7762
7762
7762
7762
7762
7762
7762
7766
7772
7778
7783
7789
7795
7801
7807
7812
7818
7824
7830
7836
7841
7847
7853
7859
7865
7870
7876
7882
7888
7894
7899
7905
7911
7917
7923
7928
7934
7940
7946
7952
7957
7963
7969
7975
7981
7986
7992
7998
8004
8010
8015
8021
8027
8033
8039
8044
8050
8056
8062
8068
8073
8079
8085
8091
8097
8102
8108
8114
8120
8126
8131
8137
8143
8149
8155
8160
8166
8172
8178
8184
8189
8195
8201
8207
8213
8218
8224
8230
8236
8242
8247
8253
8259
8265
8271
8276
8282
8288
8294
8300
8305
8417
8417
8417
8417
8417
8417
8417
8417
8417
8417
8417
8417
8417
8417
8417
8417
8417
8417
8421
8427
8433
8439
8445
8450
8456
8462
8468
8474
8479
8485
8491
8497
8503
8508
8514
8520
8526
8532
8537
8543
8549
8555
8561
8566
8572
8578
8584
8590
8595
8601
8607
8613
8619
8624
8630
8636
8642
8648
8653
8659
8665
8671
8677
8682
8688
8694
8700
8706
8711
8717
8723
8729
8735
8740
8746
8752
8758
8764
8769
8775
8781
8787
8793
8904
8904
8904
8904
8904
8904
8904
9004
9004
9004
9004
9004
9004
9004
9004
9004
9004
9004
9004
9004
9004
9004
9004
9004
9004
9004
9004
9004
9004
9004
9004
9004
9004
9004
9007
9013
9019
9025
9030
9036
9042
9049
9055
9060
9066
9093
9093
9101
9102
9104
9107
9110
9113
9118
9124
9130
9136
9142
9147
9153
9159
9165
9171
9176
9182
9188
9194
9200
9205
9211
9217
9223
9229
9234
9240
9246
9252
9258
9263
9269
9275
9281
9287
9292
9298
9304
9310
9316
9321
9327
9333
9339
9345
9350
9356
9362
9368
9374
9379
9385
9391
9397
9403
9408
9414
9420
9426
9432
9437
9443
9449
9455
9461
9466
9472
9478
9484
9490
9601
9601
9601
9601
9601
9601
9601
9601
9601
9601
9601
9601
9601
9601
9601
9601
9601
9601
9606
9611
9617
9623
9629
9635
9640
9646
9652
9658
9664
9669
9675
9681
9687
9693
9698
9704
9710
9716
9722
9727
9733
9739
9745
9751
9756
9762
9768
9774
9780
9785
9791
9797
9803
9809
9814
9820
9826
9832
9838
9843
9849
9855
9861
9867
9872
9878
9884
9890
9896
10007
10007
10107
10107
10107
10107
10107
10107
10107
10107
10107
10107
10107
10107
10107
10107
10107
10107
10107
10107
10107
10107
10107
10107
10107
10107
10107
10107
10107
10107
10107
10107
10107
10107
10110
10116
10122
10128
10133
10139
10145
10151
10157
10162
10168
10174
10180
10186
10191
10197
10203
10209
10215
10220
10226
10232
10238
10244
10249
10255
10261
10267
10273
10278
10284
10290
10296
10302
10307
10313
10319
10325
10331
10336
10342
10348
10354
10360
10365
10371
10377
10383
10389
10394
10400
10406
10412
10418
10423
10429
10435
10441
10447
10452
10458
10464
10470
10476
10481
10487
10493
10499
10505
10510
10516
10522
10528
10534
10539
10545
10551
10557
10563
10568
10574
10580
10586
10592
10597
10603
10609
10615
10621
10626
10632
10638
10644
10650
10655
10661
10667
10673
10679
10684
10690
10696
10808
10808
10808
10808
10808
10808
10808
10808
10808
10808
10808
10808
10808
10808
10808
10808
10808
10808
10812
10818
10824
10829
10835
10841
10847
10853
10858
10864
10870
10876
10882
10887
10893
10899
10905
10911
10916
10922
10928
10934
10940
10945
10951
10957
10963
10969
10974
10980
10986
10992
10998
11003
11009
11015
11021
11027
11032
11038
11044
11050
11056
11061
11067
11073
11079
11085
11090
11096
11102
11108
11114
11119
11125
11131
11137
11143
11148
11154
11160
11166
11172
11177
11183
11189
11195
11201
11206
11212
11218
11224
11230
11235
11241
11247
11253
11259
11264
11270
11276
11282
11288
11293
11299
11305
11311
11317
11322
11328
11334
11340
11346
11351
11357
11363
11369
11375
11380
11386
11392
11398
11404
11409
11415
11421
11427
11433
11438
11444
11450
11456
11462
11467
11473
11479
11485
11491
11496
11502
11508
11514
11520
11525
11531
11537
11543
11549
11554
11560
11566
11572
11578
11583
11589
11595
11601
11607
11612
11618
11624
11630
11636
11641
11647
11653
11659
11665
11670
11676
11682
11688
11694
11699
11705
11711
11717
11723
11728
11734
11740
11746
11752
11757
11763
11769
11775
11781
11786
11792
11798
11804
11810
11815
11821
11827
11833
11839
11844
11850
11856
11862
11868
11873
11879
11885
11891
11897
11902
11908
11914
11920
11926
11931
11937
11943
11949
11955
11960
11966
11972
11978
11984
11989
11995
12001
12007
12013
12018
12024
12030
12036
12042
12047
12053
12059
12065
12071
12076
12082
12088
12200
12200
12200
12200
12200
12200
12200
12200
12200
12200
12200
12200
12200
12200
12200
12200
12200
12200
12204
12210
12216
12221
12227
12233
12239
12245
12250
12256
12262
12268
12274
12279
12285
12291
12297
12303
12308
12314
12320
12326
12332
12337
12343
12349
12355
12361
12366
12372
12378
12384
12390
12395
12401
12407
12413
12419
12424
12430
12436
12442
12448
12453
12459
12465
12471
12477
12482
12488
12494
12500
12506
12511
12517
12523
12529
12535
12540
12546
12552
12558
12564
12569
12575
12581
12587
12593
12598
12604
12610
12616
12622
12627
12633
12639
12645
12651
12656
12662
12668
12674
12680
12685
12691
12697
12703
12709
12714
12720
12726
12732
12738
12743
12749
12755
12761
12767
12772
12778
12784
12790
12796
12801
12807
12813
12819
12825
12830
12836
12842
12848
12854
12859
12865
12871
12877
12883
12888
12894
12900
12906
12912
12917
12923
12929
12935
12941
12946
12952
12958
12964
12970
12975
12981
12987
12993
12999
13004
13010
13016
13022
13028
13033
13039
13045
13051
13057
13062
13068
13074
13080
13086
13091
13097
13103
13109
13115
13120
13126
13132
13138
13144
13149
13155
13161
13167
13173
13178
13184
13190
13196
13202
13207
13213
13219
13225
13231
13236
13242
13248
13254
13260
13265
13271
13277
13283
13289
13294
13300
13306
13312
13318
13323
13329
13335
13341
13347
13352
13358
13364
13370
13376
13381
13387
13393
13399
13405
13410
13416
13422
13428
13434
13439
13445
13451
13457
13463
13468
13474
13480
13486
13492
13497
13503
13509
13515
13521
13526
13532
13538
13544
13550
13555
13561
13567
13573
13579
13584
13590
13596
13602
13608
13613
13619
13625
13631
13637
13642
13648
13654
13660
13666
13671
13677
13683
13689
13695
13700
13706
13712
13718
13724
13729
13735
13741
13747
13753
13758
13764
13770
13776
13782
13787
13793
13799
13805
13811
13816
13822
13828
13834
13840
13845
13851
13857
13863
13869
13874
13880
13886
13892
13898
13903
13909
13915
13921
13927
13932
13938
13944
13950
13956
13961
13967
13973
13979
13985
13990
13996
14002
14008
14014
14019
14025
14031
14037
14043
14048
14054
14060
14066
14072
14077
14083
14089
14095
14101
14106
14112
14118
14124
14130
14135
14141
14147
14153
14159
14164
14170
14176
14182
14188
14193
14199
14205
14211
14217
14222
14228
14234
14240
14246
14251
14257
14263
14269
14275
14280
14286
14292
14298
14304
14309
14315
14321
14327
14333
14338
14344
14350
14356
14362
14367
14373
14379
14385
14391
14396
14402
14408
14414
14420
14425
14431
14437
14443
14449
14454
14460
14466
14472
14478
14483
14489
14495
14501
14507
14512
14518
14524
14530
14536
14541
14547
14553
14559
14565
14570
14576
14582
14588
14594
14599
14605
14611
14617
14623
14628
14634
14640
14646
14652
14657
14663
14669
14675
14681
14686
14692
14698
14704
14710
14715
14721
14727
14733
14739
14744
14750
14756
14762
14768
14773
14779
14785
14791
14797
14802
14808
14814
14820
14826
14831
14837
14843
14849
14855
14860
14866
14872
14878
14884
14889
14895
14901
14907
14913
14918
14924
14930
14936
14942
14947
14953
14959
14965
14971
14976
14982
14988
14994
15000
15005
15011
15017
15023
15029
15034
15040
15046
15052
15058
15063
15069
15075
15081
15087
15092
15098
15104
15110
15116
15121
15127
15133
15139
15145
15150
15156
15162
15168
15174
15179
15185
15191
15197
15203
15208
15214
15220
15226
15232
15237
15243
15249
15255
15261
15266
15272
15278
15284
15290
15295
15301
15307
15313
15319
15324
15330
15336
15342
15348
15353
15359
15365
15371
15377
15382
15388
15394
15400
15406
15411
15417
15423
15429
15435
15440
15446
15452
15458
15464
15469
15475
15481
15487
15493
15498
15504
15510
15516
15522
15527
15533
15539
15545
15551
15556
15562
15568
15574
15580
15585
15591
15597
15603
15609
15614
15620
15626
15632
15638
15643
15649
15655
15661
15667
15672
15678
15684
15690
15696
15701
15707
15713
15719
15725
15730
15736
15742
15748
15754
15759
15765
15771
15777
15783
15788
15794
15800
15806
15812
15817
15823
15829
15835
15841
15846
15852
15858
15864
15870
15875
15881
15887
15893
15899
15904
15910
15916
15922
15928
15933
15939
15945
15951
15957
15962
15968
15974
15980
15986
15991
15997
16003
16009
16015
16020
16026
16032
16038
16044
16049
16055
16061
16067
16073
16078
16084
16090
16096
16102
16107
16113
16119
16125
16131
16136
16142
16148
16154
16160
16165
16171
16177
16183
16189
16194
16200
16206
16212
16218
16223
16229
16235
16241
16247
16252
16258
16264
16270
16276
16281
16287
16293
16299
16305
16310
16316
16322
16328
16334
16339
16345
16351
16357
16363
16368
16374
16380
16386
16392
16397
16403
16409
16415
16421
16426
16432
16438
16444
16450
16455
16461
16467
16473
16479
16484
16490
16496
16502
16508
16513
16519
16525
16531
16537
16542
16548
16554
16560
16566
16571
16577
16583
16589
16595
16600
16606
16612
16618
16624
16629
16635
16641
16647
16653
16658
16664
16670
16676
16682
16687
16693
16699
16705
16711
16716
16722
16728
16734
16740
16745
16751
16757
16763
16769
16774
16780
16786
16792
16798
16803
16809
16815
16821
16827
16832
16838
16844
16850
16856
16861
16867
16873
16879
16885
16890
16896
16902
16908
16914
16919
16925
16931
16937
16943
16948
16954
16960
16966
16972
16977
16983
16989
16995
17001
17006
17012
17018
17024
17030
17035
17041
17047
17053
17059
17064
17070
17076
17082
17088
17093
17099
17105
17111
17117
17122
17128
17134
17140
17146
17151
17157
17163
17169
17175
17180
17186
17192
17198
17204
17209
17215
17221
17227
17233
17238
17244
17250
17256
17262
17267
17273
17279
17285
17291
17296
17302
17308
17314
17320
17325
17331
17337
17343
17349
17354
17360
17366
17372
17378
17383
17389
17395
17401
17407
17412
17418
17424
17430
17436
17441
17447
17453
17459
17465
17470
17476
17482
17488
17494
17499
17505
17511
17517
17523
17528
17534
17540
17546
17552
17557
17563
17569
17575
17581
17586
17592
17598
17604
17610
17615
17621
17627
17633
17639
17644
17650
17656
17662
17668
17673
17679
17685
17691
17697
17702
17708
17714
17720
17726
17731
17737
17743
17749
17755
17760
17766
17772
17778
17784
17789
17795
17801
17807
17813
17818
17824
17830
17836
17842
17847
17853
17859
17865
17871
17876
17882
17888
17894
17900
17905
17911
17917
17923
17929
17934
17940
17946
17952
17958
17963
17969
17975
17981
17987
17992
17998
18004
18010
18016
18021
18027
18033
18038
18044
18049
18055
18061
18067
18073
18078
18084
18090
18096
18102
18107
18113
18119
18125
18131
18136
18142
18148
18154
18160
18165
18171
18177
18183
18189
18194
18200
18206
18212
18218
18223
18229
18235
18241
18247
18252
18258
18264
18270
18276
18281
18287
18293
18299
18305
18310
18316
18322
18328
18334
18339
18345
18351
18357
18363
18368
18374
18380
18386
18392
18397
18403
18409
18415
18421
18426
18432
18438
18444
18450
18455
18461
18467
18473
18479
18484
18490
18496
18502
18508
18513
18519
18525
18531
18537
18542
18548
18554
18560
18566
18571
18577
18583
18589
18595
18600
18606
18612
18618
18624
18629
18635
18641
18647
18653
18658
18664
18670
18676
18682
18687
18693
18699
18705
18711
18716
18722
18728
18734
18740
18745
18751
18757
18763
18769
18774
18780
18786
18792
18798
18803
18809
18815
18821
18827
18832
18838
18844
18850
18856
18861
18867
18873
18879
18885
18890
18896
18902
18908
18914
18919
18925
18931
18937
18943
18948
18954
18960
18966
18972
18977
18983
18989
18995
19001
19006
19012
19018
19024
19030
19035
19041
19047
19053
19059
19064
19070
19076
19082
19088
19093
19099
19105
19111
19117
19122
19128
19134
19140
19146
19151
19157
19163
19169
19175
19180
19186
19192
19198
19204
19209
19215
19221
19227
19233
19238
19244
19250
19256
19262
19267
19273
19279
19285
19291
19296
19302
19308
19314
19320
19325
19331
19337
19343
19349
19354
19360
19366
19372
19378
19383
19389
19395
19401
19407
19412
19418
19424
19430
19436
19441
19447
19453
19459
19465
19470
19476
19482
19488
19494
19499
19505
19511
19517
19523
19528
19534
19540
19546
19552
19557
19563
19569
19575
19581
19586
19592
19598
19604
19610
19615
19621
19627
19633
19639
19644
19650
19656
19662
19668
19673
19679
19685
19691
19697
19702
19708
19714
19720
19726
19731
19737
19743
19749
19755
19760
19766
19772
19778
19784
19789
19795
19801
19807
19813
19818
19824
19830
19836
19842
19847
19853
19859
19865
19871
19876
19882
19888
19894
19900
19905
19911
19917
19923
19929
19934
19940
19946
19952
19958
19963
19969
19975
19981
19987
19992
19998
20004
20010
20016
20021
20027
20033
20039
20045
20050
20056
20062
20068
20074
20079
20085
20091
20097
20103
20108
20114
20120
20126
20132
20137
20143
20149
20155
20161
20166
20172
20178
20184
20190
20195
20201
20207
20213
20219
20224
20230
20236
20242
20248
20253
20259
20265
20271
20277
20282
20288
20294
20300
20306
20311
20317
20323
20329
20335
20340
20346
20352
20358
20364
20369
20375
20381
20387
20393
20398
20404
20410
20416
20422
20427
20433
20439
20445
20451
20456
20462
20468
20474
20480
20485
20491
20497
20503
20509
20514
20520
20526
20532
20538
20543
20549
20555
20561
20567
20572
20578
20584
20590
20596
20601
20607
20613
20619
20625
20630
20636
20642
20648
20654
20659
20665
20671
20677
20683
20688
20694
20700
20706
20712
20717
20723
20729
20735
20741
20746
20752
20758
20764
20770
20775
20781
20787
20793
20799
20804
20810
20816
20822
20828
20833
20839
20845
20851
20857
20862
20868
20874
20880
20886
20891
20897
20903
20909
20915
20920
20926
20932
20938
20944
20949
20955
20961
20967
20973
20978
20984
20990
20996
21002
21007
21013
21019
21025
21031
21036
21042
21048
21054
21060
21065
21071
21077
21083
21089
21094
21100
21106
21112
21118
21123
21129
21135
21141
21147
21152
21158
21164
21170
21176
21181
21187
21193
21199
21205
21210
21216
21222
21228
21234
21239
21245
21251
21257
21263
21268
21274
21280
21286
21292
21297
21303
21309
21315
21321
21326
21332
21338
21344
21350
21355
21361
21367
21373
21379
21384
21390
21396
21402
21408
21413
21419
21425
21431
21437
21442
21448
21454
21460
21466
21471
21477
21483
21489
21495
21500
21506
21512
21518
21524
21529
21535
21541
21547
21553
21558
21564
21570
21576
21582
21587
21593
21599
21605
21611
21616
21622
21628
21634
21640
21645
21651
21657
21663
21669
21674
21680
21686
21692
21698
21703
21709
21715
21721
21727
21732
21738
21744
21750
21756
21761
21767
21773
21779
21785
21790
21796
21802
21808
21814
21819
21825
21831
21837
21843
21848
21854
21860
21866
21872
21877
21883
21889
21895
21901
21906
21912
21918
21924
21930
21935
21941
21947
21953
21959
21964
21970
21976
21982
21988
21993
21999
22005
22011
22017
22022
22028
22034
22040
22046
22051
22057
22063
22069
22075
22080
22086
22092
22098
22104
22109
22115
22121
22127
22133
22138
22144
22150
22156
22162
22167
22173
22179
22185
22191
22196
22202
22208
22214
22220
22225
22231
22237
22243
22249
22254
22260
22266
22272
22278
22283
22289
22295
22301
22307
22312
22318
22324
22330
22336
22341
22347
22353
22359
22365
22370
22376
22382
22388
22394
22399
22405
22411
22417
22423
22428
22434
22440
22446
22452
22457
22463
22469
22475
22481
22486
22492
22498
22504
22510
22515
22521
22527
22533
22539
22544
22550
22556
22562
22568
22573
22579
22585
22591
22597
22602
22608
22614
22620
22626
22631
22637
22643
22649
22655
22660
22666
22672
22678
22684
22689
22695
22701
22707
22713
22718
22724
22730
22736
22742
22747
22753
22759
22765
22771
22776
22782
22788
22794
22800
22805
22811
22817
22823
22829
22834
22840
22846
22852
22858
22863
22869
22875
22881
22887
22892
22898
22904
22910
22916
22921
22927
22933
22939
22945
22950
22956
22962
22968
22974
22979
22985
22991
22997
23003
23008
23014
23020
23026
23032
23037
23043
23049
23055
23061
23066
23072
23078
23084
23090
23095
23101
23107
23113
23119
23124
23130
23136
23142
23148
23153
23159
23165
23171
23177
23182
23188
23194
23200
23311
23311
23311
23311
23311
23311
23311
23311
23311
23311
23311
23311
23311
23311
23311
23311
23311
23311
23316
23322
23327
23333
23339
23345
23351
23356
23362
23368
23374
23380
23385
23391
23397
23403
23409
23414
23420
23426
23432
23438
23443
23449
23455
23461
23467
23472
23478
23484
23490
23496
23501
23507
23513
23519
23525
23530
23536
23542
23548
23554
23559
23565
23571
23577
23583
23588
23594
23600
23606
23612
23617
23623
23629
23635
23641
23646
23652
23658
23664
23670
23675
23681
23687
23693
23699
23704
23710
23716
23722
23728
23733
23739
23745
23751
23757
23762
23768
23774
23780
23786
23791
23797
23803
23809
23815
23820
23826
23832
23838
23844
23849
23855
23861
23867
23873
23878
23884
23890
23896
23902
23907
23913
23919
23925
23931
23936
23942
23948
23954
23960
23965
23971
23977
23983
23989
23994
24000
24006
24012
24018
24023
24029
24035
24041
24047
24052
24058
24064
24070
24076
24081
24087
24093
24099
24105
24110
24116
24122
24128
24134
24139
24145
24151
24157
24163
24168
24174
24180
24186
24192
24197
24203
24209
24215
24221
24226
24232
24238
24244
24250
24255
24261
24267
24273
24279
24284
24290
24296
24302
24308
24313
24319
24325
24331
24337
24342
24348
24354
24360
24366
24371
24377
24383
24389
24395
24400
24406
24412
24418
24424
24429
24435
24441
24447
24453
24458
24464
24470
24476
24482
24487
24493
24499
24505
24511
24516
24522
24528
24534
24540
24545
24551
24557
24563
24569
24574
24580
24586
24592
24598
24603
24609
24615
24621
24627
24632
24638
24644
24650
24656
24661
24667
24673
24679
24685
24690
24696
24702
24708
24714
24719
24725
24731
24737
24743
24748
24754
24760
24766
24772
24777
24783
24789
24795
24801
24806
24812
24818
24824
24830
24835
24841
24847
24853
24859
24864
24870
24876
24882
24888
24893
24899
24905
24911
24917
24922
24928
24934
24940
24946
24951
24957
24963
24969
24975
24980
24986
24992
24998
25004
25009
25015
25021
25027
25033
25038
25044
25050
25056
25062
25067
25073
25079
25085
25091
25096
25102
25108
25114
25120
25125
25131
25137
25143
25149
25154
25160
25166
25172
25178
25183
25189
25195
25201
25207
25212
25218
25224
25230
25236
25241
25247
25253
25259
25265
25270
25276
25282
25288
25294
25299
25305
25311
25317
25323
25328
25334
25340
25346
25352
25357
25363
25369
25375
25381
25386
25392
25398
25404
25410
25415
25421
25427
25433
25439
25444
25450
25456
25462
25468
25473
25479
25485
25491
25497
25502
25508
25514
25520
25526
25531
25537
25543
25549
25555
25560
25566
25572
25578
25584
25589
25595
25601
25607
25718
25718
25718
25718
25718
25718
25718
25718
25718
25718
25718
25718
25718
25718
25718
25718
25718
25718
25723
25729
25734
25740
25746
25752
25758
25763
25769
25775
25781
25787
25792
25798
25804
25810
25816
25821
25827
25833
25839
25845
25850
25856
25862
25868
25874
25879
25885
25891
25897
25903
25908
25914
26026
26026
26026
26026
26026
26026
26026
26026
26026
26026
26126
26126
26126
26126
26126
26126
26126
26126
26126
26126
26126
26126
26126
26126
26126
26126
26126
26126
26126
26126
26126
26126
26126
26126
26129
26135
26140
26146
26152
26158
26164
26169
26175
26181
26187
26193
26198
26204
26210
26216
26222
26227
26233
26239
26245
26251
26256
26368
26368
26368
26368
26368
26368
26368
26368
26368
26368
26368
26368
26368
26368
26368
26368
26368
26368
26372
26378
26384
26390
26501
26501
26501
26501
26501
26501
26501
26601
26601
26601
26601
26601
26601
26601
26601
26601
26601
26601
26601
26601
26601
26601
26601
26601
26601
26601
26601
26601
26601
26601
26601
26601
26601
26601
26604
26610
26616
26622
26733
26733
26733
26733
26733
26733
26733
26733
26733
26733
26733
26733
26733
26733
26733
26733
26733
26733
26738
26744
26749
26755
26761
26767
26773
26778
26784
26790
26796
26802
26807
26813
26819
26825
26831
26836
26842
26848
26854
26860
26865
26871
26877
26883
26889
26894
26900
26906
26912
26918
26923
26929
26935
26941
26947
26952
26958
26964
27054
27054
27060
27063
27066
27068
27072
27074
27080
27086
27092
27097
27103
27109
27115
27121
27126
27132
27138
27144
27150
27155
27161
27167
27173
27179
27184
27190
27196
27202
27208
27213
27219
27225
27231
27237
27242
27248
27254
27260
27266
27271
27277
27283
27289
27295
27300
27412
27412
27412
27412
27412
27412
27412
27412
27412
27412
27412
27412
27412
27412
27412
27412
27412
27412
27416
27422
27428
27434
27440
27445
27451
27457
27463
27469
27474
27480
27486
27492
27498
27503
27509
27515
27521
27527
27532
27538
27544
27550
27556
27561
27567
27573
27579
27585
27590
27596
27602
27608
27614
27619
27625
27631
27637
27643
27648
27654
27660
27666
27672
27677
27683
27689
27695
27701
27706
27712
27718
27724
27730
27735
27741
27747
27753
27759
27764
27770
27776
27782
27788
27793
27799
27805
27811
27817
27822
27828
27834
27840
27846
27851
27857
27863
27869
27875
27880
27886
27892
27898
27904
27909
27915
27921
27927
27933
27938
27944
27950
27956
27962
27967
27973
27979
27985
27991
27996
28002
28008
28014
28020
28025
28031
28037
28043
28049
28054
28060
28066
28072
28078
28083
28089
28095
28101
28107
28112
28118
28124
28236
28236
28236
28236
28236
28236
28236
28236
28236
28236
28236
28236
28236
28236
28236
28236
28236
28236
28240
28246
28252
28257
28263
28269
28275
28281
28286
28292
28298
28304
28310
28315
28321
28327
28333
28339
28344
28350
28356
28362
28368
28373
28379
28385
28391
28397
28402
28408
28414
28420
28426
28431
28437
28443
28449
28455
28460
28466
28472
28478
28484
28489
28495
28501
28507
28618
28618
28618
28618
28618
28618
28718
28718
28718
28718
28718
28718
28718
28718
28718
28718
28718
28718
28718
28718
28718
28718
28718
28718
28718
28718
28718
28718
28718
28718
28718
28718
28718
28721
28727
28733
28739
28745
28750
28756
28762
28768
28774
28779
28785
28791
28797
28803
28808
28814
28820
28826
28832
28837
28843
28849
28855
28861
28866
28872
28878
28884
28890
28895
29007
29007
29007
29007
29007
29007
29007
29007
29007
29007
29007
29007
29007
29007
29007
29007
29007
29007
29011
29017
29023
29029
29035
29040
29046
29052
29058
29064
29069
29075
29081
29087
29093
29098
29104
29110
29116
29122
29127
29133
29139
29145
29151
29156
29162
29168
29174
29180
29185
29191
29197
29203
29209
29214
29220
29226
29232
29238
29243
29249
29255
29261
29267
29272
29278
29284
29290
29296
29301
29307
29313
29319
29325
29330
29336
29342
29348
29354
29359
29365
29371
29377
29383
29388
29394
29400
29406
29412
29417
29423
29429
29435
29441
29446
29452
29458
29464
29470
29475
29481
29593
29593
29593
29593
29593
29593
29593
29593
29593
29593
29593
29593
29593
29593
29593
29593
29593
29593
29597
29603
29609
29615
29620
29626
29632
29638
29644
29649
29655
29661
29667
29673
29678
29684
29690
29696
29702
29707
29819
29819
29819
29819
29819
29819
29819
29819
29819
29819
29819
29819
29819
29819
29819
29819
29819
29819
29823
29829
29835
29841
29847
29852
29858
29864
29870
29876
29881
29887
29893
29899
29905
29910
29916
29922
29928
29934
29939
29945
29951
29957
29963
29968
29974
29980
29986
29992
29997
30003
30009
30015
30021
30026
30032
30038
30044
30050
30055
30061
30067
30073
30079
30084
30090
30096
30102
30108
30113
30119
30125
30131
30137
30142
30148
30154
30160
30166
30171
30177
30183
30189
30195
30200
30206
30212
30218
30224
30229
30235
30241
30247
30253
30258
30264
30270
30276
30282
30287
30293
30299
30305
30311
30316
30322
30328
30334
30340
30345
30351
30357
30363
30369
30374
30380
30386
30392
30398
30403
30409
30415
30421
30427
30432
30438
30444
30450
30456
30461
30467
30473
30479
30485
30490
30496
30502
30508
30514
30519
30525
30531
30537
30543
30548
30554
30560
30566
30572
30577
30583
30589
30595
30601
30606
30612
30618
30624
30630
30635
30641
30647
30653
30659
30664
30670
30676
30682
30688
30693
30699
30705
30711
30717
30722
30728
30734
30740
30746
30751
30757
30763
30769
30775
30780
30786
30792
30798
30804
30809
30815
30821
30827
30833
30838
30844
30850
30856
30862
30867
30873
30879
30885
30891
30896
30902
30908
30914
30920
30925
30931
30937
30943
30949
30954
30960
30966
30972
30978
30983
30989
30995
31001
31007
31012
31018
31024
31030
31036
31041
31047
31053
31059
31065
31070
31076
31082
31088
31094
31099
31105
31111
31117
31123
31128
31134
31140
31146
31152
31157
31163
31169
31175
31181
31186
31192
31198
31204
31210
31215
31221
31227
31233
31239
31244
31250
31256
31262
31268
31273
31279
31285
31291
31297
31302
31308
31314
31320
31326
31331
31337
31343
31349
31355
31360
31366
31372
31378
31384
31389
31395
31401
31407
31413
31418
31424
31430
31436
31547
31547
31547
31547
31547
31547
31547
31547
31547
31547
31547
31547
31547
31547
31547
31547
31547
31547
31552
31558
31563
31569
31575
31581
31587
31592
31598
31604
31610
31616
31621
31627
31633
31639
31645
31650
31656
31662
31668
31674
31679
31685
31691
31697
31703
31708
31714
31720
31726
31732
31737
31743
31749
31755
31761
31766
31772
31778
31784
31790
31795
31801
31807
31813
31819
31824
31830
31836
31842
31848
31853
31859
31865
31871
31877
31882
31888
31894
31900
31906
31911
31917
31923
31929
31935
31940
31946
31952
31958
31964
31969
31975
31981
31987
31993
31998
32004
32010
32016
32022
32027
32033
32039
32045
32051
32056
32062
32068
32074
32080
32085
32091
32097
32103
32109
32114
32120
32126
32132
32138
32143
32149
32155
32161
32167
32172
32178
32184
32190
32196
32201
32207
32213
32219
32225
32230
32236
32242
32248
32254
32259
32265
32271
32277
32283
32288
32294
32300
32306
32312
32317
32323
32329
32441
32441
32441
32441
32441
32441
32441
32441
32441
32441
32441
32441
32441
32441
32441
32441
32441
32441
32445
32451
32457
32462
32468
32474
32480
32486
32491
32497
32503
32509
32515
32520
32526
32532
32538
32544
32549
32555
32561
32567
32573
32578
32584
32590
32596
32602
32607
32613
32619
32625
32631
32636
32642
32648
32654
32660
32665
32671
32677
32683
32689
32694
32700
32706
32712
32718
32723
32729
32735
32741
32747
32752
32758
32764
32770
32776
32781
32787
32793
32799
32805
32810
32816
32822
32828
32834
32839
32845
32851
32857
32863
32868
32874
32880
32886
32892
32897
32903
32909
32915
32921
32926
32932
32938
32944
32950
32955
32961
32967
32973
32979
32984
32990
32996
33002
33008
33013
33019
33025
33031
33037
33042
33048
33054
33060
33066
33071
33077
33083
33089
33095
33100
33106
33112
33118
33124
33129
33135
33141
33147
33153
33158
33164
33170
33176
33182
33187
33193
33199
33205
33211
33216
33222
33228
33234
33240
33245
33251
33257
33263
33269
33274
33280
33286
33292
33298
33303
33309
33315
33321
33327
33332
33338
33344
33350
33356
33361
33367
33373
33379
33385
33390
33396
33402
33408
33414
33419
33425
33431
33437
33443
33448
33454
33460
33466
33472
33477
33483
33489
33495
33501
33506
33512
33518
33524
33530
33535
33541
33547
33553
33559
33564
33570
33576
33582
33588
33593
33599
33605
33611
33617
33622
33628
33634
33640
33646
33651
33657
33663
33669
33675
33680
33686
33692
33698
33704
33709
33715
33721
33727
33733
33738
33744
33750
33756
33762
33767
33773
33779
33785
33791
33796
33802
33808
33814
33820
33825
33831
33837
33843
33849
33854
33860
33866
33872
33878
33883
33889
33895
33901
33907
33912
33918
33924
33930
33936
33941
33947
33953
33959
33965
33970
33976
33982
33988
33994
33999
34005
34011
34017
34023
34028
34034
34040
34046
34052
34057
34063
34069
34075
34081
34086
34092
34098
34104
34110
34115
34121
34127
34133
34139
34144
34150
34156
34162
34168
34173
34179
34185
34191
34197
34202
34208
34214
34220
34226
34231
34237
34243
34249
34255
34260
34266
34272
34278
34284
34289
34295
34301
34307
34313
34318
34324
34330
34336
34342
34347
34353
34359
34365
34371
34376
34382
34388
34394
34400
34405
34411
34417
34423
34429
34434
34440
34446
34452
34458
34463
34469
34475
34481
34487
34492
34498
34504
34510
34516
34521
34527
34533
34539
34545
34550
34556
34562
34568
34574
34579
34585
34591
34597
34603
34608
34614
34620
34626
34632
34637
34643
34649
34655
34661
34666
34672
34678
34684
34690
34695
34701
34707
34713
34719
34724
34730
34736
34742
34748
34753
34759
34765
34771
34777
34782
34788
34794
34800
34806
34811
34817
34823
34829
34835
34840
34846
34852
34858
34864
34869
34875
34881
34887
34893
34898
34904
34910
34916
34922
34927
34933
34939
34945
34951
34956
34962
34968
34974
34980
34985
34991
34997
35003
35009
35014
35020
35026
35032
35038
35043
35049
35055
35061
35067
35072
35078
35084
35090
35096
35101
35107
35113
35119
35125
35130
35136
35142
35148
35154
35159
35165
35171
35177
35183
35188
35194
35200
35206
35212
35217
35223
35229
35235
35241
35246
35252
35258
35264
35270
35275
35281
35287
35293
35299
35304
35310
35316
35322
35328
35333
35339
35345
35351
35357
35362
35368
35374
35380
35386
35391
35397
35403
35409
35415
35420
35426
35432
35438
35444
35449
35455
35461
35467
35473
35478
35484
35490
35496
35502
35507
35513
35519
35525
35531
35536
35542
35548
35554
35560
35565
35571
35577
35583
35589
35594
35600
35606
35612
35618
35623
35629
35635
35641
35647
35652
35658
35664
35670
35676
35681
35687
35693
35699
35705
35710
35716
35722
35728
35734
35739
35745
35751
35757
35763
35768
35774
35780
35786
35792
35797
35803
35809
35815
35821
35826
35832
35838
35844
35850
35855
35861
35867
35873
35879
35884
35890
35896
35902
35908
35913
35919
35925
35931
35937
35942
35948
35954
35960
35966
35971
35977
35983
35989
35995
36000
36006
36012
36018
36024
36029
36035
36041
36047
36053
36058
36064
36070
36076
36082
36087
36093
36099
36105
36111
36116
36122
36128
36134
36140
36145
36151
36157
36163
36169
36174
36180
36186
36192
36198
36203
36209
36215
36221
36227
36232
36238
36244
36250
36256
36261
36267
36273
36279
36285
36290
36296
36302
36308
36314
36319
36325
36331
36337
36343
36348
36354
36360
36366
36372
36377
36383
36389
36395
36401
36406
36412
36418
36424
36430
36435
36441
36447
36453
36459
36464
36470
36476
36482
36488
36493
36499
36505
36511
36517
36522
36528
36534
36540
36546
36551
36557
36563
36569
36575
36580
36586
36592
36598
36604
36609
36615
36621
36627
36633
36638
36644
36650
36656
36662
36667
36673
36679
36685
36691
36696
36702
36708
36714
36720
36725
36731
36737
36743
36749
36754
36760
36766
36772
36778
36783
36789
36795
36801
36807
36812
36818
36824
36830
36836
36841
36847
36853
36859
36865
36870
36876
36882
36888
36894
36899
36905
36911
36917
36923
36928
36934
36940
36946
36952
36957
36963
36969
36975
36981
36986
36992
36998
37004
37010
37015
37021
37027
37033
37039
37044
37050
37056
37062
37068
37073
37079
37085
37091
37097
37102
37108
37114
37120
37126
37131
37137
37143
37149
37155
37160
37166
37172
37178
37184
37189
37195
37201
37207
37213
37218
37224
37230
37236
37242
37247
37253
37259
37265
37271
37276
37282
37288
37294
37300
37305
37311
37317
37323
37329
37334
37340
37346
37352
37358
37363
37369
37375
37381
37387
37392
37398
37404
37410
37416
37421
37427
37433
37439
37445
37450
37456
37462
37468
37474
37479
37485
37491
37497
37503
37508
37514
37520
37526
37532
37537
37543
37549
37555
37561
37566
37572
37578
37584
37695
37695
37695
37695
37695
37695
37695
37695
37695
37695
37695
37695
37695
37695
37695
37695
37695
37695
37700
37706
37711
37717
37723
37729
37735
37740
37746
37752
37758
37764
37769
37775
37781
37787
37793
37798
37804
37810
37816
37822
37827
37833
37839
37845
37851
37856
37862
37868
37874
37880
37885
37891
37897
37903
37909
37914
37920
37926
37932
37938
37943
37949
37955
37961
37967
37972
37978
37984
37990
37996
38001
38007
38013
38019
38025
38030
38036
38042
38048
38054
38059
38065
38071
38077
38083
38088
38094
38100
38106
38112
38117
38123
38129
38135
38141
38146
38153
38159
38165
38171
38176
38182
38188
38194
38200
38205
38211
38217
38223
38229
38234
38240
38246
38252
38258
38263
38269
38275
38281
38287
38292
38298
38304
38310
38316
38321
38327
38333
38339
38345
38350
38356
38362
38368
38374
38379
38385
38391
38397
38403
38408
38414
38420
38426
38432
38437
38443
38449
38455
38461
38466
38472
38478
38484
38490
38495
38501
38507
38513
38519
38524
38530
38536
38542
38548
38553
38559
38565
38571
38577
38582
38588
38594
38600
38606
38611
38617
38623
38629
38635
38640
38646
38652
38658
38664
38669
38675
38681
38687
38693
38698
38704
38710
38716
38722
38727
38733
38739
38745
38751
38756
38762
38768
38774
38780
38785
38791
38797
38803
38809
38814
38820
38826
38832
38838
38843
38849
38855
38861
38867
38872
38878
38884
38890
38896
38901
38907
38913
38919
38925
38930
38936
38942
38948
38954
38959
38965
38971
38977
38983
38988
38994
39000
39006
39012
39017
39023
39029
39035
39041
39046
39052
39058
39064
39070
39075
39081
39087
39093
39099
39104
39110
39116
39122
39128
39133
39139
39145
39151
39157
39162
39168
39174
39180
39186
39191
39197
39203
39209
39215
39220
39226
39232
39238
39244
39249
39255
39261
39267
39273
39278
39284
39290
39296
39302
39307
39313
39319
39325
39331
39336
39342
39348
39354
39360
39365
39371
39377
39383
39389
39394
39400
39406
39412
39418
39423
39429
39435
39441
39447
39452
39458
39464
39470
39476
39481
39487
39493
39499
39505
39510
39516
39522
39528
39534
39539
39545
39551
39557
39563
39568
39574
39580
39586
39592
39597
39603
39609
39615
39621
39626
39632
39638
39644
39650
39655
39661
39667
39673
39679
39684
39690
39696
39702
39708
39713
39719
39725
39731
39737
39742
39748
39754
39760
39766
39771
39777
39783
39789
39795
39800
39806
39812
39818
39824
39829
39835
39841
39847
39853
39858
39864
39870
39876
39882
39887
39893
39899
39905
39911
39916
39922
39928
39934
39940
39945
39951
39957
39963
39969
39974
39980
39986
39992
39998
40003
40009
40015
40021
40027
40032
40038
40044
40050
40056
40061
40067
40073
40079
40085
40090
40202
40202
40202
40202
40202
40202
40202
40202
40202
40202
40202
40202
40202
40202
40202
40202
40202
40202
40206
40212
40218
40224
40230
40235
40241
40247
40253
40259
40264
40270
40276
40282
40288
40293
40299
40305
40311
40317
40322
40328
40334
40340
40346
40351
40357
40363
40369
40375
40380
40386
40392
40398
40404
40409
40415
40421
40427
40433
40438
40444
40450
40456
40462
40467
40473
40479
40485
40491
40496
40502
40508
40514
40520
40525
40531
40537
40543
40549
40554
40560
40566
40572
40578
40583
40589
40595
40601
40607
40612
40618
40624
40630
40636
40641
40647
40653
40659
40665
40670
40676
40682
40688
40694
40699
40705
40711
40717
40723
40728
40734
40740
40746
40752
40757
40763
40769
40775
40781
40786
40792
40798
40804
40810
40815
40821
40827
40833
40839
40844
40850
40856
40862
40868
40873
40879
40885
40891
40897
40902
40908
40914
40920
40926
40931
40937
40943
40949
40955
40960
40966
40972
40978
40984
40989
40995
41001
41007
41013
41018
41024
41030
41036
41042
41047
41053
41059
41065
41071
41076
41082
41088
41094
41100
41105
41111
41117
41123
41129
41134
41140
41146
41152
41158
41163
41169
41175
41181
41187
41192
41198
41204
41210
41216
41221
41227
41233
41239
41245
41250
41256
41262
41268
41274
41279
41285
41291
41297
41303
41308
41314
41320
41326
41332
41337
41343
41349
41355
41361
41366
41372
41378
41384
41390
41395
41401
41407
41413
41419
41424
41430
41436
41442
41448
41453
41459
41465
41471
41477
41482
41488
41494
41500
41506
41511
41517
41523
41529
41535
41540
41546
41552
41558
41564
41569
41575
41581
41587
41593
41598
41604
41610
41616
41622
41627
41633
41639
41645
41651
41656
41662
41668
41674
41680
41685
41691
41697
41703
41709
41714
41720
41726
41732
41738
41743
41749
41755
41761
41767
41772
41778
41784
41790
41796
41801
41807
41813
41819
41825
41830
41836
41948
41948
41948
41948
41948
41948
41948
41948
41948
41948
41948
41948
41948
41948
41948
41948
41948
41948
41952
41958
41964
41970
41975
41981
41987
41993
41999
42004
42010
42016
42022
42028
42033
42039
42045
42051
42057
42062
42068
42074
42080
42086
42091
42097
42103
42109
42115
42120
42126
42132
42138
42144
42149
42155
42161
42167
42173
42178
42184
42190
42196
42202
42207
42213
42219
42225
42231
42236
42242
42248
42254
42260
42265
42271
42277
42283
42289
42294
42300
42306
42312
42318
42323
42329
42335
42341
42347
42352
42358
42364
42370
42376
42381
42387
42393
42399
42405
42410
42416
42422
42428
42434
42439
42445
42451
42457
42463
42468
42474
42480
42486
42492
42497
42503
42509
42515
42521
42526
42532
42538
42544
42550
42555
42561
42567
42573
42579
42584
42590
42596
42602
42608
42613
42619
42625
42631
42637
42642
42648
42654
42660
42666
42671
42677
42683
42689
42695
42700
42706
42712
42718
42724
42729
42735
42741
42747
42753
42758
42764
42770
42776
42782
42787
42793
42799
42805
42811
42816
42822
42828
42834
42840
42845
42851
42857
42863
42869
42874
42880
42886
42892
42898
42903
42909
42915
42921
42927
42932
42938
42944
42950
42956
42961
42967
43079
43079
43079
43079
43079
43079
43079
43079
43079
43079
43079
43079
43079
43079
43079
43079
43079
43079
43083
43089
43095
43101
43106
43112
43118
43124
43130
43135
43141
43147
43153
43159
43164
43170
43176
43182
43188
43193
43199
43205
43211
43217
43222
43228
43234
43240
43246
43251
43257
43263
43269
43275
43280
43286
43292
43298
43304
43309
43315
43321
43327
43333
43338
43344
43350
43356
43362
43367
43373
43379
43385
43391
43396
43402
43408
43414
43420
43425
43431
43437
43443
43449
43454
43460
43466
43472
43478
43483
43489
43495
43501
43507
43512
43518
43524
43530
43536
43541
43547
43553
43559
43565
43570
43576
43582
43588
43594
43599
43605
43611
43617
43623
43734
43734
43734
43734
43734
43734
43734
43734
43734
43734
43734
43734
43734
43734
43734
43734
43734
43734
43739
43744
43750
43862
43862
43862
43862
43862
43862
43862
43862
43862
43862
43862
43862
43862
43862
43862
43862
43862
43862
43866
43872
43878
43884
43889
43895
43901
43907
43913
43918
43924
43930
43936
43942
43947
43953
43959
43965
43971
43976
43982
43988
43994
44000
44005
44011
44017
44023
44029
44034
44040
44152
44152
44152
44252
44252
44252
44252
44252
44252
44252
44252
44252
44252
44252
44252
44252
44252
44252
44252
44252
44252
44352
44352
44352
44352
44352
44352
44352
44352
44352
44352
44352
44352
44352
44452
44452
44452
44452
44452
44452
44452
44452
44452
44452
44452
44452
44452
44452
44452
44452
44452
44452
44452
44452
44552
44552
44552
44552
44552
44552
44552
44552
44552
44552
44552
44552
44552
44552
44552
44552
44552
44552
44652
44652
44652
44652
44652
44652
44652
44652
44652
44652
44652
44652
44652
44652
44652
44652
44752
44752
44752
44752
44752
44752
44752
44752
44752
44752
44752
44752
44752
44752
44752
44752
44752
44752
44752
44752
44752
44752
44752
44752
44752
44754
44759
44765
44771
44777
44783
44788
44794
44800
44806
44812
44817
44823
44829
44835
44841
44846
44852
44858
44864
44870
44875
44881
44993
44993
44993
44993
44993
44993
44993
44993
44993
44993
44993
44993
44993
44993
44993
44993
44993
44993
44997
45003
45009
45015
45020
45026
45053
45053
45061
45062
45064
45067
45070
45073
45078
45084
45090
45096
45102
45107
45113
45119
45125
45131
45136
45142
45148
45154
45160
45165
45171
45177
45183
45189
45194
45200
45206
45212
45218
45223
45229
45341
45341
45341
45441
45441
45441
45441
45441
45441
45441
45441
45441
45441
45441
45441
45441
45441
45441
45441
45441
45441
45441
45441
45441
45441
45441
45441
45441
45441
45441
45441
45441
45441
45444
45450
45455
45461
45467
45473
45479
45484
45490
45496
45502
45508
45513
45519
45525
45531
45537
45542
45548
45554
45560
45566
45571
45577
45583
45589
45595
45600
45606
45612
45618
45624
45629
45635
45641
45647
45653
45658
45664
45670
45676
45682
45687
45693
45699
45705
45711
45716
45722
45728
45734
45740
45745
45751
45757
45763
45769
45774
45780
45786
45792
45798
45803
45915
45915
45915
45915
45915
45915
45915
45915
45915
45915
45915
45915
45915
45915
45915
45915
45915
45915
45919
45925
45931
45937
45943
45948
45954
45960
45966
45972
45977
45983
45989
45995
46001
46006
46012
46018
46024
46030
46035
46041
46047
46053
46059
46064
46070
46076
46082
46088
46093
46099
46105
46111
46117
46122
46128
46134
46140
46146
46151
46157
46163
46169
46175
46180
46186
46192
46198
46204
46209
46215
46221
46227
46233
46238
46244
46250
46256
46262
46267
46273
46279
46285
46291
46296
46302
46308
46314
46320
46325
46331
46337
46343
46349
46354
46360
46366
46372
46378
46383
46389
46395
46401
46407
46412
46418
46424
46430
46436
46441
46447
46453
46459
46465
46470
46476
46482
46488
46494
46499
46505
46511
46517
46523
46528
46534
46540
46546
46552
46557
46563
46569
46575
46581
46586
46592
46598
46604
46610
46615
46621
46627
46633
46639
46644
46650
46656
46662
46668
46673
46679
46685
46691
46697
46702
46708
46820
46820
46820
46820
46820
46820
46820
46820
46820
46820
46820
46820
46820
46820
46820
46820
46820
46820
46824
46830
46836
46842
46847
46853
46859
46865
46871
46876
46882
46888
46894
46900
46905
46911
46917
46923
46929
46934
46940
46946
46952
46958
46963
46969
46975
46981
46987
46992
46998
47004
47010
47016
47021
47027
47033
47039
47045
47050
47056
47062
47068
47074
47079
47085
47091
47097
47103
47108
47114
47120
47126
47132
47137
47143
47149
47155
47161
47166
47172
47178
47184
47190
47195
47201
47207
47213
47219
47224
47230
47236
47242
47248
47253
47259
47265
47271
47277
47282
47288
47294
47300
47306
47311
47317
47323
47329
47335
47340
47346
47352
47358
47364
47369
47375
47381
47387
47393
47398
47404
47410
47416
47422
47427
47433
47439
47445
47451
47456
47462
47468
47580
47580
47580
47580
47580
47580
47580
47580
47580
47580
47580
47580
47580
47580
47580
47580
47580
47580
47584
47590
47596
47601
47607
47613
47619
47625
47630
47636
47642
47648
47654
47659
47665
47671
47677
47683
47688
47694
47700
47706
47712
47717
47723
47729
47735
47741
47746
47752
47758
47764
47770
47775
47781
47787
47793
47799
47804
47810
47816
47822
47828
47833
47839
47845
47851
47857
47862
47868
47874
47880
47886
47891
47897
47903
47909
47915
47920
47926
47932
47938
47944
47949
47955
47961
47967
47973
47978
47984
47990
47996
48002
48007
48013
48019
48025
48031
48036
48042
48048
48054
48060
48065
48071
48077
48083
48089
48094
48100
48106
48112
48118
48123
48129
48135
48141
48147
48152
48158
48164
48170
48176
48181
48187
48193
48199
48205
48210
48216
48222
48228
48234
48239
48245
48251
48257
48263
48268
48274
48280
48286
48292
48297
48303
48309
48315
48321
48326
48332
48338
48344
48350
48355
48361
48367
48373
48379
48384
48390
48396
48402
48408
48413
48419
48425
48431
48437
48442
48448
48454
48460
48466
48471
48477
48483
48489
48495
48500
48506
48512
48518
48524
48529
48535
48541
48547
48553
48558
48564
48570
48576
48582
48587
48593
48599
48605
48611
48616
48622
48628
48634
48640
48645
48651
48657
48663
48669
48674
48680
48686
48692
48698
48703
48709
48715
48721
48727
48732
48738
48744
48750
48756
48761
48767
48773
48779
48785
48790
48796
48802
48808
48814
48819
48825
48831
48837
48843
48848
48854
48860
48866
48872
48877
48883
48889
48895
48901
48906
48912
48918
48924
48930
48935
48941
48947
48953
48959
48964
48970
48976
48982
48988
48993
48999
49005
49011
49017
49022
49028
49034
49040
49046
49051
49057
49063
49069
49075
49080
49086
49092
49098
49104
49109
49115
49121
49127
49133
49138
49144
49150
49156
49162
49167
49173
49179
49185
49191
49196
49202
49208
49214
49220
49225
49231
49237
49243
49249
49254
49260
49266
49272
49278
49283
49289
49295
49301
49307
49312
49318
49324
49330
49336
49341
49347
49353
49359
49365
49370
49376
49382
49388
49394
49399
49405
49411
49417
49423
49428
49434
49440
49446
49452
49457
49463
49469
49475
49481
49486
49492
49498
49504
49510
49515
49521
49527
49533
49539
49544
49550
49556
49562
49568
49573
49579
49585
49591
49597
49602
49608
49614
49620
49626
49631
49637
49643
49649
49655
49660
49666
49672
49678
49684
49689
49695
49807
49807
49807
49807
49807
49807
49807
49807
49807
49807
49807
49807
49807
49807
49807
49807
49807
49807
49811
49817
49823
49829
49834
49840
49846
49852
49858
49863
49869
49875
49881
49887
49892
49898
49904
49910
49916
49921
49927
49933
49939
49945
49950
49956
49962
49968
49974
49979
49985
49991
49997
50003
50008
50014
50020
50026
50032
50037
50043
50049
50055
50061
50066
50072
50078
50084
50090
50095
50101
50107
50113
50119
50124
50130
50136
50142
50148
50153
50159
50165
50171
50177
50182
50188
50194
50200
50206
50211
50217
50223
50229
50235
50240
50246
50252
50258
50264
50269
50275
50281
50287
50293
50298
50304
50310
50316
50322
50327
50333
50339
50345
50351
50356
50362
50368
50374
50380
50385
50391
50397
50403
50409
50414
50420
50426
50432
50438
50443
50449
50455
50461
50467
50472
50478
50484
50490
50496
50501
50507
50513
50519
50525
50530
50536
50542
50548
50554
50559
50565
50571
50577
50583
50588
50594
50600
50606
50612
50617
50623
50629
50635
50641
50646
50652
50658
50664
50670
50675
50681
50687
50693
50699
50704
50710
50716
50722
50728
50733
50739
50745
50751
50757
50762
50768
50774
50780
50786
50791
50797
50803
50809
50815
50820
50826
50832
50838
50844
50849
50855
50861
50867
50873
50878
50884
50890
50896
50902
50907
50913
50919
50925
50931
50936
50942
50948
50954
50960
50965
50971
50977
50983
50989
50994
51000
51006
51012
51018
51023
51029
51035
51041
51047
51052
51058
51064
51070
51076
51081
51087
51093
51099
51105
51110
51116
51122
51128
51134
51139
51145
51151
51157
51163
51168
51174
51180
51186
51192
51197
51203
51209
51215
51221
51226
51232
51238
51244
51250
51255
51261
51267
51273
51279
51284
51290
51296
51302
51308
51313
51319
51325
51331
51337
51342
51348
51354
51360
51366
51371
51377
51383
51389
51395
51400
51406
51412
51418
51424
51429
51435
51441
51447
51453
51458
51464
51470
51476
51482
51487
51493
51499
51505
51511
51516
51522
51528
51534
51540
51545
51551
51557
51563
51569
51574
51580
51586
51592
51598
51603
51609
51615
51621
51627
51632
51638
51644
51650
51656
51661
51667
51673
51679
51685
51690
51696
51702
51708
51714
51719
51725
51731
51737
51743
51748
51754
51760
51766
51772
51777
51783
51789
51795
51801
51806
51812
51818
51824
51830
51835
51841
51847
51853
51859
51864
51870
51876
51882
51888
51893
51899
51905
51911
51917
51922
51928
51934
51940
51946
51951
51957
51963
51969
51975
51980
51986
51992
51998
52004
52009
52015
52021
52027
52033
52038
52044
52050
52056
52062
52067
52073
52079
52085
52091
52096
52102
52108
52114
52120
52125
52131
52137
52143
52149
52154
52160
52166
52172
52178
52183
52189
52195
52201
52207
52212
52218
52224
52230
52236
52241
52247
52253
52259
52265
52270
52276
52282
52288
52294
52299
52305
52311
52317
52323
52328
52334
52340
52346
52352
52357
52363
52369
52375
52381
52386
52392
52398
52404
52410
52415
52421
52427
52433
52439
52444
52450
52456
52462
52468
52473
52479
52485
52491
52497
52502
52508
52514
52520
52526
52531
52537
52543
52549
52555
52560
52566
52572
52578
52584
52589
52595
52601
52607
52613
52618
52624
52630
52636
52642
52647
52653
52659
52665
52671
52676
52682
52688
52694
52700
52705
52711
52717
52723
52729
52734
52740
52746
52752
52758
52763
52769
52775
52781
52787
52792
52798
52804
52810
52816
52821
52827
52833
52839
52845
52850
52856
52862
52868
52874
52879
52885
52891
52897
52903
52908
52914
52920
52926
52932
52937
52943
52949
52955
52961
52966
52972
52978
52984
52990
52995
53001
53007
53013
53019
53024
53030
53036
53042
53048
53053
53059
53065
53071
53077
53082
53088
53094
53100
53106
53111
53117
53123
53129
53135
53140
53146
53152
53158
53164
53169
53175
53181
53187
53193
53198
53204
53210
53216
53222
53227
53233
53239
53245
53251
53256
53262
53268
53274
53280
53285
53291
53297
53303
53309
53314
53320
53326
53332
53338
53343
53349
53355
53361
53367
53372
53378
53384
53390
53396
53401
53407
53413
53419
53425
53430
53436
53442
53448
53454
53459
53465
53471
53477
53483
53488
53494
53500
53506
53512
53517
53523
53529
53535
53541
53546
53552
53558
53564
53570
53575
53581
53587
53593
53599
53604
53610
53616
53622
53628
53633
53639
53645
53651
53657
53662
53668
53674
53680
53686
53691
53697
53703
53709
53715
53720
53726
53732
53738
53744
53749
53755
53761
53767
53773
53778
53784
53790
53796
53802
53807
53813
53819
53825
53831
53836
53842
53848
53854
53860
53865
53871
53877
53883
53889
53894
53900
53906
53912
53918
53923
53929
53935
53941
53947
53952
53958
53964
53970
53976
53981
53987
53993
53999
54005
54010
54016
54022
54028
54034
54039
54045
54051
54057
54063
54068
54074
54080
54086
54092
54097
54103
54109
54115
54121
54126
54132
54138
54144
54150
54155
54161
54167
54173
54179
54184
54190
54196
54202
54208
54213
54219
54225
54231
54237
54242
54248
54254
54260
54266
54271
54277
54283
54289
54295
54300
54306
54312
54318
54324
54329
54335
54341
54347
54353
54358
54364
54370
54376
54382
54387
54393
54399
54405
54411
54416
54422
54428
54434
54440
54445
54451
54457
54463
54469
54474
54480
54486
54492
54498
54503
54509
54515
54521
54527
54532
54538
54544
54550
54556
54561
54567
54573
54579
54585
54590
54596
54602
54608
54614
54619
54625
54631
54637
54643
54648
54654
54660
54666
54672
54677
54683
54689
54695
54701
54706
54712
54718
54724
54730
54735
54741
54747
54753
54759
54764
54770
54776
54782
54788
54793
54799
54805
54811
54817
54822
54828
54834
54840
54846
54851
54857
54863
54869
54875
54880
54886
54892
54898
54904
54909
54915
54921
54927
54933
54938
54944
54950
54956
54962
54967
54973
54979
54985
54991
54996
55002
55008
55014
55020
55025
55031
55037
55043
55049
55054
55060
55066
55072
55078
55083
55089
55095
55101
55107
55112
55118
55124
55130
55136
55141
55147
55153
55159
55165
55170
55176
55182
55188
55194
55199
55205
55211
55217
55223
55228
55234
55240
55246
55252
55257
55263
55269
55275
55281
55286
55292
55298
55304
55310
55315
55321
55327
55333
55339
55344
55350
55356
55362
55368
55373
55379
55385
55391
55397
55402
55408
55414
55420
55426
55431
55437
55443
55449
55455
55460
55466
55472
55478
55484
55489
55495
55501
55507
55513
55518
55524
55530
55536
55542
55547
55553
55559
55565
55571
55576
55582
55588
55594
55600
55605
55611
55617
55623
55629
55634
55640
55646
55652
55658
55663
55669
55675
55681
55687
55692
55698
55704
55710
55716
55721
55727
55733
55739
55745
55750
55756
55762
55768
55774
55779
55785
55791
55797
55803
55808
55814
55820
55826
55832
55837
55843
55849
55855
55861
55866
55872
55878
55884
55890
55895
55901
55907
55913
55919
55924
55930
55936
55942
55948
55953
55959
55965
55971
55977
55982
55988
55994
56000
56006
56011
56017
56023
56029
56035
56040
56046
56052
56058
56064
56069
56075
56081
56087
56093
56098
56104
56110
56116
56122
56127
56133
56139
56145
56151
56156
56162
56168
56174
56180
56185
56191
56197
56203
56209
56214
56220
56226
56232
56238
56243
56249
56255
56261
56267
56272
56278
56284
56290
56296
56301
56307
56313
56319
56325
56330
56336
56342
56348
56354
56359
56365
56371
56377
56383
56388
56394
56400
56406
56412
56417
56423
56429
56435
56441
56446
56452
56458
56464
56470
56475
56481
56487
56493
56499
56504
56510
56516
56522
56528
56533
56539
56545
56551
56557
56562
56568
56574
56580
56586
56591
56597
56603
56609
56615
56620
56626
56632
56638
56644
56649
56655
56661
56667
56673
56678
56684
56690
56696
56702
56707
56713
56719
56725
56731
56736
56742
56748
56754
56760
56765
56771
56777
56783
56789
56794
56800
56806
56812
56818
56823
56829
56835
56841
56847
56852
56858
56864
56870
56876
56881
56887
56893
56899
56905
56910
56916
56922
56928
56934
56939
56945
56951
56957
56963
56968
56974
56980
56986
56992
56997
57003
57009
57015
57021
57026
57032
57038
57044
57050
57055
57061
57067
57073
57079
57084
57090
57096
57102
57108
57113
57119
57125
57131
57137
57142
57148
57154
57160
57166
57171
57177
57183
57189
57195
57200
57206
57212
57218
57224
57229
57235
57241
57247
57253
57258
57264
57270
57276
57282
57287
57293
57299
57305
57311
57316
57322
57328
57334
57340
57345
57351
57357
57363
57369
57374
57380
57386
57392
57398
57403
57409
57415
57421
57427
57432
57438
57444
57450
57456
57461
57467
57473
57479
57485
57490
57496
57502
57508
57514
57519
57525
57531
57537
57543
57548
57554
57560
57566
57572
57577
57583
57589
57595
57601
57606
57612
57618
57624
57630
57635
57641
57647
57653
57659
57664
57670
57676
57682
57688
57693
57699
57705
57711
57717
57722
57728
57734
57740
57746
57751
57757
57763
57769
57775
57780
57786
57792
57798
57804
57809
57815
57821
57827
57833
57838
57844
57850
57856
57862
57867
57873
57879
57885
57891
57896
57902
57908
57914
57920
57925
57931
57937
57943
57949
57954
57960
57966
57972
57978
57983
57989
57995
58001
58007
58012
58018
58024
58030
58036
58041
58047
58053
58059
58065
58070
58076
58082
58088
58094
58099
58105
58111
58117
58123
58128
58134
58140
58146
58152
58157
58163
58169
58175
58181
58186
58192
58198
58204
58210
58215
58221
58227
58233
58239
58244
58250
58256
58262
58268
58273
58279
58285
58291
58297
58302
58308
58314
58320
58326
58331
58337
58343
58349
58355
58360
58366
58372
58378
58384
58389
58395
58401
58407
58413
58418
58424
58430
58436
58442
58447
58453
58459
58465
58471
58476
58482
58488
58494
58500
58505
58511
58517
58523
58529
58534
58540
58546
58552
58558
58563
58569
58575
58581
58587
58592
58598
58604
58610
58616
58621
58627
58633
58639
58645
58650
58656
58662
58668
58674
58679
58685
58691
58697
58703
58708
58714
58720
58726
58732
58737
58743
58749
58755
58761
58766
58772
58778
58784
58790
58795
58801
58807
58813
58819
58824
58830
58836
58842
58848
58853
58859
58865
58871
58877
58882
58888
58894
58900
58906
58911
58917
58923
58929
58935
58940
58946
58952
58958
58964
58969
58975
58981
58987
58993
58998
59004
59010
59016
59022
59027
59033
59039
59045
59051
59056
59062
59068
59074
59080
59085
59091
59097
59103
59109
59114
59120
59126
59132
59138
59143
59149
59155
59161
59167
59172
59178
59184
59190
59196
59201
59207
59213
59219
59225
59230
59236
59242
59248
59254
59259
59265
59271
59277
59283
59288
59294
59300
59306
59312
59317
59323
59329
59335
59341
59346
59352
59358
59364
59370
59375
59381
59387
59393
59399
59404
59410
59416
59422
59428
59433
59439
59445
59451
59457
59462
59468
59474
59480
59486
59491
59497
59503
59509
59515
59520
59526
59532
59538
59544
59549
59555
59561
59567
59573
59578
59584
59590
59596
59602
59607
59613
59619
59625
59631
59636
59642
59648
59654
59660
59665
59671
59677
59683
59689
59694
59700
59706
59712
59718
59723
59729
59735
59741
59747
59752
59758
59764
59770
59776
59781
59787
59793
59799
59805
59810
59816
59822
59828
59834
59839
59845
59851
59857
59863
59868
59874
59880
59886
59892
59897
59903
59909
59915
59921
59926
59932
59938
59944
59950
59955
59961
59967
59973
59979
59984
59990
59996
60002
60008
60013
60019
60025
60031
60037
60042
60048
60054
60060
60066
60071
60077
60083
60089
60095
60100
60106
60112
60118
60124
60129
60135
60141
60147
60153
60158
60164
60170
60176
60182
60187
60193
60199
60205
60211
60216
60222
60228
60234
60240
60245
60251
60257
60263
60269
60274
60280
60286
60292
60298
60303
60309
60315
60321
60327
60332
60338
60344
60350
60356
60361
60367
60373
60379
60385
60390
60396
60402
60408
60414
60419
60425
60431
60437
60443
60448
60454
60460
60466
60472
60477
60483
60489
60495
60501
60506
60512
60518
60524
60530
60535
60541
60547
60553
60559
60670
60670
60670
60670
60670
60670
60670
60670
60670
60670
60670
60670
60670
60770
60770
60770
60770
60770
60770
60770
60770
60770
60770
60770
60770
60770
60770
60770
60770
60770
60770
60770
60770
60770
60773
60779
60785
60791
60796
60802
60808
60814
60820
60825
60831
60837
60843
60849
60854
60860
60866
60872
60878
60883
60889
60895
60901
60907
60912
60918
60924
60930
60936
60941
60947
60953
60959
60965
60970
60976
60982
60988
60994
60999
61005
61011
61017
61023
61028
61034
61040
61046
61052
61057
61063
61069
61075
61081
61086
61092
61098
61104
61110
61115
61121
61127
61133
61139
61144
61150
61156
61162
61168
61173
61179
61185
61191
61197
61202
61208
61214
61220
61226
61231
61237
61243
61249
61255
61260
61266
61272
61278
61284
61289
61295
61301
61307
61313
61318
61324
61330
61336
61342
61347
61353
61359
61365
61371
61376
61382
61388
61394
61400
61405
61411
61417
61423
61429
61434
61440
61446
61452
61458
61463
61469
61475
61587
61587
61587
61587
61587
61587
61587
61587
61587
61587
61587
61587
61587
61587
61587
61587
61587
61587
61591
61597
61603
61608
61614
61620
61626
61632
61637
61643
61649
61655
61661
61666
61672
61678
61684
61690
61695
61701
61813
61813
61813
61813
61813
61813
61813
61813
61813
61813
61813
61813
61813
61813
61813
61913
61913
61913
61913
61913
61913
61913
61913
61913
61913
61913
61913
61913
61913
61913
61913
61913
61913
61913
61916
61922
61927
61933
61939
61945
61951
61956
61962
61968
62080
62080
62080
62080
62080
62080
62080
62180
62180
62180
62180
62180
62180
62180
62180
62180
62180
62180
62180
62180
62180
62180
62180
62180
62180
62180
62180
62180
62180
62180
62180
62180
62180
62180
62183
62188
62194
62200
62206
62212
62217
62223
62229
62235
62241
62246
62358
62358
62358
62358
62358
62358
62358
62358
62358
62358
62358
62358
62358
62358
62358
62358
62358
62358
62362
62368
62374
62380
62386
62391
62397
62403
62409
62415
62420
62426
62432
62438
62444
62449
62455
62461
62467
62575
62575
62580
62583
62586
62589
62592
62594
62600
62606
62612
62618
62623
62629
62635
62641
62647
62652
62658
62664
62670
62781
62781
62781
62781
62781
62781
62781
62781
62781
62781
62781
62881
62881
62881
62881
62881
62881
62881
62881
62881
62881
62881
62881
62881
62881
62881
62881
62881
62881
62881
62881
62881
62881
62881
62884
62890
62896
62902
62908
62913
62919
62925
62931
62937
62942
62948
62954
62960
62966
62971
62977
62983
62989
62995
63000
63006
63012
63018
63024
63029
63035
63041
63047
63053
63058
63064
63070
63076
63082
63087
63093
63099
63105
63111
63116
63122
63128
63134
63140
63145
63151
63157
63163
63169
63174
63180
63186
63192
63198
63203
63209
63215
63221
63227
63232
63238
63244
63250
63256
63261
63267
63273
63279
63285
63290
63296
63302
63308
63314
63319
63325
63331
63337
63343
63348
63354
63360
63366
63372
63377
63383
63389
63395
63401
63406
63412
63418
63424
63430
63435
63441
63447
63453
63459
63464
63470
63476
63482
63488
63493
63499
63505
63511
63517
63522
63528
63534
63540
63546
63551
63557
63563
63569
63575
63580
63586
63592
63598
63604
63609
63615
63621
63627
63633
63638
63644
63650
63656
63662
63667
63673
63679
63685
63691
63696
63702
63708
63714
63720
63725
63731
63737
63743
63749
63754
63760
63766
63772
63778
63783
63789
63795
63801
63807
63812
63818
63824
63830
63836
63841
63847
63853
63859
63865
63870
63876
63882
63888
63894
63899
63905
63911
63917
63923
63928
63934
63940
63946
63952
63957
63963
63969
63975
63981
63986
63992
63998
64004
64010
64015
64021
64027
64033
64039
64044
64050
64056
64062
64068
64073
64079
64085
64091
64097
64102
64108
64114
64120
64126
64131
64137
64143
64149
64155
64160
64166
64172
64178
64184
64189
64195
64201
64207
64213
64218
64224
64230
64236
64242
64247
64253
64259
64265
64271
64276
64282
64288
64294
64300
64305
64417
64417
64417
64417
64417
64417
64417
64417
64417
64417
64417
64417
64417
64417
64417
64417
64417
64417
64421
64427
64433
64439
64445
64450
64456
64462
64468
64474
64479
64485
64491
64497
64503
64508
64514
64520
64526
64532
64643
64643
64643
64643
64643
64643
64643
64643
64643
64643
64643
64643
64643
64643
64643
64643
64643
64643
64648
64653
64659
64665
64777
64777
64777
64777
64777
64777
64777
64777
64777
64777
64777
64777
64777
64777
64777
64777
64777
64777
64781
64787
64793
64798
64804
64810
64816
64822
64827
64833
64839
64845
64851
64856
64862
64868
64874
64880
64885
64891
64897
64903
64909
64914
64920
64926
64932
64938
64943
64949
64955
64961
64967
64972
64978
64984
64990
64996
65001
65007
65013
65019
65025
65030
65036
65042
65048
65054
65059
65065
65071
65077
65083
65088
65094
65100
65106
65112
65117
65123
65129
65135
65141
65146
65152
65158
65164
65170
65175
65181
65187
65193
65199
65204
65210
65216
65222
65228
65233
65239
65245
65251
65257
65262
65268
65274
65280
65286
65291
65297
65303
65309
65315
65320
65326
65332
65338
65344
65349
65355
65361
65367
65373
65378
65384
65390
65396
65402
65407
65413
65419
65425
65431
65436
65442
65448
65454
65460
65465
65471
65477
65483
65489
65494
65500
65506
65512
65518
65523
65529
65535
65541
65547
65552
65558
65564
65570
65576
65581
65587
65593
65599
65605
65610
65616
65622
65628
65634
65639
65645
65651
65657
65663
65668
65674
65680
65686
65692
65697
65703
65709
65715
65721
65726
65732
65738
65744
65750
65755
65761
65767
65773
65779
65784
65790
65796
65802
65808
65813
65819
65825
65831
65837
65842
65848
65854
65860
65866
65871
65877
65883
65889
65895
65900
65906
65912
65918
65924
65929
65935
65941
65947
65953
65958
65964
65970
65976
65982
65987
65993
65999
66005
66011
66016
66022
66028
66034
66040
66045
66051
66057
66063
66069
66074
66080
66086
66092
66098
66103
66109
66115
66121
66127
66132
66138
66144
66150
66156
66161
66167
66173
66179
66185
66190
66196
66202
66208
66214
66219
66225
66231
66237
66243
66248
66254
66260
66266
66272
66277
66283
66289
66295
66301
66306
66312
66318
66324
66330
66335
66341
66347
66353
66359
66364
66370
66376
66382
66388
66393
66399
66405
66411
66417
66422
66428
66434
66440
66446
66451
66457
66463
66469
66475
66480
66486
66492
66498
66504
66509
66515
66521
66527
66533
66538
66544
66550
66556
66562
66567
66573
66579
66585
66591
66596
66602
66608
66614
66620
66625
66631
66637
66643
66649
66654
66660
66666
66672
66678
66683
66689
66695
66701
66707
66712
66718
66724
66730
66736
66741
66747
66753
66759
66765
66770
66776
66782
66788
66794
66799
66805
66811
66817
66823
66828
66834
66840
66846
66852
66857
66863
66869
66875
66881
66886
66892
66898
66904
66910
66915
66921
66927
66933
66939
66944
66950
66956
66962
66968
66973
66979
66985
66991
66997
67002
67008
67014
67020
67026
67031
67037
67043
67049
67055
67060
67066
67072
67078
67084
67089
67095
67101
67107
67113
67118
67124
67130
67136
67142
67147
67153
67159
67165
67171
67176
67182
67188
67194
67200
67205
67211
67217
67223
67229
67234
67240
67246
67252
67258
67263
67269
67275
67281
67287
67292
67298
67304
67310
67316
67321
67327
67333
67339
67345
67350
67356
67362
67368
67374
67379
67385
67391
67397
67403
67408
67414
67420
67426
67432
67437
67443
67449
67455
67461
67466
67472
67478
67484
67490
67495
67501
67507
67513
67519
67524
67530
67536
67542
67548
67553
67559
67565
67571
67577
67582
67588
67594
67600
67606
67611
67617
67623
67629
67635
67640
67646
67652
67658
67664
67669
67675
67681
67687
67693
67698
67704
67710
67716
67722
67727
67733
67739
67745
67751
67756
67762
67768
67774
67780
67785
67791
67797
67803
67809
67814
67820
67826
67832
67838
67843
67849
67855
67861
67867
67872
67878
67884
67890
67896
67901
67907
67913
67919
67925
67930
67936
67942
67948
67954
67959
67965
67971
67977
67983
67988
67994
68000
68006
68012
68017
68023
68029
68035
68041
68046
68052
68058
68064
68070
68075
68081
68087
68093
68099
68104
68110
68116
68122
68128
68133
68139
68145
68151
68157
68162
68168
68174
68180
68186
68191
68197
68203
68209
68215
68220
68226
68232
68238
68244
68249
68255
68261
68267
68273
68278
68284
68290
68296
68302
68307
68313
68319
68325
68331
68336
68342
68348
68354
68360
68365
68371
68377
68383
68389
68394
68400
68406
68412
68418
68423
68429
68435
68441
68447
68452
68458
68464
68470
68476
68481
68487
68493
68499
68505
68510
68516
68522
68528
68534
68539
68545
68551
68557
68563
68568
68574
68580
68586
68592
68597
68603
68609
68615
68621
68626
68632
68638
68644
68650
68655
68661
68667
68673
68679
68684
68690
68696
68702
68708
68713
68719
68725
68731
68737
68742
68748
68754
68760
68766
68771
68777
68783
68789
68795
68800
68806
68812
68818
68824
68829
68835
68841
68847
68853
68858
68864
68870
68876
68882
68887
68893
68899
68905
68911
68916
68922
68928
68934
68940
68945
68951
68957
68963
68969
68974
68980
68986
68992
68998
69003
69009
69015
69021
69027
69032
69038
69044
69050
69056
69061
69067
69073
69079
69085
69090
69096
69102
69108
69114
69119
69125
69131
69137
69143
69148
69154
69160
69166
69172
69177
69183
69189
69195
69201
69206
69212
69218
69224
69230
69235
69241
69247
69253
69259
69264
69270
69276
69282
69288
69293
69299
69305
69311
69317
69322
69328
69334
69340
69346
69351
69357
69363
69369
69375
69380
69386
69392
69398
69404
69409
69415
69421
69427
69433
69438
69444
69450
69456
69462
69467
69473
69479
69485
69491
69496
69502
69508
69514
69520
69525
69531
69537
69543
69549
69554
69560
69566
69572
69578
69583
69589
69595
69601
69607
69612
69618
69624
69630
69636
69641
69647
69653
69659
69665
69670
69676
69682
69688
69694
69699
69705
69711
69717
69723
69728
69734
69740
69746
69752
69757
69763
69769
69775
69781
69786
69792
69798
69804
69810
69815
69821
69827
69833
69839
69844
69850
69856
69862
69868
69873
69879
69885
69891
69897
69902
69908
69914
69920
69926
69931
69937
69943
69949
69955
69960
69966
69972
69978
69984
69989
69995
70001
70007
70013
70018
70024
70030
70036
70042
70047
70053
70059
70065
70071
70076
70082
70088
70094
70100
70105
70111
70117
70123
70129
70134
70140
70146
70152
70158
70163
70169
70175
70181
70187
70192
70198
70204
70210
70216
70221
70227
70233
70239
70245
70250
70256
70262
70268
70274
70279
70285
70291
70297
70303
70308
70314
70320
70326
70332
70337
70343
70349
70355
70361
70366
70372
70378
70384
70390
70395
70401
70407
70413
70419
70424
70430
70436
70442
70448
70453
70459
70465
70471
70477
70482
70488
70494
70500
70506
70511
70517
70523
70529
70535
70540
70546
70552
70558
70564
70569
70575
70581
70587
70593
70598
70604
70610
70616
70622
70627
70633
70639
70645
70651
70656
70662
70668
70674
70680
70685
70691
70697
70703
70709
70714
70720
70726
70732
70738
70743
70749
70755
70761
70767
70772
70778
70784
70790
70796
70801
70807
70813
70819
70825
70830
70836
70842
70848
70854
70859
70865
70871
70877
70883
70888
70894
70900
70906
70912
70917
70923
70929
70935
70941
70946
70952
70958
70964
70970
70975
70981
70987
70993
70999
71004
71010
71016
71022
71028
71033
71039
71045
71051
71057
71062
71068
71074
71080
71086
71091
71097
71103
71109
71115
71120
71126
71132
71138
71144
71149
71155
71161
71167
71173
71178
71184
71190
71196
71202
71207
71213
71219
71225
71231
71236
71242
71248
71254
71260
71265
71271
71277
71283
71289
71294
71300
71306
71312
71318
71323
71329
71335
71341
71347
71352
71358
71364
71370
71376
71381
71387
71393
71399
71405
71410
71416
71422
71428
71434
71439
71445
71451
71457
71463
71468
71474
71480
71486
71492
71497
71503
71509
71515
71521
71526
71532
71538
71544
71550
71555
71561
71567
71573
71579
71584
71590
71596
71602
71608
71613
71619
71625
71631
71637
71642
71648
71654
71660
71666
71671
71677
71683
71689
71695
71700
71706
71712
71718
71724
71729
71735
71741
71747
71753
71758
71764
71770
71776
71782
71787
71793
71799
71805
71811
71816
71822
71828
71834
71840
71845
71851
71857
71863
71869
71874
71880
71886
71892
71898
71903
71909
71915
71921
71927
71932
71938
71944
71950
71956
71961
71967
71973
71979
71985
71990
71996
72002
72008
72014
72019
72025
72031
72037
72043
72048
72054
72060
72066
72072
72077
72083
72089
72095
72101
72106
72112
72118
72124
72130
72135
72141
72147
72153
72159
72164
72170
72176
72182
72188
72193
72199
72205
72211
72217
72222
72228
72234
72240
72246
72251
72257
72263
72269
72275
72280
72286
72292
72298
72304
72309
72315
72321
72327
72333
72338
72344
72350
72356
72362
72367
72373
72379
72385
72391
72396
72402
72408
72414
72420
72425
72431
72437
72443
72449
72454
72460
72466
72472
72478
72483
72489
72495
72501
72507
72512
72518
72524
72530
72536
72541
72547
72553
72559
72565
72570
72576
72582
72588
72594
72599
72605
72611
72617
72623
72628
72634
72640
72646
72652
72657
72663
72669
72675
72681
72686
72692
72698
72704
72710
72715
72721
72727
72733
72739
72744
72750
72756
72762
72768
72773
72779
72785
72791
72797
72802
72808
72814
72820
72826
72831
72837
72843
72849
72855
72860
72866
72872
72878
72884
72889
72895
72901
72907
72913
72918
72924
72930
72936
72942
72947
72953
72959
72965
72971
72976
72982
72988
72994
73000
73005
73011
73017
73023
73029
73034
73040
73046
73052
73058
73063
73069
73075
73081
73087
73092
73098
73104
73110
73116
73121
73127
73133
73139
73145
73150
73156
73162
73168
73174
73179
73185
73191
73197
73203
73208
73214
73220
73226
73232
73237
73243
73249
73255
73261
73266
73272
73278
73284
73290
73295
73301
73307
73313
73319
73324
73330
73336
73342
73348
73353
73359
73365
73371
73377
73382
73388
73394
73400
73406
73411
73417
73423
73429
73435
73440
73446
73452
73458
73464
73469
73475
73481
73487
73493
73498
73504
73510
73516
73522
73527
73533
73539
73545
73551
73556
73562
73568
73574
73580
73585
73591
73597
73603
73609
73614
73620
73626
73632
73638
73643
73649
73655
73661
73667
73672
73678
73684
73690
73696
73701
73707
73713
73719
73725
73730
73736
73742
73748
73754
73759
73765
73771
73777
73783
73788
73794
73800
73806
73812
73817
73823
73829
73835
73841
73846
73852
73858
73864
73870
73875
73881
73887
73893
73899
73904
73910
73916
73922
73928
73933
73939
73945
73951
73957
73962
73968
73974
73980
73986
73991
73997
74003
74009
74015
74020
74026
74032
74038
74044
74049
74055
74061
74067
74073
74078
74084
74090
74096
74102
74107
74113
74119
74125
74131
74136
74142
74148
74154
74160
74165
74171
74177
74183
74189
74194
74200
74206
74212
74218
74223
74229
74235
74241
74247
74252
74258
74264
74270
74276
74281
74287
74293
74299
74305
74310
74316
74322
74328
74334
74339
74345
74351
74357
74363
74368
74374
74380
74386
74392
74397
74403
74409
74415
74421
74426
74432
74438
74444
74450
74455
74461
74467
74473
74479
74484
74490
74496
74502
74508
74513
74519
74525
74531
74537
74542
74548
74554
74560
74566
74571
74577
74583
74589
74595
74600
74606
74612
74618
74624
74629
74635
74641
74647
74653
74658
74664
74670
74676
74682
74687
74693
74699
74705
74711
74716
74722
74728
74734
74740
74745
74751
74757
74763
74769
74774
74780
74786
74792
74798
74803
74809
74815
74821
74827
74832
74838
74844
74850
74856
74861
74867
74873
74879
74885
74890
74896
74902
74908
74914
74919
74925
74931
74937
74943
74948
74954
74960
74966
74972
74977
74983
74989
74995
75001
75006
75012
75018
75024
75030
75035
75041
75047
75053
75059
75064
75070
75076
75082
75088
75093
75099
75105
75111
75117
75122
75128
75134
75140
75146
75151
75157
75163
75169
75175
75180
75186
75192
75198
75204
75209
75215
75221
75227
75233
75238
75244
75250
75256
75262
75267
75273
75279
75285
75291
75296
75302
75308
75314
75320
75325
75331
75337
75343
75349
75354
75360
75366
75372
75378
75383
75389
75395
75401
75407
75412
75418
75424
75430
75436
75441
75447
75453
75459
75465
75470
75476
75481
75487
75493
75498
75504
75510
75516
75522
75527
75533
75539
75545
75551
75556
75562
75568
75574
75580
75585
75591
75597
75603
75609
75614
75620
75626
75632
75638
75643
75649
75655
75661
75667
75672
75678
75684
75690
75696
75701
75707
75713
75719
75725
75730
75736
75742
75748
75754
75759
75765
75771
75777
75783
75788
75794
75800
75806
75812
75817
75823
75829
75835
75841
75846
75852
75858
75864
75870
75875
75881
75887
75893
75899
75904
75910
75916
75922
75928
75933
75939
75945
75951
75957
75962
75968
75974
75980
75986
75991
75997
76003
76009
76015
76020
76026
76032
76038
76044
76049
76055
76061
76067
76073
76078
76084
76090
76096
76102
76107
76113
76119
76125
76131
76136
76142
76148
76154
76160
76165
76171
76177
76183
76189
76194
76200
76206
76212
76218
76223
76229
76235
76241
76247
76252
76258
76264
76270
76276
76281
76287
76293
76299
76305
76310
76316
76322
76328
76334
76339
76345
76351
76357
76363
76368
76374
76380
76386
76392
76397
76403
76409
76415
76421
76426
76432
76438
76444
76450
76455
76461
76467
76473
76479
76484
76490
76496
76502
76508
76513
76519
76525
76531
76537
76542
76548
76554
76560
76566
76571
76577
76583
76589
76595
76600
76606
76612
76618
76624
76629
76635
76641
76647
76653
76658
76664
76670
76676
76682
76687
76693
76699
76705
76711
76716
76722
76728
76734
76740
76745
76751
76757
76763
76769
76774
76780
76786
76792
76798
76803
76809
76815
76821
76827
76832
76838
76844
76850
76856
76861
76867
76873
76879
76885
76890
76896
76902
76908
76914
76919
76925
76931
76937
76943
76948
76954
76960
76966
76972
76977
76983
76989
76995
77001
77006
77012
77018
77024
77030
77035
77041
77047
77053
77059
77064
77070
77076
77082
77088
77093
77099
77105
77111
77117
77122
77128
77134
77140
77146
77151
77157
77163
77169
77175
77180
77186
77192
77198
77204
77209
77215
77221
77227
77233
77238
77244
77250
77256
77262
77267
77273
77279
77285
77291
77296
77302
77308
77314
77320
77325
77331
77337
77343
77349
77354
77360
77366
77372
77378
77383
77389
77395
77401
77407
77412
77418
77424
77430
77436
77441
77447
77453
77459
77465
77470
77476
77482
77488
77494
77499
77505
77511
77517
77523
77528
77534
77540
77546
77552
77557
77563
77569
77575
77581
77586
77592
77598
77604
77610
77615
77621
77627
77633
77639
77644
77650
77656
77662
77668
77673
77679
77685
77691
77697
77702
77708
77714
77720
77726
77731
77737
77743
77749
77755
77760
77766
77772
77778
77784
77789
77795
77801
77807
77813
77818
77824
77830
77836
77842
77847
77853
77859
77865
77871
77876
77882
77888
77894
77900
77905
77911
77917
77923
77929
77934
77940
77946
77952
77958
77963
77969
77975
77981
77987
77992
77998
78004
78010
78016
78021
78027
78033
78039
78045
78050
78056
78062
78068
78074
78079
78085
78091
78097
78103
78108
78114
78120
78126
78132
78137
78143
78149
78155
78161
78166
78172
78178
78184
78190
78195
78201
78207
78213
78219
78224
78230
78236
78242
78248
78253
78259
78265
78271
78277
78282
78288
78294
78300
78306
78311
78317
78323
78329
78335
78340
78346
78352
78358
78364
78369
78375
78381
78387
78393
78398
78404
78410
78416
78422
78427
78433
78439
78445
78451
78456
78462
78468
78474
78480
78485
78491
78497
78503
78509
78514
78520
78526
78532
78538
78543
78549
78555
78561
78567
78572
78578
78584
78590
78596
78601
78607
78613
78619
78625
78630
78636
78642
78648
78654
78659
78665
78671
78677
78683
78688
78694
78700
78706
78712
78717
78723
78729
78735
78741
78746
78752
78758
78764
78770
78775
78781
78787
78793
78799
78804
78810
78816
78822
78828
78833
78839
78845
78851
78857
78862
78868
78874
78880
78886
78891
78897
78903
78909
78915
78920
78926
78932
78938
78944
78949
78955
78961
78967
78973
78978
78984
78990
78996
79002
79007
79013
79019
79025
79031
79036
79042
79048
79054
79060
79065
79071
79077
79083
79089
79094
79100
79106
79112
79118
79123
79129
79135
79141
79147
79152
79158
79164
79170
79176
79181
79187
79193
79199
79205
79210
79216
79222
79228
