0
11
23
36
46
59
69
81
93
104
118
127
140
151
162
176
192
192
209
227
232
244
256
267
278
290
301
313
325
336
348
359
371
390
390
406
417
429
441
459
464
475
487
499
511
523
533
545
557
568
580
591
603
616
626
638
656
656
673
684
697
707
719
731
742
754
765
779
789
800
813
824
835
847
860
870
881
896
905
916
931
940
951
963
975
986
997
1009
1022
1032
1044
1056
1069
1079
1091
1103
1113
1125
1137
1148
1160
1171
1183
1195
1207
1218
1229
1241
1253
1264
1276
1288
1299
1311
1323
1334
1346
1363
1370
1377
1398
1403
1415
1427
1440
1450
1461
1473
1486
1497
1509
1519
1531
1543
1555
1566
1578
1589
1601
1613
1617
1637
1648
1661
1670
1682
1694
1706
1717
1728
1740
1752
1764
1775
1788
1799
1809
1822
1834
1844
1857
1868
1879
1891
1903
1914
1925
1938
1950
1961
1972
1984
1995
2007
2018
2030
2042
2053
2066
2076
2096
2096
2112
2124
2134
2146
2157
2169
2181
2193
2206
2215
2227
2239
2250
2263
2274
2285
2297
2308
2321
2336
2343
2355
2366
2379
2389
2401
2414
2424
2437
2447
2459
2471
2485
2494
2505
2517
2530
2540
2552
2566
2576
2587
2599
2610
2621
2634
2646
2656
2668
2680
2692
2703
2714
2726
2737
2749
2761
2773
2784
2795
2808
2819
2830
2842
2855
2865
2878
2888
2901
2911
2923
2935
2946
2959
2969
2981
2994
3004
3016
3028
3040
3052
3057
3075
3086
3097
3109
3120
3132
3143
3155
3168
3179
3190
3202
3213
3225
3237
3248
3259
3272
3284
3295
3306
3317
3330
3341
3352
3365
3378
3388
3399
3410
3423
3433
3445
3457
3468
3480
3492
3504
3515
3526
3538
3549
3562
3574
3585
3596
3607
3625
3632
3646
3654
3666
3679
3689
3700
3712
3723
3735
3747
3758
3771
3776
3793
3805
3816
3828
3839
3851
3863
3874
3886
3898
3909
3921
3932
3944
3955
3967
3980
3990
4002
4016
4025
4037
4048
4061
4071
4085
4095
4106
4124
4130
4142
4153
4164
4176
4187
4200
4211
4222
4234
4245
4257
4269
4280
4293
4303
4316
4327
4338
4350
4361
4374
4385
4397
4409
4419
4431
4443
4454
4466
4477
4496
4497
4512
4524
4535
4549
4560
4570
4582
4593
4605
4617
4628
4640
4651
4663
4675
4686
4698
4709
4722
4736
4744
4757
4767
4779
4791
4802
4815
4825
4838
4849
4860
4873
4884
4895
4907
4918
4930
4942
4953
4965
4977
4988
5000
5011
5023
5034
5047
5057
5070
5082
5092
5104
5115
5127
5139
5150
5162
5174
5186
5197
5217
5223
5231
5244
5255
5266
5278
5289
5301
5313
5324
5336
5347
5359
5372
5383
5394
5405
5417
5429
5442
5456
5463
5475
5487
5499
5510
5521
5533
5545
5556
5568
5579
5591
5603
5614
5628
5637
5656
5656
5672
5685
5696
5708
5723
5730
5742
5755
5765
5777
5788
5800
5812
5823
5835
5846
5858
5870
5881
5893
5905
5916
5927
5939
5951
5962
5975
5985
5997
6009
6026
6032
6044
6055
6068
6078
6090
6101
6114
6125
6138
6148
6160
6172
6177
6195
6206
6217
6229
6241
6252
6264
6276
6288
6299
6310
6328
6333
6345
6357
6368
6381
6393
6403
6416
6426
6440
6449
6461
6473
6484
6496
6507
6519
6531
6543
6554
6565
6577
6589
6600
6612
6623
6636
6656
6659
6671
6681
6694
6705
6716
6729
6739
6751
6770
6770
6786
6797
6810
6821
6832
6845
6856
6867
6879
6891
6896
6914
6925
6937
6948
6961
6971
6984
6996
7006
7020
7029
7041
7054
7064
7077
7087
7100
7112
7122
7136
7145
7158
7170
7180
7193
7203
7216
7228
7240
7250
7261
7273
7285
7302
7309
7319
7331
7343
7354
7367
7377
7390
7402
7412
7424
7436
7447
7459
7471
7482
7494
7505
7518
7528
7540
7551
7564
7575
7586
7598
7616
7616
7633
7645
7659
7667
7679
7691
7714
7714
7725
7737
7749
7761
7772
7783
7796
7808
7818
7831
7842
7854
7865
7876
7888
7899
7912
7923
7934
7971
7972
7973
7981
7992
8005
8016
8027
8039
8050
8062
8073
8085
8097
8108
8121
8132
8143
8156
8170
8178
8189
8202
8213
8225
8236
8247
8259
8271
8282
8294
8306
8318
8330
8336
8353
8363
8376
8387
8398
8410
8421
8445
8446
8457
8468
8479
8503
8504
8514
8527
8538
8549
8561
8573
8577
8596
8607
8620
8630
8642
8665
8666
8677
8688
8700
8712
8723
8746
8747
8759
8769
8781
8793
8804
8827
8827
8839
8852
8863
8875
8897
8898
8909
8920
8932
8943
8956
8967
8978
8991
9001
9014
9025
9037
9049
9056
9071
9095
9106
9117
9129
9142
9153
9165
9175
9187
9199
9210
9222
9234
9245
9257
9268
9280
9292
9303
9315
9326
9338
9350
9361
9374
9385
9396
9407
9426
9433
9442
9454
9465
9477
9496
9496
9513
9523
9535
9548
9558
9570
9581
9593
9605
9617
9628
9640
9651
9664
9675
9686
9698
9709
9722
9736
9736
9755
9771
9779
9790
9802
9814
9825
9839
9849
9861
9878
9883
9895
9906
9918
9929
9943
9954
9964
9987
9987
9999
10011
10022
10034
10046
10057
10069
10081
10093
10104
10116
10128
10139
10150
10161
10173
10185
10196
10216
10219
10232
10243
10254
10266
10277
10290
10302
10313
10324
10335
10347
10359
10370
10383
10394
10405
10417
10428
10440
10452
10457
10476
10486
10498
10509
10522
10533
10545
10556
10567
10579
10592
10602
10614
10625
10637
10649
10660
10672
10683
10696
10708
10719
10741
10741
10753
10765
10776
10792
10799
10811
10823
10834
10846
10857
10869
10882
10893
10905
10916
10927
10939
10950
10962
10973
10986
10997
11008
11020
11031
11043
11055
11066
11078
11089
11101
11113
11124
11136
11147
11159
11176
11176
11194
11205
11219
11229
11240
11252
11263
11275
11287
11298
11311
11321
11333
11347
11356
11371
11379
11391
11404
11415
11427
11437
11450
11464
11473
11485
11496
11507
11519
11530
11543
11554
11566
11578
11589
11600
11612
11623
11638
11647
11658
11669
11681
11693
11704
11716
11729
11739
11757
11762
11774
11786
11797
11809
11821
11832
11847
11855
11867
11879
11891
11897
11913
11925
11936
11948
11959
11971
11984
11994
12006
12017
12029
12041
12052
12064
12075
12087
12103
12110
12122
12136
12145
12157
12169
12180
12191
12203
12216
12226
12238
12250
12261
12273
12285
12296
12307
12320
12331
12342
12354
12365
12377
12389
12400
12412
12423
12435
12447
12458
12470
12482
12494
12512
12519
12528
12539
12553
12563
12575
12586
12598
12616
12617
12633
12644
12655
12667
12679
12690
12703
12713
12725
12737
12748
12760
12772
12783
12795
12806
12819
12830
12841
12856
12864
12876
12887
12899
12911
12922
12935
12946
12957
12970
12980
12992
13003
13016
13027
13038
13052
13061
13073
13085
13108
13111
13119
13132
13143
13154
13166
13177
13190
13201
13212
13224
13237
13251
13259
13270
13282
13293
13305
13317
13336
13336
13352
13364
13376
13387
13398
13410
13421
13433
13444
13456
13467
13479
13492
13502
13514
13525
13537
13549
13560
13576
13576
13596
13608
13618
13630
13641
13653
13668
13677
13692
13699
13713
13723
13735
13747
13757
13769
13781
13792
13804
13816
13829
13840
13850
13863
13874
13885
13897
13908
13920
13931
13943
13955
13966
13978
13989
14001
14014
14024
14037
14048
14059
14072
14082
14095
14105
14117
14130
14140
14152
14163
14175
14187
14199
14210
14221
14233
14246
14256
14268
14279
14296
14303
14315
14327
14337
14349
14361
14373
14384
14395
14408
14423
14430
14442
14453
14465
14478
14490
14500
14512
14524
14536
14546
14559
14571
14582
14593
14604
14616
14628
14639
14651
14662
14674
14685
14697
14710
14721
14733
14743
14755
14767
14778
14790
14801
14814
14825
14836
14849
14859
14871
14883
14895
14906
14918
14929
14943
14952
14964
14976
14987
15000
15016
15022
15033
15045
15058
15068
15080
15092
15103
15115
15126
15142
15149
15161
15173
15184
15196
15209
15220
15232
15244
15256
15266
15279
15289
15300
15312
15323
15335
15347
15359
15370
15381
15393
15405
15419
15428
15440
15456
15463
15474
15486
15497
15509
15522
15533
15545
15555
15567
15579
15590
15602
15613
15626
15639
15649
15661
15672
15683
15695
15706
15718
15736
15736
15754
15767
15777
15788
15799
15812
15823
15834
15847
15857
15869
15880
15892
15904
15916
15928
15938
15950
15961
15974
15985
15997
16008
16020
16032
16043
16054
16066
16078
16089
16102
16112
16125
16135
16148
16159
16171
16182
16193
16208
16217
16229
16240
16252
16263
16275
16286
16298
16310
16322
16333
16344
16356
16367
16380
16391
16403
16414
16425
16437
16456
16457
16473
16483
16495
16509
16519
16533
16541
16553
16565
16577
16588
16599
16615
16624
16638
16646
16657
16669
16681
16696
16696
16715
16728
16739
16750
16763
16773
16786
16797
16809
16820
16831
16844
16856
16866
16878
16889
16901
16915
16925
16937
16947
16960
16972
16983
16994
17012
17019
17029
17041
17053
17064
17076
17090
17098
17110
17123
17133
17145
17156
17169
17179
17191
17203
17214
17226
17238
17251
17261
17272
17284
17297
17307
17319
17330
17342
17353
17365
17377
17390
17400
17416
17423
17435
17447
17459
17469
17481
17493
17531
17532
17532
17533
17551
17563
17574
17585
17597
17610
17620
17633
17643
17656
17667
17679
17690
17702
17713
17725
17736
17748
17759
17772
17784
17795
17806
17817
17829
17841
17853
17857
17875
17887
17899
17911
17922
17934
17946
17957
17969
17980
17991
18003
18015
18026
18039
18049
18063
18073
18084
18097
18107
18120
18136
18136
18156
18165
18177
18189
18200
18213
18223
18235
18248
18262
18270
18282
18296
18305
18319
18329
18339
18352
18363
18375
18387
18397
18409
18421
18434
18444
18455
18467
18479
18491
18502
18514
18525
18537
18548
18561
18571
18583
18596
18607
18618
18630
18641
18653
18664
18676
18687
18699
18711
18723
18734
18746
18758
18769
18781
18792
18803
18815
18827
18838
18851
18857
18874
18885
18897
18909
18919
18932
18944
18954
18967
18977
18989
19001
19012
19024
19041
19047
19059
19070
19082
19096
19105
19117
19128
19140
19152
19163
19176
19187
19198
19210
19221
19234
19244
19256
19267
19279
19292
19302
19315
19325
19337
19350
19361
19373
19383
19395
19407
19419
19430
19442
19456
19465
19476
19488
19500
19511
19523
19534
19547
19558
19576
19576
19592
19604
19615
19628
19639
19651
19662
19673
19685
19698
19708
19720
19731
19743
19756
19766
19779
19789
19801
19816
19824
19836
19848
19860
19871
19882
19894
19905
19917
19929
19940
19952
19964
19976
19987
19998
20011
20021
20034
20045
20068
20069
20081
20091
20103
20115
20126
20137
20150
20161
20173
20184
20195
20208
20219
20230
20242
20253
20267
20277
20296
20300
20311
20325
20336
20349
20358
20369
20381
20394
20404
20417
20427
20439
20452
20462
20478
20485
20497
20509
20520
20536
20536
20555
20568
20578
20591
20601
20613
20626
20636
20648
20659
20672
20683
20694
20706
20717
20729
20741
20752
20764
20776
20787
20800
20810
20823
20834
20847
20857
20868
20880
20892
20903
20915
20927
20938
20950
20962
20973
20984
20996
21007
21019
21031
21044
21055
21066
21078
21090
21101
21112
21124
21135
21147
21158
21170
21181
21193
21205
21216
21229
21239
21252
21257
21275
21288
21297
21309
21321
21332
21344
21355
21368
21380
21391
21402
21413
21425
21437
21448
21460
21472
21484
21496
21506
21518
21530
21542
21553
21565
21578
21590
21599
21612
21622
21634
21646
21657
21669
21680
21693
21705
21715
21727
21738
21750
21761
21773
21785
21796
21808
21819
21831
21845
21854
21866
21877
21889
21902
21912
21924
21935
21948
21959
21976
21976
21993
22006
22018
22028
22041
22051
22063
22075
22086
22098
22109
22122
22134
22144
22156
22167
22179
22191
22203
22216
22225
22238
22250
22261
22272
22283
22295
22307
22319
22330
22342
22353
22366
22376
22388
22400
22412
22423
22434
22447
22457
22469
22481
22492
22504
22515
22527
22539
22551
22563
22573
22586
22598
22608
22620
22631
22643
22655
22666
22678
22690
22696
22713
22724
22737
22747
22761
22771
22782
22794
22805
22817
22829
22840
22853
22863
22875
22887
22899
22914
22922
22936
22949
22956
22969
22979
22991
23003
23014
23026
23038
23049
23061
23072
23084
23099
23108
23119
23130
23142
23153
23165
23177
23189
23202
23215
23224
23235
23246
23259
23269
23281
23293
23305
23317
23327
23339
23351
23363
23374
23385
23397
23410
23416
23433
23443
23455
23467
23478
23491
23501
23513
23525
23536
23548
23559
23571
23584
23594
23607
23618
23629
23641
23653
23657
23676
23687
23699
23710
23722
23735
23745
23757
23768
23780
23791
23803
23815
23826
23852
23853
23861
23873
23884
23919
23919
23920
23932
23942
23954
23966
23978
23990
24007
24007
24024
24035
24047
24058
24081
24081
24093
24105
24116
24136
24139
24153
24170
24175
24187
24197
24209
24222
24233
24245
24256
24269
24279
24290
24303
24313
24325
24338
24348
24361
24376
24376
24395
24407
24418
24429
24441
24456
24464
24476
24487
24499
24511
24523
24535
24546
24558
24570
24581
24592
24603
24616
24628
24650
24650
24662
24673
24685
24697
24708
24719
24731
24743
24754
24767
24777
24789
24802
24812
24825
24836
24847
24859
24870
24882
24894
24905
24917
24928
24940
24951
24963
24975
24986
25009
25009
25022
25044
25044
25057
25070
25079
25096
25102
25120
25126
25138
25149
25160
25172
25183
25196
25207
25218
25231
25241
25253
25266
25276
25289
25300
25311
25324
25336
25346
25357
25370
25382
25392
25405
25415
25439
25440
25451
25463
25473
25485
25497
25509
25520
25532
25543
25566
25567
25578
25589
25601
25614
25627
25636
25648
25671
25671
25682
25694
25705
25718
25730
25740
25753
25763
25776
25787
25798
25816
25816
25834
25845
25868
25869
25879
25891
25903
25914
25926
25937
25949
25972
25973
25984
25996
26008
26019
26030
26042
26056
26065
26077
26090
26100
26123
26123
26135
26147
26169
26170
26181
26194
26204
26217
26227
26239
26258
26266
26274
26285
26297
26320
26321
26333
26343
26355
26367
26379
26390
26402
26413
26425
26437
26459
26460
26471
26494
26495
26506
26518
26536
26537
26552
26565
26575
26587
26599
26610
26622
26635
26645
26657
26668
26680
26691
26703
26715
26727
26738
26751
26761
26776
26785
26796
26807
26819
26832
26854
26854
26865
26877
26889
26901
26923
26924
26935
26947
26958
26971
26981
26993
27019
27023
27029
27040
27070
27074
27079
27097
27109
27121
27132
27144
27156
27167
27180
27190
27202
27214
27225
27238
27256
27260
27271
27283
27295
27306
27318
27329
27341
27354
27364
27376
27387
27400
27412
27423
27435
27445
27457
27469
27482
27496
27496
27515
27527
27538
27550
27564
27573
27586
27596
27609
27619
27633
27644
27655
27666
27677
27689
27701
27713
27724
27736
27747
27759
27770
27783
27794
27805
27817
27828
27840
27851
27863
27875
27887
27898
27910
27921
27934
27944
27956
27967
27979
27991
28002
28014
28025
28038
28050
28060
28072
28083
28095
28107
28118
28130
28141
28153
28166
28176
28189
28199
28212
28223
28235
28246
28258
28269
28281
28293
28305
28316
28327
28339
28350
28363
28373
28386
28397
28409
28421
28432
28443
28492
28492
28493
28496
28496
28513
28524
28547
28547
28571
28571
28612
28613
28614
28617
28621
28641
28663
28664
28676
28687
28698
28711
28721
28733
28745
28757
28769
28779
28811
28812
28814
28827
28837
28850
28861
28872
28886
28896
28908
28919
28936
28942
28954
28966
28978
28988
29000
29013
29023
29035
29049
29059
29069
29082
29094
29105
29116
29127
29140
29152
29163
29176
29185
29197
29211
29220
29232
29244
29256
29267
29278
29291
29301
29314
29325
29337
29350
29359
29372
29383
29397
29406
29417
29429
29443
29452
29470
29475
29487
29499
29510
29523
29533
29546
29557
29568
29580
29591
29610
29615
29627
29638
29656
29657
29673
29684
29696
29707
29719
29731
29744
29758
29765
29777
29790
29801
29812
29823
29835
29847
29858
29870
29881
29896
29906
29916
29928
29939
29951
29963
29975
29986
29998
30010
30021
30032
30045
30057
30067
30081
30090
30102
30113
30126
30137
30148
30160
30172
30184
30195
30206
30218
30230
30241
30254
30264
30276
30287
30299
30311
30322
30334
30345
30357
30371
30377
30393
30404
30422
30427
30438
30450
30462
30473
30486
30497
30508
30520
30531
30544
30554
30567
30577
30589
30602
30616
30616
30635
30647
30663
30670
30682
30693
30705
30717
30728
30742
30752
30764
30775
30786
30798
30809
30821
30833
30845
30867
30867
30879
30891
30902
30915
30925
30937
30949
30960
30972
30983
30997
31008
31019
31030
31041
31053
31065
31076
31096
31096
31111
31123
31135
31146
31157
31169
31181
31192
31206
31215
31227
31240
31250
31262
31273
31286
31297
31308
31321
31336
31336
31354
31366
31378
31389
31401
31413
31424
31436
31447
31459
31471
31482
31494
31505
31517
31530
31540
31552
31563
31576
31587
31598
31610
31622
31634
31645
31691
31692
31693
31694
31704
31714
31726
31737
31749
31762
31772
31785
31795
31807
31819
31830
31843
31853
31865
31877
31888
31901
31911
31924
31936
31946
31958
31970
31982
31993
32005
32016
32027
32039
32052
32057
32076
32085
32098
32110
32121
32132
32143
32155
32167
32178
32190
32201
32213
32225
32236
32251
32259
32271
32283
32295
32306
32318
32330
32342
32352
32364
32375
32387
32399
32410
32422
32433
32445
32457
32468
32480
32491
32503
32515
32526
32538
32549
32561
32574
32585
32596
32607
32619
32631
32643
32655
32666
32679
32689
32700
32712
32724
32736
32747
32758
32776
32776
32793
32806
32816
32828
32839
32856
32856
32874
32886
32898
32909
32921
32933
32944
32956
32967
32980
32990
33002
33016
33026
33037
33048
33061
33071
33083
33095
33106
33118
33129
33141
33153
33164
33177
33187
33200
33211
33223
33235
33245
33257
33269
33281
33293
33303
33316
33327
33338
33350
33361
33374
33385
33396
33408
33420
33431
33443
33456
33466
33477
33496
33501
33512
33524
33535
33547
33560
33570
33582
33593
33605
33617
33629
33640
33651
33665
33675
33686
33698
33709
33721
33736
33744
33756
33767
33779
33791
33802
33815
33826
33837
33849
33860
33872
33883
33896
33908
33918
33930
33941
33953
33965
33977
33988
33999
34011
34024
34034
34051
34051
34070
34081
34093
34104
34115
34127
34139
34150
34162
34173
34185
34197
34209
34216
34231
34243
34256
34268
34279
34289
34302
34313
34324
34336
34347
34359
34371
34382
34395
34405
34417
34429
34440
34454
34458
34475
34490
34498
34510
34521
34533
34545
34556
34568
34579
34591
34603
34614
34627
34643
34649
34661
34672
34684
34696
34707
34719
34730
34742
34754
34765
34778
34788
34801
34811
34823
34835
34846
34858
34869
34881
34893
34905
34916
34928
34939
34951
34963
34974
34986
34997
35009
35021
35032
35043
35055
35067
35078
35091
35101
35113
35125
35137
35148
35159
35176
35176
35194
35206
35218
35231
35241
35253
35257
35275
35287
35306
35306
35322
35334
35347
35357
35369
35381
35391
35403
35416
35426
35438
35451
35463
35474
35484
35497
35507
35520
35531
35542
35554
35565
35577
35589
35601
35612
35623
35635
35647
35658
35670
35682
35694
35705
35716
35728
35739
35752
35764
35774
35787
35797
35809
35822
35832
35845
35856
35867
35879
35893
35898
35913
35925
35938
35949
35960
35971
35984
35995
36006
36018
36030
36041
36053
36064
36076
36087
36099
36111
36122
36136
36145
36157
36170
36181
36192
36203
36216
36228
36238
36251
36261
36274
36285
36296
36310
36320
36331
36343
36354
36366
36377
36389
36401
36413
36424
36435
36447
36459
36470
36482
36493
36505
36517
36528
36540
36552
36563
36575
36586
36604
36616
36617
36633
36645
36667
36668
36680
36691
36703
36714
36726
36738
36749
36761
36772
36783
36796
36807
36819
36830
36842
36856
36865
36876
36889
36899
36911
36923
36934
36947
36958
36970
36981
36992
37004
37016
37027
37039
37050
37063
37073
37085
37097
37109
37120
37136
37136
37157
37167
37179
37189
37201
37216
37224
37236
37247
37259
37271
37282
37294
37305
37318
37337
37341
37353
37365
37375
37388
37398
37411
37421
37434
37446
37456
37469
37480
37491
37503
37514
37526
37537
37549
37562
37576
37576
37595
37607
37619
37630
37642
37654
37666
37679
37689
37700
37711
37723
37736
37747
37758
37769
37781
37793
37805
37827
37827
37839
37856
37856
37874
37885
37898
37909
37921
37932
37943
37956
37967
37978
37990
38002
38013
38026
38037
38056
38056
38071
38083
38096
38107
38117
38129
38142
38153
38164
38175
38187
38199
38210
38222
38233
38246
38257
38268
38283
38292
38297
38315
38326
38338
38349
38362
38373
38385
38397
38407
38419
38432
38442
38455
38466
38478
38490
38500
38512
38523
38536
38547
38558
38571
38576
38594
38605
38616
38628
38639
38656
38656
38675
38686
38698
38710
38722
38732
38744
38755
38768
38780
38790
38802
38813
38825
38837
38848
38862
38871
38883
38895
38906
38918
38930
38941
38953
38964
38976
38987
39000
39016
39022
39035
39046
39063
39069
39081
39094
39103
39115
39127
39139
39150
39161
39173
39186
39196
39209
39219
39231
39243
39255
39266
39278
39289
39301
39312
39325
39335
39347
39360
39371
39383
39394
39405
39417
39429
39441
39452
39463
39475
39487
39498
39517
39517
39536
39544
39556
39568
39580
39591
39602
39614
39625
39638
39650
39656
39672
39684
39696
39707
39718
39736
39737
39753
39765
39777
39788
39799
39811
39823
39835
39846
39858
39870
39881
39892
39904
39916
39928
39939
39951
39962
39976
39985
39997
40016
40020
40031
40043
40055
40066
40078
40089
40102
40113
40125
40136
40147
40159
40171
40186
40194
40206
40223
40223
40240
40252
40263
40275
40287
40299
40317
40317
40333
40348
40356
40368
40379
40392
40403
40414
40426
40438
40456
40457
40472
40484
40496
40507
40520
40530
40545
40553
40565
40577
40588
40600
40612
40623
40635
40647
40658
40670
40681
40694
40704
40716
40728
40739
40753
40762
40774
40785
40797
40810
40820
40833
40843
40856
40867
40878
40890
40901
40913
40925
40948
40948
40960
40972
40977
40995
41006
41018
41030
41041
41053
41065
41076
41087
41100
41110
41123
41133
41145
41158
41176
41181
41193
41203
41215
41226
41238
41249
41262
41273
41284
41297
41307
41319
41331
41343
41354
41365
41379
41389
41401
41416
41423
41436
41448
41458
41470
41481
41494
41507
41516
41528
41540
41554
41564
41574
41586
41597
41609
41623
41632
41644
41656
41667
41679
41690
41702
41713
41725
41738
41748
41761
41771
41783
41796
41806
41818
41829
41841
41853
41864
41876
41888
41899
41911
41922
41936
41946
41957
41970
41983
41992
42004
42015
42027
42038
42050
42062
42073
42085
42096
42109
42119
42136
42136
42154
42166
42178
42190
42201
42213
42224
42235
42247
42259
42270
42282
42294
42305
42318
42330
42340
42351
42363
42376
42386
42399
42416
42416
42433
42444
42457
42467
42479
42491
42502
42514
42525
42537
42549
42560
42573
42583
42596
42607
42618
42631
42641
42691
42691
42692
42692
42693
42711
42724
42734
42747
42758
42769
42781
42793
42804
42815
42827
42839
42856
42862
42873
42885
42897
42920
42922
42931
42943
42955
42966
42978
42990
43001
43013
43024
43037
43047
43060
43071
43083
43096
43105
43117
43130
43141
43152
43163
43175
43187
43199
43210
43221
43233
43245
43268
43269
43279
43292
43304
43314
43343
43344
43344
43361
43377
43384
43395
43411
43411
43431
43443
43454
43465
43477
43488
43501
43523
43524
43535
43547
43558
43576
43577
43593
43604
43617
43627
43641
43652
43662
43678
43686
43698
43709
43720
43733
43743
43756
43767
43779
43790
43801
43816
43825
43837
43856
43856
43872
43883
43894
43907
43918
43929
43941
43952
43964
43976
43988
43999
44010
44023
44033
44045
44057
44069
44080
44091
44103
44115
44126
44138
44149
44162
44176
44184
44197
44207
44219
44232
44243
44254
44266
44278
44296
44297
44315
44323
44338
44347
44358
44370
44381
44394
44416
44417
44428
44439
44451
44463
44475
44486
44497
44509
44521
44536
44544
44556
44568
44579
44591
44602
44614
44625
44649
44651
44661
44671
44683
44695
44718
44719
44730
44741
44753
44765
44788
44788
44799
44816
44816
44834
44845
44857
44869
44880
44893
44903
44915
44927
44938
44950
44962
44974
44985
44997
45016
45016
45032
45066
45078
45090
45101
45112
45124
45135
45148
45159
45170
45182
45193
45205
45217
45228
45240
45256
45263
45277
45280
45309
45309
45321
45333
45344
45357
45368
45379
45392
45402
45414
45425
45437
45450
45460
45472
45484
45496
45507
45518
45543
45546
45553
45565
45577
45588
45599
45611
45623
45641
45646
45657
45669
45682
45692
45704
45716
45727
45739
45750
45763
45776
45785
45798
45809
45820
45831
45843
45856
45867
45879
45889
45901
45913
45924
45937
45948
45959
45976
45976
45994
46005
46024
46029
46040
46052
46063
46076
46087
46098
46110
46122
46133
46145
46157
46168
46179
46191
46204
46215
46226
46237
46256
46256
46274
46285
46296
46307
46320
46330
46343
46354
46365
46377
46388
46400
46413
46423
46435
46446
46458
46469
46481
46493
46504
46527
46528
46540
46551
46563
46575
46585
46598
46609
46620
46633
46644
46655
46667
46680
46696
46696
46713
46725
46748
46748
46759
46811
46812
46812
46813
46817
46830
46841
46852
46865
46876
46887
46899
46910
46923
46936
46946
46957
46968
46981
46991
47003
47015
47027
47038
47049
47061
47073
47087
47096
47107
47119
47131
47142
47154
47167
47177
47189
47201
47216
47223
47235
47248
47270
47271
47281
47294
47306
47316
47329
47339
47351
47363
47374
47387
47397
47411
47416
47434
47444
47456
47467
47480
47490
47502
47513
47525
47538
47549
47560
47572
47590
47595
47606
47619
47629
47641
47654
47664
47676
47688
47701
47711
47723
47734
47745
47757
47769
47780
47792
47803
47815
47827
47838
47850
47863
47874
47885
47908
47909
47920
47931
47944
47954
47967
47977
47989
48001
48015
48025
48035
48047
48059
48070
48082
48093
48105
48117
48129
48136
48153
48164
48176
48186
48199
48209
48221
48234
48245
48257
48268
48280
48291
48302
48314
48326
48338
48349
48364
48376
48376
48395
48407
48418
48430
48442
48453
48466
48476
48489
48499
48511
48523
48534
48550
48557
48570
48581
48592
48604
48616
48627
48640
48651
48657
48673
48685
48697
48708
48721
48731
48743
48755
48766
48779
48789
48801
48813
48828
48836
48848
48859
48871
48883
48894
48906
48919
48929
48940
48953
48964
48975
48989
48998
49010
49022
49034
49046
49056
49068
49080
49096
49103
49115
49127
49137
49149
49161
49172
49184
49195
49207
49220
49230
49243
49253
49268
49277
49291
49300
49311
49323
49337
49348
49358
49369
49381
49394
49404
49416
49427
49440
49451
49462
49474
49486
49497
49510
49524
49532
49544
49555
49569
49576
49591
49601
49620
49625
49637
49649
49659
49673
49687
49700
49701
49717
49729
49741
49752
49766
49776
49788
49799
49811
49817
49833
49845
49858
49868
49881
49891
49903
49915
49926
49939
49950
49962
49974
49984
49997
50007
50019
50031
50043
50056
50065
50077
50096
50096
50113
50123
50137
50147
50158
50171
50181
50193
50205
50216
50230
50240
50251
50263
50274
50286
50297
50309
50321
50332
50345
50362
50362
50380
50390
50402
50413
50426
50437
50448
50460
50471
50484
50495
50507
50519
50530
50537
50553
50566
50587
50587
50599
50613
50622
50634
50645
50658
50669
50681
50695
50703
50715
50728
50738
50750
50761
50776
50785
50796
50808
50819
50831
50845
50854
50866
50878
50889
50902
50913
50925
50936
50947
50960
50970
50982
50993
51006
51017
51028
51040
51056
51056
51075
51086
51098
51110
51122
51133
51172
51173
51174
51179
51191
51203
51214
51226
51238
51256
51256
51272
51283
51296
51307
51318
51331
51342
51353
51366
51376
51388
51399
51412
51423
51434
51446
51458
51469
51484
51494
51498
51516
51529
51536
51550
51563
51573
51585
51598
51609
51621
51631
51643
51656
51666
51678
51689
51702
51714
51724
51747
51748
51759
51771
51782
51794
51805
51818
51829
51840
51853
51863
51875
51888
51899
51917
51924
51935
51945
51957
51970
51976
51991
52003
52016
52027
52037
52049
52061
52072
52086
52095
52107
52119
52130
52142
52153
52166
52177
52189
52200
52216
52216
52235
52246
52260
52269
52281
52293
52305
52316
52327
52339
52351
52363
52374
52385
52397
52409
52420
52432
52443
52456
52467
52478
52496
52496
52513
52525
52536
52548
52560
52572
52583
52594
52606
52617
52629
52641
52652
52665
52676
52687
52699
52710
52723
52733
52746
52772
52773
52780
52792
52803
52816
52827
52839
52850
52861
52873
52884
52896
52907
52919
52936
52942
52954
52965
52977
52989
53000
53012
53023
53035
53047
53059
53070
53081
53095
53105
53116
53128
53139
53151
53164
53175
53186
53197
53210
53221
53232
53245
53255
53268
53279
53290
53302
53314
53325
53337
53348
53360
53371
53383
53395
53406
53418
53430
53443
53456
53465
53476
53488
53499
53511
53522
53534
53545
53557
53569
53581
53592
53603
53617
53627
53638
53657
53657
53674
53685
53696
53708
53719
53731
53743
53755
53766
53777
53789
53801
53812
53824
53835
53847
53859
53871
53882
53896
53906
53921
53929
53940
53952
53963
53975
53987
53998
54009
54021
54033
54044
54056
54067
54079
54091
54103
54114
54125
54137
54149
54160
54172
54183
54196
54208
54218
54230
54241
54256
54265
54277
54289
54300
54311
54323
54334
54346
54357
54376
54377
54392
54404
54416
54427
54439
54453
54464
54474
54485
54497
54509
54520
54531
54544
54555
54567
54579
54589
54607
54614
54624
54636
54648
54659
54671
54683
54694
54705
54717
54729
54740
54752
54763
54777
54787
54799
54810
54821
54834
54845
54868
54869
54880
54896
54896
54915
54927
54938
54949
54961
54972
54984
54996
55007
55019
55030
55042
55053
55066
55077
55096
55100
55111
55124
55135
55147
55158
55169
55183
55199
55204
55217
55227
55240
55251
55262
55274
55285
55298
55309
55320
55336
55336
55355
55367
55378
55391
55402
55413
55425
55436
55448
55460
55472
55484
55495
55506
55518
55529
55542
55552
55564
55576
55588
55599
55610
55622
55633
55645
55657
55668
55680
55691
55703
55716
55727
55740
55750
55761
55773
55784
55796
55807
55819
55831
55842
55856
55865
55878
55890
55901
55912
55924
55936
55947
55958
55970
55981
55993
56005
56017
56028
56039
56056
56056
56074
56087
56097
56109
56123
56132
56144
56155
56167
56179
56190
56202
56213
56226
56237
56249
56260
56271
56283
56296
56307
56321
56336
56336
56354
56364
56376
56387
56400
56411
56422
56434
56445
56457
56469
56480
56493
56503
56515
56527
56540
56552
56562
56573
56585
56596
56608
56620
56631
56643
56655
56666
56677
56689
56701
56712
56725
56735
56747
56760
56776
56777
56793
56806
56817
56828
56841
56852
56863
56876
56887
56898
56910
56921
56933
56945
56956
56967
56980
56991
57002
57016
57025
57037
57056
57056
57072
57083
57096
57107
57118
57130
57141
57153
57165
57177
57188
57199
57211
57223
57235
57246
57257
57269
57283
57296
57304
57315
57327
57339
57350
57362
57374
57385
57398
57408
57420
57431
57443
57455
57466
57479
57490
57496
57513
57524
57536
57547
57560
57571
57583
57594
57606
57617
57629
57640
57652
57664
57675
57688
57698
57710
57721
57736
57746
57756
57769
57776
57791
57803
57814
57833
57833
57851
57862
57873
57885
57895
57907
57920
57930
57943
57954
57965
57977
57988
58000
58013
58023
58035
58046
58059
58069
58081
58094
58104
58116
58127
58140
58151
58162
58174
58185
58197
58216
58217
58232
58243
58256
58269
58278
58290
58302
58314
58325
58336
58350
58360
58371
58383
58395
58406
58417
58432
58441
58453
58457
58475
58487
58500
58510
58522
58533
58545
58558
58568
58580
58592
58615
58616
58626
58638
58656
58656
58673
58684
58707
58708
58719
58736
58742
58754
58766
58777
58791
58800
58813
58823
58836
58847
58859
58870
58881
58893
58906
58918
58929
58940
58951
58964
58974
58986
58997
59009
59021
59032
59044
59056
59067
59079
59091
59102
59113
59125
59137
59149
59161
59172
59177
59195
59206
59218
59229
59242
59253
59264
59278
59291
59299
59311
59322
59334
59346
59357
59369
59380
59392
59405
59416
59427
59438
59451
59461
59474
59485
59531
59532
59532
59533
59543
59554
59566
59578
59589
59602
59612
59625
59637
59656
59659
59670
59685
59696
59706
59717
59729
59740
59751
59763
59775
59786
59798
59809
59821
59833
59845
59856
59868
59879
59932
59933
59934
59935
59937
59950
59961
59973
59983
59996
60008
60018
60032
60041
60054
60066
60076
60088
60099
60112
60123
60136
60146
60169
60171
60176
60192
60204
60215
60227
60239
60250
60262
60274
60285
60297
60308
60320
60332
60343
60355
60366
60378
60390
60403
60413
60425
60437
60447
60459
60471
60482
60495
60505
60517
60529
60541
60552
60563
60577
60587
60598
60616
60617
60633
60645
60657
60668
60679
60691
60703
60715
60726
60749
60750
60762
60774
60785
60796
60808
60820
60830
60852
60853
60865
60878
60900
60901
60912
60924
60935
60947
60959
60969
60981
60994
61004
61016
61028
61039
61053
61062
61074
61085
61098
61110
61121
61136
61136
61157
61168
61178
61190
61201
61213
61225
61236
61249
61259
61272
61284
61295
61308
61317
61341
61341
61352
61364
61375
61387
61399
61410
61422
61440
61445
61457
61468
61483
61491
61503
61515
61526
61539
61553
61562
61576
61585
61596
61608
61619
61631
61642
61654
61666
61678
61690
61700
61712
61723
61735
61747
61758
61781
61782
61793
61805
61828
61829
61839
61851
61863
61880
61886
61899
61910
61921
61932
61944
61955
61968
61980
61990
62002
62014
62025
62037
62056
62060
62071
62083
62096
62112
62118
62129
62141
62153
62166
62176
62188
62199
62211
62222
62234
62245
62257
62269
62281
62296
62297
62315
62327
62350
62351
62362
62373
62385
62396
62411
62419
62443
62444
62454
62467
62478
62489
62501
62515
62524
62536
62547
62560
62589
62593
62598
62617
62628
62640
62656
62656
62675
62686
62698
62710
62722
62733
62745
62758
62767
62779
62791
62802
62815
62825
62838
62849
62860
62873
62884
62897
62909
62919
62931
62943
62953
62965
62976
62989
62999
63011
63023
63034
63057
63058
63070
63092
63093
63105
63115
63127
63139
63150
63162
63174
63197
63198
63221
63222
63231
63244
63256
63266
63278
63289
63301
63314
63324
63337
63347
63359
63376
63382
63394
63405
63417
63429
63440
63453
63463
63488
63490
63510
63511
63521
63534
63545
63557
63568
63579
63592
63603
63616
63629
63637
63649
63661
63672
63685
63698
63707
63726
63726
63743
63753
63765
63781
63788
63803
63811
63823
63836
63846
63858
63869
63881
63893
63905
63917
63928
63939
63957
63962
63975
63985
63997
64010
64020
64032
64043
64055
64067
64090
64096
64101
64113
64125
64136
64148
64159
64171
64194
64194
64207
64218
64229
64241
64253
64265
64275
64287
64299
64310
64322
64334
64345
64358
64368
64380
64391
64404
64415
64427
64438
64461
64462
64474
64484
64497
64507
64519
64535
64542
64554
64565
64577
64589
64600
64614
64624
64635
64647
64658
64672
64681
64693
64705
64716
64728
64740
64752
64763
64774
64786
64797
64816
64816
64833
64845
64855
64867
64879
64890
64903
64913
64925
64937
64948
64960
64971
64984
64996
65007
65029
65029
65041
65056
65064
65076
65089
65099
65112
65124
65135
65145
65157
65170
65181
65192
65203
65216
65227
65238
65250
65263
65274
65285
65308
65308
65320
65332
65344
65354
65366
65377
65390
65401
65413
65424
65435
65447
65459
65472
65483
65493
65506
65517
65529
65536
65551
65564
65575
65586
65598
65610
65621
65633
65645
65656
65667
65679
65691
65702
65714
65726
65738
65750
65760
65776
65776
65795
65808
65818
65830
65841
65853
65865
65877
65889
65899
65912
65925
65934
65953
65953
65970
65981
65992
66005
66016
66027
66039
66050
66062
66073
66086
66097
66108
66120
66132
66143
66155
66166
66178
66189
66202
66213
66224
66236
66247
66259
66271
66282
66294
66306
66318
66329
66341
66354
66363
66376
66387
66398
66410
66422
66433
66445
66456
66468
66480
66492
66497
66515
66531
66537
66550
66561
66572
66584
66595
66607
66619
66630
66643
66653
66665
66677
66691
66700
66711
66723
66738
66746
66759
66770
66784
66794
66805
66817
66827
66840
66852
66863
66874
66885
66898
66909
66921
66932
66944
66956
66968
66979
66992
67001
67013
67025
67037
67048
67060
67072
67083
67100
67106
67117
67129
67141
67152
67164
67175
67187
67200
67211
67216
67234
67245
67258
67268
67280
67292
67303
67315
67326
67338
67350
67361
67373
67384
67396
67407
67422
67432
67443
67455
67465
67477
67489
67500
67512
67523
67537
67548
67558
67570
67582
67594
67606
67616
67628
67639
67651
67663
67674
67686
67697
67709
67721
67735
67744
67755
67767
67779
67790
67803
67813
67825
67837
67848
67861
67871
67884
67896
67906
67918
67936
67937
67953
67965
67976
67988
68000
68011
68022
68034
68045
68057
68069
68081
68092
68106
68115
68127
68138
68150
68161
68176
68185
68198
68208
68220
68232
68244
68255
68268
68277
68289
68301
68312
68325
68336
68347
68359
68370
68382
68393
68405
68417
68428
68441
68452
68464
68477
68486
68498
68509
68521
68533
68545
68556
68567
68580
68593
68602
68615
68625
68637
68656
68656
68672
68683
68696
68708
68718
68730
68742
68753
68766
68777
68788
68799
68811
68823
68835
68846
68857
68870
68881
68896
68896
68922
68927
68939
68951
68963
68974
68985
68998
69008
69020
69034
69043
69055
69066
69078
69089
69101
69114
69124
69147
69147
69159
69171
69182
69195
69205
69219
69229
69240
69252
69263
69275
69288
69299
69310
69323
69333
69345
69356
69376
69376
69392
69404
69415
69426
69438
69449
69461
69472
69484
69495
69507
69520
69531
69542
69554
69566
69577
69588
69600
69612
69617
69635
69646
69658
69671
69682
69694
69704
69716
69728
69739
69752
69762
69775
69785
69798
69809
69820
69832
69843
69856
69868
69879
69890
69901
69913
69925
69937
69948
69960
69971
69983
69997
70011
70017
70029
70041
70052
70066
70076
70087
70099
70111
70122
70133
70146
70157
70168
70181
70192
70203
70215
70226
70239
70249
70262
70273
70284
70297
70308
70319
70336
70336
70355
70365
70377
70389
70401
70412
70424
70435
70447
70458
70470
70482
70493
70505
70516
70529
70539
70551
70563
70576
70586
70597
70609
70621
70633
70645
70655
70667
70680
70690
70703
70714
70726
70737
70748
70760
70773
70783
70795
70806
70818
70830
70848
70853
70864
70876
70887
70905
70911
70932
70934
70946
70958
70970
70980
70992
71003
71015
71027
71038
71056
71056
71074
71085
71097
71108
71120
71132
71143
71154
71167
71177
71189
71201
71212
71224
71235
71247
71259
71271
71284
71296
71306
71317
71328
71341
71351
71363
71375
71387
71398
71409
71421
71451
71452
71452
71469
71479
71492
71504
71514
71527
71537
71549
71561
71572
71583
71595
71607
71618
71630
71642
71653
71665
71676
71688
71699
71712
71723
71734
71746
71758
71776
71776
71792
71805
71815
71827
71840
71851
71856
71873
71889
71897
71909
71921
71931
71943
71955
71966
71979
71989
72001
72016
72024
72037
72048
72059
72071
72083
72095
72105
72117
72129
72141
72153
72163
72175
72188
72199
72210
72223
72233
72245
72268
72268
72280
72291
72303
72316
72326
72337
72349
72361
72372
72384
72396
72409
72419
72431
72442
72454
72466
72478
72496
72500
72511
72523
72535
72547
72558
72569
72581
72593
72605
72616
72627
72639
72651
72662
72674
72685
72697
72709
72720
72736
72743
72755
72767
72778
72790
72803
72813
72825
72837
72848
72859
72872
72884
72894
72907
72917
72929
72941
72952
72964
72976
72987
72999
73010
73022
73033
73045
73057
73068
73081
73092
73103
73115
73128
73138
73150
73161
73173
73184
73196
73208
73220
73231
73244
73254
73267
73277
73290
73300
73314
73323
73335
73347
73359
73370
73385
73393
73405
73416
73429
73440
73453
73458
73474
73486
73498
73509
73521
73532
73545
73555
73567
73579
73590
73602
73613
73625
73637
73649
73660
73672
73698
73699
73699
73718
73729
73741
73753
73764
73776
73789
73799
73812
73822
73835
73846
73857
73869
73880
73892
73907
73916
73927
73938
73950
73962
73973
73985
73996
74008
74019
74031
74043
74055
74067
74077
74089
74101
74112
74124
74135
74147
74160
74171
74176
74193
74206
74218
74229
74241
74251
74263
74276
74286
74298
74310
74322
74333
74344
74357
74367
74379
74391
74402
74416
74425
74438
74450
74460
74472
74484
74496
74508
74518
74531
74541
74553
74568
74577
74588
74600
74612
74623
74634
74646
74657
74669
74681
74693
74704
74715
74727
74739
74750
74762
74773
74785
74797
74808
74821
74831
74843
74856
74866
74878
74890
74897
74913
74924
74937
74947
74959
74971
74982
74995
75005
75018
75029
75040
75052
75063
75075
75087
75098
75111
75121
75136
75145
75156
75169
75179
75192
75203
75214
75227
75237
75249
75261
75274
75285
75295
75309
75319
75330
75342
75354
75365
75377
75389
75400
75411
75423
75435
75447
75458
75469
75481
75493
75504
75516
75527
75539
75551
75562
75581
75585
75597
75616
75617
75632
75644
75655
75667
75679
75690
75701
75713
75725
75736
75749
75759
75772
75783
75798
75807
75818
75829
75841
75856
75864
75875
75888
75899
75910
75922
75934
75947
75957
75968
75980
75991
76003
76016
76026
76038
76049
76061
76073
76084
76107
76107
76121
76131
76142
76154
76165
76177
76189
76201
76212
76223
76235
76247
76259
76270
76281
76294
76305
76316
76336
76336
76352
76363
76375
76387
76397
76409
76421
76432
76444
76455
76468
76479
76491
76502
76513
76525
76537
76549
76561
76576
76576
76596
76606
76619
76631
76641
76654
76665
76676
76688
76699
76712
76722
76734
76745
76757
76769
76780
76793
76804
76816
76828
76838
76850
76861
76873
76885
76897
76910
76919
76932
76943
76955
76966
76977
76990
77002
77014
77026
77035
77047
77059
77070
77083
77094
77105
77121
77129
77140
77152
77165
77175
77186
77198
77209
77223
77234
77244
77256
77267
77279
77296
77302
77314
77325
77337
77349
77361
77372
77384
77395
77407
77418
77430
77442
77454
77465
77476
77488
77500
77511
77523
77535
77546
77557
77569
77581
77592
77604
77615
77629
77639
77650
77662
77674
77685
77697
77709
77724
77731
77743
77756
77766
77778
77789
77801
77813
77825
77836
77847
77891
77892
77892
77893
77905
77918
77929
77940
77952
77963
77975
77988
77998
78016
78016
78033
78047
78056
78068
78079
78091
78103
78114
78126
78137
78149
78161
78173
78184
78195
78208
78219
78230
78243
78254
78265
78278
78288
78301
78311
78323
78335
78346
78358
78369
78381
78393
78406
78417
78427
78440
78452
78462
78474
78485
78497
78509
78520
78533
78543
78555
78568
78580
78591
78603
78615
78626
78636
78648
78659
78672
78684
78695
78706
78719
78736
78737
78752
78764
78775
78787
78799
78810
78822
78833
78845
78860
78868
78880
78891
78903
78916
78926
78939
78949
78961
78976
78984
78998
79008
79019
79032
79042
79054
79065
79077
79089
79100
79112
79123
79135
79147
79158
79170
79182
79193
79205
79217
