0
6
6
11
18
23
29
36
40
46
52
59
64
69
75
81
87
93
99
104
111
118
122
127
134
140
145
151
157
162
174
174
180
185
191
197
203
209
214
221
226
232
239
244
250
256
261
267
272
278
284
290
296
301
307
313
319
325
330
336
343
348
355
359
365
371
377
384
388
395
400
406
416
416
424
430
435
441
446
457
459
464
471
475
482
487
493
499
504
511
517
523
528
533
539
545
552
557
562
568
574
580
586
591
597
603
609
616
620
626
632
638
644
655
655
661
667
674
679
684
691
697
702
707
713
719
725
731
736
742
748
754
760
765
771
778
783
789
794
800
806
813
818
824
830
835
841
847
853
859
864
870
877
881
888
893
900
905
910
916
922
929
934
939
945
951
957
963
968
975
980
986
993
997
1003
1009
1015
1022
1026
1032
1038
1044
1050
1056
1062
1068
1073
1080
1084
1090
1096
1102
1108
1113
1119
1125
1136
1137
1142
1148
1155
1160
1166
1171
1178
1183
1189
1195
1200
1209
1212
1218
1225
1229
1235
1241
1247
1253
1258
1264
1270
1276
1282
1288
1293
1299
1305
1311
1316
1323
1328
1334
1340
1346
1351
1358
1364
1374
1374
1381
1386
1393
1398
1403
1410
1415
1421
1427
1432
1439
1444
1451
1456
1461
1468
1473
1479
1486
1490
1497
1502
1509
1515
1519
1526
1531
1537
1543
1548
1555
1560
1566
1572
1578
1584
1589
1595
1601
1607
1613
1616
1631
1635
1636
1641
1647
1653
1660
1665
1671
1676
1682
1688
1694
1700
1706
1712
1717
1722
1728
1734
1740
1746
1752
1757
1764
1770
1775
1780
1787
1793
1799
1804
1809
1815
1822
1829
1834
1839
1844
1856
1857
1862
1868
1873
1879
1885
1891
1896
1903
1908
1914
1920
1925
1932
1938
1943
1950
1955
1961
1966
1972
1979
1984
1989
1995
2001
2007
2012
2018
2024
2030
2036
2042
2047
2053
2059
2066
2071
2076
2082
2094
2094
2099
2105
2111
2118
2123
2129
2134
2141
2146
2152
2157
2164
2169
2175
2181
2186
2193
2198
2206
2211
2215
2222
2227
2233
2239
2245
2250
2256
2263
2268
2274
2279
2285
2291
2297
2302
2308
2314
2321
2326
2336
2336
2343
2349
2355
2360
2366
2372
2379
2384
2389
2396
2401
2407
2414
2418
2424
2431
2437
2442
2447
2453
2459
2465
2471
2476
2483
2488
2494
2500
2505
2511
2517
2523
2530
2534
2540
2546
2552
2558
2565
2570
2575
2582
2587
2593
2599
2604
2610
2617
2621
2628
2634
2639
2646
2650
2656
2662
2668
2675
2680
2685
2692
2697
2703
2708
2714
2721
2726
2732
2737
2743
2749
2756
2761
2766
2773
2778
2784
2790
2795
2801
2808
2813
2819
2824
2830
2836
2842
2848
2855
2860
2865
2872
2878
2882
2888
2895
2901
2906
2911
2918
2923
2929
2935
2940
2946
2953
2959
2964
2969
2975
2981
2988
2994
2998
3004
3010
3016
3023
3028
3033
3040
3045
3052
3056
3063
3068
3074
3080
3085
3091
3098
3104
3110
3115
3120
3126
3132
3139
3143
3150
3155
3162
3168
3172
3179
3184
3190
3196
3202
3207
3213
3219
3225
3230
3237
3242
3248
3254
3259
3265
3272
3277
3284
3289
3295
3301
3306
3313
3317
3323
3330
3335
3341
3347
3352
3359
3365
3370
3377
3381
3388
3393
3399
3404
3410
3417
3423
3428
3433
3439
3445
3451
3457
3462
3468
3474
3480
3486
3492
3498
3505
3510
3515
3521
3526
3536
3538
3549
3549
3555
3562
3567
3574
3578
3585
3590
3596
3602
3607
3613
3620
3625
3631
3637
3642
3648
3654
3661
3666
3671
3678
3684
3689
3695
3700
3706
3712
3718
3723
3729
3735
3741
3747
3752
3758
3764
3771
3776
3782
3787
3793
3799
3805
3810
3816
3822
3828
3834
3839
3846
3851
3858
3863
3868
3874
3881
3886
3892
3898
3903
3909
3915
3921
3926
3932
3938
3944
3950
3955
3962
3967
3973
3980
3985
3990
3997
4002
4013
4014
4020
4025
4032
4037
4043
4048
4054
4061
4066
4071
4079
4085
4089
4095
4102
4106
4117
4120
4125
4130
4136
4142
4147
4153
4159
4164
4170
4176
4183
4187
4193
4200
4205
4211
4216
4222
4228
4234
4240
4245
4256
4257
4263
4269
4275
4280
4286
4293
4299
4303
4309
4316
4321
4327
4332
4338
4344
4350
4356
4361
4368
4374
4379
4385
4390
4397
4402
4409
4414
4419
4426
4431
4437
4443
4448
4454
4461
4466
4472
4477
4484
4495
4496
4502
4506
4513
4518
4524
4530
4535
4541
4548
4553
4560
4564
4570
4576
4582
4588
4593
4599
4605
4611
4617
4622
4628
4634
4640
4646
4651
4657
4663
4669
4675
4682
4686
4692
4698
4704
4709
4715
4722
4727
4736
4739
4744
4751
4757
4762
4767
4774
4779
4785
4791
4796
4802
4808
4815
4820
4825
4831
4838
4843
4849
4854
4860
4866
4873
4878
4884
4890
4895
4901
4907
4913
4918
4924
4930
4936
4942
4947
4953
4959
4965
4971
4977
4983
4988
4995
5000
5005
5011
5017
5023
5028
5034
5041
5047
5053
5057
5064
5070
5075
5082
5086
5092
5098
5104
5110
5115
5121
5127
5133
5139
5144
5150
5157
5162
5169
5174
5180
5186
5191
5197
5203
5214
5221
5222
5226
5231
5237
5244
5250
5255
5261
5266
5273
5278
5284
5289
5296
5301
5307
5313
5318
5324
5330
5336
5343
5347
5353
5359
5365
5372
5377
5383
5389
5394
5400
5405
5412
5417
5423
5429
5434
5441
5446
5456
5456
5463
5475
5476
5480
5487
5492
5499
5505
5510
5516
5521
5527
5533
5539
5545
5550
5556
5563
5568
5574
5579
5585
5591
5598
5603
5608
5614
5620
5627
5633
5638
5644
5655
5655
5661
5666
5673
5679
5684
5695
5695
5701
5707
5713
5720
5724
5730
5736
5742
5749
5755
5759
5765
5772
5777
5783
5788
5794
5800
5806
5812
5818
5823
5830
5835
5840
5846
5852
5858
5865
5870
5875
5881
5888
5893
5898
5905
5910
5916
5922
5927
5936
5939
5945
5951
5957
5962
5969
5987
5987
5988
5991
5997
6003
6009
6017
6021
6026
6032
6038
6044
6049
6055
6063
6068
6072
6078
6084
6090
6097
6101
6108
6114
6120
6125
6130
6137
6142
6148
6154
6160
6165
6172
6176
6184
6189
6194
6201
6206
6212
6217
6224
6229
6235
6241
6246
6252
6259
6264
6271
6276
6282
6288
6293
6299
6304
6310
6316
6324
6329
6333
6339
6345
6351
6357
6362
6368
6375
6381
6387
6393
6398
6403
6410
6415
6421
6426
6433
6439
6444
6449
6455
6461
6467
6473
6478
6484
6490
6496
6502
6507
6514
6519
6525
6531
6536
6543
6548
6554
6560
6565
6571
6577
6583
6589
6594
6600
6607
6612
6618
6623
6629
6636
6641
6648
6652
6659
6665
6671
6676
6681
6688
6694
6699
6710
6716
6716
6722
6729
6735
6739
6745
6751
6757
6764
6768
6774
6781
6786
6793
6797
6803
6810
6816
6821
6827
6832
6839
6845
6855
6855
6862
6868
6873
6879
6884
6891
6896
6903
6909
6914
6919
6925
6931
6937
6942
6948
6954
6961
6967
6971
6978
6984
6990
6996
7000
7006
7012
7020
7025
7029
7036
7041
7047
7054
7058
7064
7070
7077
7082
7087
7093
7100
7105
7112
7117
7122
7129
7134
7140
7145
7151
7158
7164
7170
7175
7180
7186
7193
7198
7203
7209
7216
7221
7228
7233
7239
7245
7250
7257
7261
7267
7273
7279
7285
7290
7297
7302
7308
7314
7319
7326
7331
7338
7343
7348
7354
7360
7367
7376
7376
7383
7389
7396
7401
7406
7412
7418
7424
7430
7436
7442
7447
7456
7459
7464
7471
7477
7482
7488
7494
7499
7505
7511
7518
7523
7528
7534
7540
7546
7551
7557
7564
7570
7575
7581
7586
7592
7598
7604
7615
7615
7621
7627
7634
7638
7644
7651
7656
7662
7667
7674
7679
7685
7691
7697
7703
7708
7714
7720
7725
7732
7737
7744
7749
7754
7761
7766
7772
7779
7783
7789
7796
7801
7808
7812
7818
7824
7831
7836
7842
7853
7854
7859
7865
7870
7882
7888
7888
7894
7899
7906
7912
7918
7923
7928
7934
7940
7947
7952
7957
7964
7969
7975
7981
7987
7992
7999
8005
8010
8016
8022
8027
8034
8039
8044
8050
8056
8062
8068
8073
8079
8085
8096
8097
8102
8108
8115
8121
8126
8132
8137
8143
8149
8156
8160
8167
8172
8178
8185
8189
8196
8202
8208
8213
8218
8225
8231
8236
8242
8247
8254
8259
8265
8271
8276
8282
8288
8294
8300
8306
8312
8318
8323
8330
8334
8340
8346
8352
8358
8364
8369
8376
8381
8387
8392
8398
8404
8410
8416
8421
8427
8433
8440
8445
8451
8457
8463
8468
8474
8479
8485
8495
8498
8503
8508
8514
8521
8527
8533
8538
8543
8549
8561
8561
8566
8576
8578
8590
8591
8595
8602
8608
8614
8619
8624
8632
8637
8642
8649
8655
8659
8665
8671
8678
8682
8688
8694
8700
8706
8712
8717
8723
8730
8736
8741
8747
8752
8759
8764
8769
8776
8781
8788
8793
8798
8804
8816
8816
8822
8827
8833
8839
8846
8852
8858
8863
8868
8875
8880
8885
8891
8897
8904
8909
8914
8920
8927
8932
8943
8943
8949
8956
8961
8967
8972
8978
8990
8991
8996
9001
9007
9014
9020
9030
9036
9036
9042
9054
9054
9065
9071
9071
9078
9095
9097
9100
9112
9117
9119
9123
9130
9136
9142
9146
9153
9158
9165
9170
9175
9182
9187
9193
9199
9205
9210
9216
9222
9228
9234
9240
9245
9256
9256
9262
9268
9274
9280
9286
9292
9297
9303
9310
9315
9321
9326
9333
9338
9344
9350
9355
9361
9367
9374
9378
9385
9390
9396
9402
9407
9413
9426
9426
9432
9436
9442
9448
9454
9461
9465
9471
9477
9483
9494
9494
9500
9506
9513
9518
9523
9529
9535
9542
9548
9552
9558
9564
9570
9576
9581
9587
9593
9600
9605
9610
9617
9622
9628
9634
9640
9646
9651
9658
9664
9668
9675
9680
9686
9692
9698
9703
9709
9715
9722
9726
9736
9736
9750
9755
9755
9761
9769
9773
9779
9784
9790
9796
9802
9808
9814
9820
9825
9831
9838
9843
9848
9854
9861
9866
9874
9878
9884
9890
9895
9900
9906
9912
9918
9924
9929
9935
9942
9947
9954
9959
9964
9976
9976
9982
9987
9993
9999
10005
10011
10016
10022
10028
10034
10040
10046
10052
10057
10064
10069
10074
10081
10086
10093
10098
10104
10110
10116
10121
10128
10132
10139
10144
10150
10156
10161
10168
10173
10180
10185
10190
10196
10202
10214
10215
10220
10226
10231
10237
10243
10248
10254
10260
10266
10273
10277
10290
10295
10295
10302
10308
10313
10318
10324
10331
10335
10341
10347
10354
10359
10364
10370
10376
10383
10388
10394
10399
10405
10411
10417
10424
10428
10434
10440
10446
10452
10456
10464
10470
10476
10480
10486
10493
10498
10505
10509
10515
10522
10528
10533
10539
10545
10551
10556
10563
10567
10574
10579
10585
10592
10596
10602
10608
10614
10620
10625
10631
10637
10644
10649
10654
10660
10666
10672
10678
10683
10690
10695
10701
10707
10713
10718
10724
10731
10736
10742
10747
10753
10759
10765
10770
10776
10783
10789
10794
10799
10805
10811
10817
10823
10828
10834
10841
10846
10853
10857
10863
10869
10875
10882
10886
10893
10898
10905
10911
10916
10921
10927
10934
10939
10945
10950
10956
10962
10968
10973
10979
10986
10991
10997
11003
11008
11014
11020
11027
11031
11037
11043
11050
11055
11060
11066
11073
11078
11084
11089
11095
11101
11108
11113
11118
11124
11130
11136
11142
11147
11153
11159
11165
11176
11176
11182
11188
11195
11200
11205
11212
11218
11223
11229
11234
11240
11247
11252
11258
11263
11269
11275
11282
11287
11292
11298
11304
11311
11316
11321
11333
11339
11340
11346
11353
11356
11365
11369
11375
11379
11386
11391
11398
11404
11414
11415
11420
11427
11433
11437
11443
11450
11455
11462
11466
11472
11478
11484
11490
11496
11501
11507
11513
11519
11525
11530
11536
11543
11548
11554
11559
11566
11571
11578
11583
11589
11595
11600
11607
11612
11618
11623
11629
11636
11640
11646
11653
11658
11669
11669
11676
11681
11687
11693
11700
11704
11710
11716
11722
11729
11733
11739
11746
11753
11757
11762
11769
11774
11781
11786
11791
11797
11803
11809
11814
11821
11826
11832
11838
11845
11849
11855
11862
11867
11872
11880
11885
11897
11897
11901
11907
11913
11919
11925
11930
11936
11942
11948
11955
11959
11965
11971
11978
11984
11988
11994
12000
12006
12012
12017
12023
12029
12035
12041
12047
12052
12058
12064
12070
12075
12082
12087
12094
12100
12104
12110
12116
12122
12129
12133
12140
12145
12151
12157
12162
12169
12174
12180
12186
12191
12197
12203
12210
12216
12220
12226
12233
12238
12245
12250
12255
12261
12268
12273
12278
12285
12290
12296
12302
12307
12313
12320
12325
12331
12337
12342
12348
12354
12361
12365
12376
12377
12383
12389
12394
12400
12406
12412
12419
12423
12430
12435
12442
12447
12452
12458
12464
12470
12476
12482
12489
12494
12499
12512
12512
12517
12522
12528
12534
12539
12545
12552
12557
12563
12568
12575
12582
12586
12592
12598
12604
12615
12616
12622
12627
12633
12639
12644
12650
12655
12662
12667
12674
12679
12684
12690
12697
12703
12713
12719
12719
12725
12731
12737
12742
12748
12754
12760
12767
12772
12777
12783
12790
12795
12801
12806
12813
12819
12824
12830
12836
12841
12847
12856
12858
12864
12871
12876
12882
12887
12894
12899
12906
12911
12916
12922
12928
12935
12941
12946
12951
12957
12963
12970
12975
12980
12986
12992
12999
13003
13009
13016
13022
13027
13032
13038
13045
13052
13056
13061
13067
13073
13080
13085
13096
13096
13104
13109
13115
13119
13125
13132
13138
13143
13149
13154
13160
13166
13172
13177
13183
13190
13196
13201
13207
13212
13219
13224
13230
13244
13244
13249
13253
13259
13264
13270
13277
13282
13288
13293
13299
13305
13312
13317
13323
13334
13335
13340
13346
13351
13358
13363
13370
13376
13380
13387
13392
13398
13405
13410
13415
13421
13427
13433
13439
13444
13451
13456
13462
13467
13473
13479
13485
13492
13496
13502
13509
13514
13520
13525
13532
13537
13543
13549
13555
13560
13567
13576
13576
13584
13590
13595
13601
13608
13612
13618
13625
13630
13636
13641
13647
13653
13660
13666
13670
13676
13682
13690
13695
13700
13705
13712
13717
13724
13728
13735
13740
13747
13752
13757
13763
13769
13775
13781
13786
13792
13798
13804
13811
13815
13821
13828
13833
13840
13844
13850
13856
13863
13869
13874
13880
13885
13891
13897
13902
13908
13914
13920
13926
13931
13938
13943
13949
13955
13961
13966
13972
13978
13984
13989
13995
14001
14007
14014
14018
14024
14031
14037
14042
14048
14053
14059
14066
14072
14076
14082
14088
14095
14100
14105
14111
14117
14123
14130
14134
14140
14146
14152
14158
14163
14170
14175
14181
14187
14193
14200
14210
14210
14217
14221
14228
14233
14239
14246
14250
14256
14262
14268
14274
14279
14285
14296
14297
14303
14308
14315
14320
14327
14332
14337
14344
14349
14355
14361
14367
14373
14378
14384
14391
14395
14401
14408
14413
14422
14426
14430
14436
14442
14448
14453
14460
14465
14473
14478
14482
14489
14494
14501
14511
14511
14517
14523
14535
14535
14541
14546
14552
14559
14564
14571
14575
14582
14587
14593
14598
14604
14610
14616
14622
14628
14633
14639
14645
14651
14656
14662
14668
14674
14680
14685
14692
14697
14703
14710
14714
14721
14726
14733
14739
14743
14749
14755
14761
14767
14776
14778
14784
14790
14796
14801
14808
14814
14819
14825
14830
14836
14843
14849
14854
14859
14865
14871
14878
14883
14888
14895
14901
14906
14913
14918
14924
14929
14936
14942
14947
14952
14958
14964
14970
14976
14981
14987
14994
15000
15006
15016
15016
15026
15029
15034
15039
15046
15051
15058
15062
15068
15074
15080
15086
15092
15098
15103
15110
15115
15120
15126
15132
15139
15144
15150
15156
15162
15167
15178
15184
15184
15190
15196
15202
15209
15213
15220
15226
15232
15237
15243
15254
15254
15261
15266
15272
15279
15283
15289
15294
15300
15306
15312
15318
15323
15330
15335
15342
15347
15353
15359
15364
15370
15377
15381
15387
15393
15399
15405
15412
15417
15422
15428
15434
15440
15445
15456
15457
15463
15468
15474
15480
15486
15496
15496
15504
15510
15515
15521
15527
15533
15539
15545
15550
15555
15562
15567
15574
15579
15585
15590
15596
15602
15609
15613
15620
15626
15631
15638
15643
15649
15655
15661
15666
15672
15677
15683
15690
15695
15701
15706
15713
15718
15724
15735
15735
15741
15747
15753
15758
15765
15770
15776
15782
15787
15793
15800
15805
15812
15817
15823
15828
15834
15840
15847
15856
15856
15864
15870
15874
15880
15886
15892
15898
15904
15910
15916
15921
15928
15933
15938
15944
15950
15957
15961
15967
15974
15979
15985
15992
15997
16002
16008
16015
16020
16026
16032
16037
16043
16048
16054
16060
16066
16073
16078
16083
16089
16095
16102
16106
16112
16118
16126
16131
16135
16141
16148
16153
16159
16164
16171
16177
16182
16188
16193
16200
16207
16212
16216
16222
16228
16234
16240
16246
16252
16258
16263
16270
16275
16280
16286
16292
16298
16305
16310
16315
16322
16328
16333
16338
16344
16350
16356
16362
16367
16374
16380
16385
16391
16396
16403
16408
16414
16421
16425
16431
16437
16444
16454
16454
16461
16466
16472
16478
16485
16489
16495
16501
16508
16512
16519
16524
16533
16537
16541
16547
16553
16560
16565
16570
16577
16582
16588
16595
16599
16605
16612
16617
16623
16628
16635
16640
16646
16653
16657
16663
16669
16675
16681
16687
16696
16698
16704
16710
16715
16721
16728
16733
16739
16744
16750
16757
16763
16768
16773
16779
16786
16791
16797
16804
16809
16814
16820
16826
16831
16837
16844
16855
16855
16860
16866
16872
16878
16884
16889
16895
16901
16907
16914
16918
16924
16936
16942
16943
16947
16953
16960
16965
16972
16976
16983
16989
16994
17000
17012
17014
17019
17023
17029
17034
17041
17046
17053
17058
17064
17069
17076
17081
17088
17092
17099
17105
17110
17117
17123
17127
17133
17139
17145
17150
17156
17163
17169
17174
17180
17185
17191
17197
17203
17209
17214
17221
17226
17232
17238
17244
17250
17255
17261
17266
17272
17278
17284
17290
17297
17301
17307
17313
17319
17324
17330
17337
17342
17348
17353
17360
17365
17372
17377
17382
17389
17394
17400
17406
17416
17417
17423
17429
17435
17440
17447
17452
17459
17465
17469
17475
17481
17489
17493
17499
17505
17510
17516
17522
17529
17533
17540
17545
17552
17556
17562
17568
17574
17580
17585
17591
17597
17604
17610
17614
17620
17627
17633
17638
17643
17655
17656
17661
17667
17673
17679
17684
17690
17696
17702
17707
17713
17720
17725
17730
17736
17742
17748
17755
17759
17766
17772
17777
17784
17788
17795
17801
17806
17812
17817
17824
17829
17835
17841
17846
17853
17856
17870
17875
17875
17882
17887
17894
17900
17905
17910
17916
17922
17928
17934
17939
17946
17951
17957
17963
17969
17974
17980
17986
17991
17998
18003
18010
18015
18020
18026
18034
18039
18044
18049
18055
18064
18068
18073
18078
18084
18091
18097
18103
18107
18114
18120
18125
18136
18137
18142
18149
18155
18160
18166
18171
18177
18183
18189
18194
18200
18206
18213
18219
18223
18230
18235
18241
18248
18252
18259
18264
18270
18276
18282
18287
18294
18300
18305
18311
18317
18323
18329
18334
18339
18345
18352
18358
18363
18370
18375
18380
18387
18393
18397
18404
18409
18415
18421
18427
18433
18438
18444
18450
18455
18461
18467
18474
18479
18484
18491
18497
18502
18509
18514
18519
18525
18532
18537
18542
18548
18554
18561
18567
18571
18577
18583
18589
18596
18600
18607
18616
18618
18624
18630
18635
18641
18647
18653
18659
18664
18671
18676
18683
18687
18693
18699
18705
18711
18716
18723
18728
18734
18740
18746
18752
18758
18763
18769
18774
18781
18786
18792
18798
18803
18810
18815
18822
18827
18832
18838
18844
18851
18857
18861
18868
18873
18880
18885
18891
18897
18902
18909
18915
18919
18925
18932
18937
18944
18949
18954
18960
18967
18972
18977
18983
18989
18995
19001
19006
19012
19018
19024
19031
19037
19041
19047
19053
19059
19065
19070
19076
19082
19093
19093
19100
19106
19111
19118
19122
19128
19135
19140
19146
19152
19157
19163
19169
19176
19180
19187
19192
19198
19205
19210
19215
19221
19227
19234
19238
19244
19250
19256
19262
19267
19274
19279
19286
19292
19296
19302
19308
19315
19321
19325
19336
19336
19344
19350
19354
19361
19366
19373
19378
19383
19390
19395
19401
19407
19412
19419
19424
19430
19436
19442
19448
19453
19459
19466
19470
19476
19482
19488
19495
19500
19506
19511
19517
19523
19529
19534
19541
19547
19552
19558
19563
19576
19576
19581
19586
19592
19598
19604
19610
19615
19622
19628
19633
19639
19644
19651
19656
19662
19668
19673
19679
19685
19691
19698
19702
19708
19714
19720
19726
19731
19737
19743
19749
19756
19761
19766
19772
19779
19784
19789
19795
19801
19807
19818
19820
19824
19831
19836
19842
19848
19853
19860
19865
19871
19876
19882
19888
19894
19901
19905
19911
19917
19923
19929
19934
19940
19946
19952
19959
19964
19970
19976
19981
19987
19993
19998
20004
20011
20016
20021
20027
20034
20039
20045
20051
20056
20062
20068
20074
20079
20085
20091
20098
20103
20109
20115
20120
20126
20133
20137
20144
20150
20156
20161
20166
20173
20178
20184
20190
20195
20201
20208
20214
20219
20224
20230
20236
20242
20248
20253
20259
20266
20271
20277
20283
20294
20294
20300
20307
20311
20317
20324
20329
20335
20340
20346
20352
20358
20364
20369
20375
20381
20387
20394
20399
20404
20410
20417
20422
20427
20434
20439
20450
20452
20456
20462
20472
20475
20480
20485
20492
20497
20503
20509
20514
20520
20526
20536
20538
20543
20550
20555
20562
20568
20572
20578
20584
20591
20597
20601
20608
20613
20619
20626
20630
20636
20642
20648
20654
20659
20666
20672
20677
20683
20688
20694
20701
20706
20712
20717
20723
20729
20735
20741
20746
20752
20758
20764
20775
20775
20781
20787
20794
20800
20806
20810
20817
20823
20828
20834
20839
20846
20851
20857
20862
20868
20874
20880
20886
20892
20897
20903
20910
20915
20920
20927
20932
20938
20944
20950
20956
20962
20968
20973
20978
20984
20990
20996
21002
21007
21016
21020
21025
21031
21037
21043
21048
21055
21060
21066
21071
21078
21083
21090
21095
21101
21106
21112
21119
21124
21130
21135
21142
21147
21152
21158
21165
21170
21177
21181
21187
21193
21199
21205
21211
21216
21222
21229
21234
21239
21245
21252
21257
21263
21269
21274
21280
21286
21293
21298
21303
21310
21315
21322
21328
21332
21338
21344
21351
21355
21361
21368
21373
21380
21386
21391
21396
21402
21409
21413
21419
21425
21431
21437
21442
21448
21454
21460
21467
21472
21477
21484
21495
21497
21502
21507
21512
21518
21524
21530
21536
21542
21547
21553
21559
21565
21572
21577
21583
21587
21593
21599
21606
21613
21617
21622
21628
21634
21641
21646
21651
21657
21663
21669
21674
21680
21686
21693
21698
21705
21709
21715
21722
21727
21733
21739
21744
21750
21756
21761
21767
21773
21779
21785
21790
21796
21803
21808
21815
21819
21825
21831
21837
21844
21848
21854
21860
21866
21872
21877
21883
21889
21896
21902
21907
21912
21918
21924
21930
21935
21941
21948
21954
21959
21965
21976
21976
21982
21988
21994
21999
22005
22011
22018
22024
22028
22034
22041
22046
22051
22057
22063
22069
22075
22080
22086
22092
22098
22104
22109
22115
22122
22127
22134
22138
22144
22150
22156
22162
22167
22173
22179
22186
22191
22196
22203
22214
22214
22220
22226
22232
22237
22243
22249
22255
22260
22266
22273
22278
22283
22289
22295
22301
22307
22312
22319
22325
22330
22336
22342
22348
22353
22359
22366
22371
22376
22382
22388
22395
22400
22405
22412
22417
22423
22429
22434
22441
22447
22453
22456
22464
22470
22475
22481
22486
22492
22498
22504
22511
22515
22521
22527
22533
22539
22544
22551
22556
22563
22568
22573
22579
22586
22591
22598
22602
22608
22614
22620
22626
22631
22637
22643
22649
22655
22660
22666
22672
22678
22684
22690
22695
22701
22707
22713
22718
22724
22730
22737
22743
22747
22754
22760
22766
22771
22776
22782
22788
22794
22800
22805
22811
22817
22823
22829
22835
22840
22846
22853
22859
22863
22869
22875
22881
22887
22892
22899
22905
22911
22916
22921
22927
22936
22939
22946
22950
22956
22962
22969
22974
22979
22986
22991
22998
23003
23009
23014
23020
23026
23032
23038
23043
23049
23055
23061
23066
23072
23079
23084
23090
23097
23101
23107
23114
23119
23126
23130
23136
23142
23149
23153
23159
23165
23172
23177
23182
23189
23195
23201
23206
23213
23218
23224
23229
23235
23240
23246
23253
23259
23265
23269
23276
23281
23287
23293
23299
23305
23310
23317
23323
23327
23333
23339
23345
23351
23356
23363
23369
23374
23380
23385
23392
23397
23403
23410
23415
23420
23426
23432
23438
23443
23450
23455
23461
23467
23472
23478
23484
23491
23497
23501
23507
23513
23519
23525
23530
23536
23542
23548
23554
23559
23566
23571
23577
23584
23588
23594
23600
23607
23612
23618
23624
23629
23635
23641
23647
23653
23656
23677
23678
23681
23682
23687
23693
23699
23705
23710
23717
23722
23728
23735
23739
23745
23752
23757
23762
23768
23775
23780
23786
23791
23798
23803
23809
23815
23821
23826
23832
23840
23845
23849
23856
23861
23868
23873
23878
23884
23896
23896
23902
23907
23913
23920
23925
23932
23937
23942
23948
23954
23960
23966
23971
23983
23983
23989
23994
24000
24006
24012
24019
24030
24035
24035
24042
24047
24052
24058
24065
24071
24077
24081
24087
24093
24099
24105
24110
24116
24123
24134
24135
24140
24146
24152
24157
24170
24170
24175
24180
24187
24192
24197
24204
24209
24215
24222
24226
24233
24238
24245
24250
24256
24261
24269
24274
24279
24285
24290
24296
24303
24308
24313
24319
24325
24332
24338
24342
24348
24354
24361
24371
24376
24378
24383
24389
24395
24400
24407
24412
24418
24425
24429
24435
24441
24450
24453
24458
24465
24470
24477
24482
24487
24493
24499
24505
24511
24516
24524
24529
24535
24540
24546
24551
24558
24564
24571
24574
24580
24586
24592
24598
24603
24610
24616
24621
24628
24633
24639
24644
24651
24656
24662
24668
24673
24679
24685
24691
24697
24703
24708
24715
24719
24725
24731
24737
24743
24748
24754
24760
24767
24772
24777
24784
24789
24795
24802
24806
24812
24818
24825
24830
24836
24841
24847
24856
24859
24865
24870
24876
24882
24888
24894
24899
24905
24912
24917
24923
24928
24935
24940
24946
24951
24957
24963
24969
24975
24980
24986
24992
24999
25004
25009
25015
25022
25027
25034
25039
25044
25050
25057
25062
25069
25074
25079
25085
25096
25102
25102
25108
25115
25121
25126
25132
25139
25149
25149
25154
25160
25166
25172
25178
25183
25189
25196
25202
25207
25212
25218
25225
25231
25238
25241
25248
25253
25260
25266
25276
25282
25283
25289
25295
25305
25306
25311
25318
25324
25330
25334
25340
25347
25353
25357
25363
25370
25375
25382
25386
25392
25399
25405
25410
25415
25421
25427
25434
25440
25445
25451
25457
25463
25469
25473
25480
25485
25491
25497
25502
25509
25514
25520
25527
25532
25537
25543
25549
25556
25560
25567
25573
25576
25589
25595
25595
25601
25607
25614
25619
25625
25630
25636
25642
25648
25653
25660
25665
25671
25677
25682
25688
25694
25700
25705
25712
25718
25723
25730
25734
25740
25746
25753
25758
25763
25769
25776
25781
25787
25792
25798
25805
25816
25816
25821
25828
25833
25839
25845
25856
25856
25863
25869
25874
25891
25891
25892
25897
25904
25908
25914
25921
25926
25932
25937
25944
25949
25955
25962
25966
25973
25979
25984
25991
26001
26001
26007
26013
26019
26024
26030
26036
26042
26053
26053
26059
26065
26071
26077
26083
26089
26100
26106
26106
26117
26117
26123
26135
26140
26141
26147
26152
26158
26164
26169
26181
26187
26187
26194
26198
26204
26211
26217
26223
26227
26233
26239
26245
26258
26258
26263
26269
26274
26280
26285
26296
26296
26304
26310
26315
26320
26327
26333
26338
26343
26349
26355
26362
26367
26372
26379
26384
26390
26397
26402
26407
26413
26419
26425
26430
26437
26443
26449
26454
26459
26465
26472
26477
26483
26488
26501
26502
26508
26513
26517
26523
26535
26535
26542
26546
26552
26558
26565
26570
26575
26581
26587
26594
26599
26605
26610
26616
26622
26628
26635
26640
26645
26651
26657
26663
26668
26674
26680
26687
26691
26697
26703
26709
26715
26721
26727
26733
26738
26744
26751
26761
26761
26767
26773
26778
26784
26790
26797
26802
26808
26814
26819
26826
26832
26836
26843
26848
26854
26861
26865
26872
26877
26883
26889
26894
26901
26906
26913
26918
26923
26929
26935
26941
26947
26952
26958
26970
26971
26976
26981
26988
26993
26999
27005
27013
27017
27022
27029
27034
27065
27065
27068
27069
27073
27080
27092
27092
27097
27103
27109
27115
27121
27126
27132
27139
27144
27150
27156
27161
27167
27174
27180
27186
27190
27197
27202
27208
27214
27220
27225
27232
27238
27243
27254
27254
27261
27266
27272
27278
27283
27290
27295
27300
27306
27313
27318
27324
27329
27336
27341
27348
27354
27358
27364
27371
27376
27383
27387
27394
27400
27406
27412
27416
27423
27428
27435
27440
27445
27451
27457
27463
27469
27474
27481
27487
27496
27496
27503
27509
27516
27522
27528
27532
27538
27545
27550
27557
27564
27567
27573
27580
27586
27590
27596
27602
27609
27614
27619
27626
27632
27638
27643
27649
27655
27660
27666
27673
27677
27684
27689
27695
27701
27707
27713
27719
27724
27735
27736
27741
27747
27754
27759
27766
27770
27776
27783
27788
27794
27799
27805
27812
27817
27823
27828
27834
27840
27846
27851
27857
27863
27869
27880
27886
27886
27893
27898
27904
27910
27915
27921
27927
27934
27938
27944
27950
27956
27963
27967
27974
27979
27986
27991
27997
28002
28009
28014
28020
28025
28032
28038
28044
28051
28054
28060
28066
28072
28079
28083
28089
28095
28101
28107
28114
28118
28125
28130
28136
28141
28147
28153
28160
28166
28171
28176
28182
28189
28195
28199
28205
28212
28216
28223
28228
28235
28240
28246
28253
28258
28263
28269
28275
28281
28286
28293
28299
28305
28310
28316
28321
28327
28333
28339
28344
28350
28356
28363
28369
28373
28379
28386
28391
28397
28402
28409
28415
28421
28426
28432
28437
28443
28457
28461
28463
28466
28472
28479
28484
28491
28495
28501
28508
28513
28518
28524
28530
28537
28542
28547
28553
28560
28566
28571
28576
28583
28588
28594
28600
28605
28612
28617
28624
28629
28636
28641
28647
28652
28658
28664
28669
28676
28681
28687
28696
28698
28705
28711
28716
28721
28728
28733
28740
28745
28750
28757
28762
28769
28774
28779
28785
28792
28797
28804
28809
28814
28820
28827
28832
28837
28844
28850
28855
28866
28872
28872
28879
28885
28890
28895
28901
28907
28913
28920
28925
28936
28942
28943
28948
28953
28959
28966
28978
28982
28983
28988
28995
29000
29006
29013
29017
29023
29030
29035
29041
29047
29052
29059
29065
29069
29075
29082
29088
29094
29098
29105
29110
29116
29123
29127
29134
29140
29145
29152
29157
29163
29169
29174
29180
29185
29191
29197
29203
29210
29214
29220
29227
29232
29238
29244
29249
29256
29261
29267
29273
29278
29284
29291
29296
29301
29308
29314
29319
29325
29330
29337
29342
29349
29354
29360
29365
29372
29377
29383
29389
29396
29401
29406
29416
29416
29423
29429
29435
29442
29446
29452
29458
29465
29471
29475
29481
29487
29493
29499
29504
29510
29516
29523
29529
29533
29539
29546
29551
29557
29563
29568
29574
29580
29586
29591
29597
29605
29610
29616
29620
29627
29632
29638
29644
29655
29655
29661
29667
29673
29678
29684
29690
29696
29702
29707
29713
29719
29725
29731
29736
29743
29748
29755
29760
29766
29771
29777
29783
29790
29795
29801
29806
29812
29818
29823
29829
29835
29841
29847
29852
29858
29864
29870
29877
29881
29887
29900
29901
29906
29910
29916
29922
29928
29934
29939
29945
29951
29958
29963
29968
29975
29981
29986
29992
29998
30003
30010
30015
30021
30027
30032
30039
30045
30050
30062
30063
30067
30073
30081
30086
30090
30096
30102
30108
30113
30119
30126
30136
30136
30142
30148
30154
30160
30166
30172
30177
30184
30189
30195
30201
30206
30212
30218
30225
30230
30236
30241
30247
30254
30259
30264
30271
30276
30282
30287
30293
30299
30305
30311
30316
30322
30329
30334
30340
30345
30352
30357
30364
30370
30374
30380
30386
30393
30398
30404
30410
30416
30421
30427
30434
30438
30445
30450
30457
30462
30467
30473
30479
30486
30490
30499
30503
30508
30514
30520
30526
30531
30538
30544
30548
30554
30560
30567
30573
30577
30584
30589
30596
30602
30607
30616
30616
30630
30635
30635
30641
30647
30653
30660
30664
30670
30676
30682
30689
30693
30699
30705
30711
30717
30724
30728
30734
30741
30747
30752
30757
30764
30769
30775
30780
30786
30792
30798
30805
30809
30815
30821
30827
30833
30839
30845
30856
30856
30863
30867
30874
30879
30885
30891
30896
30902
30908
30916
30921
30925
30931
30937
30943
30949
30955
30960
30966
30972
30979
30983
30989
30996
31002
31008
31012
31019
31024
31030
31036
31041
31047
31053
31059
31065
31070
31076
31084
31089
31095
31099
31105
31111
31117
31123
31128
31135
31140
31146
31153
31157
31163
31169
31175
31181
31187
31192
31198
31205
31211
31217
31221
31227
31233
31240
31245
31250
31256
31262
31268
31273
31279
31286
31291
31297
31302
31308
31315
31321
31326
31336
31336
31350
31355
31355
31361
31367
31373
31378
31384
31389
31395
31401
31407
31413
31418
31424
31430
31436
31442
31447
31453
31459
31465
31471
31476
31482
31489
31494
31500
31505
31512
31517
31524
31530
31534
31540
31546
31552
31559
31563
31575
31576
31581
31587
31592
31598
31605
31610
31617
31622
31628
31634
31639
31645
31650
31657
31662
31668
31675
31679
31685
31691
31697
31703
31708
31715
31721
31726
31732
31737
31743
31749
31755
31762
31766
31772
31778
31785
31790
31795
31802
31807
31814
31819
31824
31830
31836
31843
31848
31853
31859
31865
31871
31877
31883
31888
31895
31901
31906
31911
31918
31924
31930
31936
31940
31946
31952
31958
31964
31970
31975
31982
31987
31993
32000
32005
32010
32016
32022
32027
32033
32039
32046
32052
32056
32062
32069
32074
32080
32086
32092
32098
32103
32110
32115
32121
32127
32132
32139
32143
32149
32155
32162
32167
32172
32178
32184
32190
32197
32201
32208
32213
32219
32225
32231
32236
32242
32250
32254
32260
32265
32272
32277
32283
32294
32295
32300
32306
32313
32318
32323
32330
32335
32342
32347
32352
32358
32364
32370
32375
32381
32387
32394
32399
32406
32410
32416
32422
32428
32433
32439
32445
32451
32457
32463
32468
32474
32480
32486
32491
32497
32503
32509
32515
32521
32526
32536
32536
32550
32555
32556
32561
32567
32574
32578
32585
32590
32596
32603
32607
32613
32619
32626
32631
32636
32643
32649
32655
32660
32666
32671
32678
32684
32689
32694
32700
32707
32712
32719
32724
32729
32736
32741
32747
32753
32758
32764
32776
32776
32781
32787
32794
32799
32805
32810
32816
32822
32828
32835
32839
32846
32856
32858
32863
32869
32874
32880
32886
32892
32898
32904
32909
32915
32921
32926
32933
32939
32944
32950
32956
32961
32967
32974
32980
32984
32990
32996
33002
33009
33013
33020
33026
33031
33037
33042
33048
33054
33061
33066
33071
33077
33083
33089
33095
33100
33106
33112
33118
33124
33129
33135
33141
33148
33153
33158
33164
33171
33177
33182
33187
33194
33200
33205
33211
33218
33223
33228
33235
33241
33245
33256
33256
33263
33269
33274
33281
33287
33293
33299
33303
33310
33316
33322
33327
33333
33338
33344
33350
33356
33361
33368
33374
33379
33385
33391
33396
33402
33408
33414
33420
33425
33431
33437
33443
33454
33454
33460
33466
33472
33477
33483
33495
33496
33501
33506
33512
33518
33524
33530
33535
33541
33547
33554
33560
33564
33570
33577
33582
33589
33593
33599
33605
33611
33617
33622
33630
33635
33640
33646
33651
33657
33664
33670
33675
33680
33686
33692
33698
33704
33709
33715
33721
33727
33736
33738
33744
33751
33756
33762
33767
33773
33779
33785
33791
33797
33802
33808
33815
33821
33826
33831
33837
33843
33849
33855
33860
33866
33872
33878
33883
33889
33898
33902
33908
33912
33918
33924
33930
33937
33941
33948
33953
33959
33965
33976
33977
33982
33988
33994
33999
34005
34011
34017
34024
34028
34034
34044
34047
34052
34058
34063
34070
34075
34081
34086
34093
34099
34104
34110
34115
34121
34127
34133
34139
34145
34150
34156
34162
34169
34173
34179
34185
34191
34197
34203
34214
34214
34220
34226
34231
34238
34243
34249
34256
34261
34268
34272
34279
34285
34289
34296
34302
34307
34313
34318
34324
34330
34336
34343
34347
34354
34359
34365
34371
34376
34382
34388
34395
34400
34405
34412
34417
34423
34429
34434
34440
34446
34453
34456
34463
34469
34476
34483
34488
34492
34499
34505
34510
34516
34521
34527
34533
34539
34545
34550
34556
34562
34568
34574
34579
34585
34591
34598
34603
34608
34614
34620
34627
34632
34639
34643
34650
34655
34661
34666
34672
34678
34684
34691
34696
34701
34707
34713
34719
34724
34730
34737
34742
34748
34754
34759
34765
34771
34778
34783
34788
34794
34801
34807
34811
34817
34823
34829
34835
34840
34846
34856
34856
34869
34875
34875
34881
34887
34893
34899
34905
34911
34916
34923
34928
34933
34939
34945
34951
34956
34963
34968
34974
34980
34986
34991
34997
35003
35009
35014
35021
35026
35032
35038
35043
35050
35055
35062
35067
35072
35078
35084
35091
35097
35101
35107
35113
35119
35125
35131
35137
35143
35148
35154
35159
35165
35176
35178
35183
35188
35194
35200
35206
35212
35218
35224
35230
35235
35241
35247
35256
35256
35270
35275
35275
35281
35287
35293
35300
35305
35310
35317
35322
35328
35334
35339
35348
35352
35357
35362
35369
35375
35381
35386
35391
35397
35403
35415
35415
35420
35426
35432
35438
35445
35451
35456
35462
35468
35474
35479
35484
35491
35497
35502
35507
35514
35520
35525
35531
35536
35542
35549
35554
35560
35565
35571
35577
35584
35589
35595
35601
35606
35612
35618
35623
35629
35635
35641
35647
35656
35659
35664
35671
35676
35682
35687
35694
35700
35705
35710
35716
35723
35728
35734
35739
35745
35752
35758
35764
35768
35774
35780
35787
35793
35797
35803
35809
35816
35822
35828
35832
35838
35845
35851
35855
35861
35867
35873
35879
35884
35893
35898
35903
35908
35913
35920
35925
35931
35938
35942
35949
35954
35960
35966
35971
35977
35985
35990
35995
36000
36006
36012
36018
36024
36030
36035
36041
36047
36053
36058
36064
36070
36076
36082
36087
36093
36099
36106
36111
36116
36122
36129
36134
36140
36146
36151
36158
36163
36170
36175
36181
36186
36192
36199
36203
36209
36216
36222
36228
36233
36238
36244
36251
36256
36261
36268
36274
36280
36285
36290
36296
36302
36310
36315
36320
36325
36331
36338
36343
36349
36354
36360
36366
36376
36376
36383
36389
36395
36401
36406
36413
36418
36424
36430
36435
36441
36447
36453
36459
36465
36470
36476
36482
36488
36493
36499
36505
36511
36517
36523
36528
36534
36540
36546
36552
36557
36563
36569
36575
36581
36586
36592
36599
36604
36610
36615
36622
36627
36633
36638
36645
36656
36662
36662
36667
36674
36679
36687
36691
36696
36703
36708
36714
36720
36726
36732
36738
36745
36749
36754
36761
36767
36772
36778
36783
36789
36796
36802
36807
36812
36819
36824
36830
36837
36842
36847
36856
36860
36865
36870
36876
36882
36889
36895
36899
36905
36911
36917
36923
36929
36934
36940
36947
36952
36958
36964
36970
36976
36981
36986
36992
36998
37004
37010
37016
37021
37027
37033
37039
37044
37050
37056
37063
37068
37073
37079
37085
37096
37096
37103
37108
37115
37121
37127
37136
37137
37144
37150
37156
37161
37167
37172
37179
37184
37189
37196
37201
37208
37214
37218
37224
37230
37236
37243
37247
37256
37259
37265
37271
37276
37282
37288
37294
37300
37305
37311
37318
37323
37334
37334
37341
37347
37353
37358
37365
37369
37375
37381
37388
37392
37398
37404
37411
37417
37421
37428
37434
37440
37446
37450
37456
37462
37469
37475
37480
37486
37491
37497
37503
37508
37514
37520
37526
37532
37537
37544
37549
37555
37562
37567
37576
37578
37584
37591
37595
37602
37607
37616
37619
37625
37630
37637
37642
37648
37654
37659
37666
37671
37678
37682
37689
37694
37700
37706
37711
37717
37723
37730
37736
37742
37747
37752
37758
37764
37769
37775
37781
37787
37793
37798
37805
37812
37816
37822
37827
37833
37839
37845
37856
37856
37863
37868
37874
37880
37885
37891
37898
37904
37909
37914
37921
37926
37932
37939
37943
37951
37956
37961
37967
37973
37978
37985
37990
37996
38002
38007
38013
38019
38026
38030
38037
38042
38054
38054
38059
38066
38071
38077
38083
38094
38096
38101
38107
38113
38117
38123
38129
38136
38142
38147
38153
38159
38164
38170
38175
38181
38187
38193
38199
38205
38210
38217
38222
38229
38233
38240
38246
38251
38257
38262
38268
38274
38281
38286
38292
38297
38303
38309
38315
38321
38326
38332
38338
38344
38349
38356
38362
38367
38373
38378
38385
38390
38397
38403
38407
38414
38419
38425
38432
38437
38442
38448
38455
38460
38466
38471
38478
38484
38490
38495
38500
38506
38512
38518
38523
38535
38535
38541
38548
38552
38559
38564
38571
38576
38581
38588
38594
38599
38605
38610
38616
38622
38628
38635
38639
38645
38656
38656
38664
38669
38674
38681
38686
38693
38698
38704
38710
38716
38722
38726
38732
38738
38744
38751
38755
38761
38768
38773
38780
38784
38790
38797
38802
38808
38813
38820
38825
38831
38838
38842
38849
38855
38860
38866
38871
38877
38883
38890
38895
38900
38906
38912
38918
38925
38930
38935
38941
38947
38953
38958
38964
38970
38976
38983
38987
38994
39000
39006
39016
39017
39023
39028
39040
39040
39045
39056
39057
39064
39070
39074
39080
39087
39093
39098
39103
39110
39115
39122
39127
39133
39139
39144
39150
39156
39161
39167
39173
39179
39186
39191
39196
39202
39209
39215
39219
39226
39231
39238
39243
39254
39258
39261
39266
39273
39278
39283
39289
39295
39301
39306
39312
39318
39325
39330
39335
39342
39347
39353
39360
39366
39371
39376
39383
39388
39394
39400
39405
39411
39417
39422
39429
39435
39441
39446
39452
39457
39463
39470
39475
39481
39487
39493
39496
39509
39515
39515
39522
39527
39536
39538
39544
39550
39556
39563
39568
39574
39580
39585
39591
39596
39602
39608
39614
39621
39625
39632
39638
39644
39650
39654
39660
39666
39677
39679
39683
39689
39696
39701
39707
39712
39718
39725
39736
39736
39741
39747
39753
39760
39765
39771
39777
39782
39788
39795
39799
39805
39811
39817
39823
39828
39835
39841
39846
39853
39858
39863
39870
39875
39881
39887
39892
39899
39904
39911
39916
39921
39928
39933
39939
39945
39951
39956
39962
39973
39976
39979
39985
39991
39997
40002
40016
40020
40020
40026
40031
40037
40043
40049
40055
40060
40066
40072
40078
40084
40089
40095
40102
40107
40113
40118
40125
40130
40136
40143
40148
40153
40159
40165
40171
40176
40183
40188
40194
40200
40206
40217
40218
40223
40229
40234
40241
40247
40252
40258
40263
40269
40275
40282
40287
40292
40299
40305
40311
40316
40321
40327
40333
40342
40346
40351
40356
40363
40368
40374
40379
40386
40392
40397
40403
40409
40414
40420
40426
40432
40438
40443
40450
40456
40462
40466
40472
40478
40484
40491
40496
40501
40507
40515
40520
40524
40530
40536
40543
40548
40553
40559
40565
40571
40577
40582
40588
40594
40600
40606
40612
40618
40623
40629
40635
40640
40647
40652
40658
40664
40670
40676
40681
40687
40694
40698
40704
40711
40716
40723
40728
40733
40739
40745
40752
40756
40762
40768
40774
40780
40785
40792
40797
40803
40810
40815
40820
40826
40833
40838
40843
40849
40856
40861
40867
40872
40878
40885
40890
40897
40901
40908
40913
40919
40925
40931
40936
40942
40948
40955
40960
40966
40976
40976
40983
40988
40994
41001
41006
41013
41018
41024
41031
41035
41042
41046
41053
41058
41065
41070
41076
41081
41087
41094
41100
41105
41110
41117
41123
41128
41133
41139
41145
41151
41158
41162
41174
41174
41181
41187
41193
41197
41203
41211
41215
41221
41226
41233
41238
41244
41249
41255
41262
41268
41273
41278
41284
41290
41297
41302
41307
41313
41319
41325
41331
41337
41343
41348
41354
41360
41365
41371
41378
41383
41396
41401
41402
41407
41416
41418
41424
41430
41435
41442
41448
41452
41458
41464
41470
41476
41481
41487
41494
41499
41506
41511
41516
41522
41528
41534
41540
41545
41552
41557
41564
41568
41574
41581
41586
41593
41597
41603
41609
41616
41622
41626
41632
41639
41644
41655
41656
41662
41667
41673
41679
41685
41690
41696
41702
41708
41713
41719
41725
41732
41738
41742
41748
41754
41761
41767
41771
41777
41783
41789
41796
41800
41806
41812
41818
41824
41829
41835
41841
41847
41853
41858
41864
41871
41876
41882
41888
41893
41899
41906
41911
41916
41922
41929
41934
41940
41946
41953
41957
41964
41970
41974
41981
41986
41993
41998
42005
42010
42016
42021
42027
42032
42038
42044
42050
42056
42062
42067
42073
42080
42085
42091
42096
42103
42109
42115
42119
42126
42136
42136
42149
42150
42155
42161
42168
42172
42177
42184
42190
42196
42201
42207
42213
42219
42224
42230
42235
42241
42247
42254
42259
42264
42270
42276
42282
42289
42294
42301
42305
42312
42318
42323
42330
42334
42340
42346
42351
42358
42363
42375
42375
42380
42387
42393
42398
42405
42415
42416
42421
42427
42433
42439
42444
42450
42457
42462
42467
42473
42479
42486
42491
42496
42502
42508
42514
42520
42525
42532
42537
42543
42549
42554
42560
42566
42573
42578
42583
42590
42596
42602
42607
42613
42619
42625
42630
42636
42642
42647
42654
42659
42666
42670
42676
42682
42688
42694
42699
42705
42711
42717
42724
42729
42734
42741
42747
42753
42758
42763
42769
42775
42781
42786
42793
42798
42804
42810
42815
42822
42827
42834
42839
42845
42857
42857
42862
42869
42873
42879
42885
42892
42896
42902
42909
42914
42921
42927
42931
42937
42943
42950
42955
42960
42966
42972
42978
42984
42990
42995
43001
43007
43013
43018
43024
43031
43037
43043
43047
43053
43060
43066
43071
43076
43083
43094
43094
43100
43106
43112
43118
43124
43129
43134
43141
43146
43152
43158
43163
43169
43175
43181
43187
43192
43199
43204
43210
43217
43221
43227
43233
43239
43245
43251
43256
43262
43269
43275
43279
43285
43292
43297
43304
43308
43314
43320
43326
43334
43337
43344
43349
43355
43361
43366
43376
43378
43384
43390
43395
43402
43408
43413
43419
43425
43430
43437
43442
43449
43454
43460
43465
43471
43477
43482
43488
43494
43501
43506
43518
43523
43524
43530
43535
43540
43547
43552
43558
43564
43575
43576
43581
43588
43593
43599
43604
43611
43617
43623
43627
43633
43641
43646
43652
43656
43662
43668
43676
43681
43686
43691
43698
43709
43714
43714
43720
43726
43733
43739
43743
43749
43756
43762
43767
43772
43779
43784
43790
43796
43801
43807
43816
43819
43825
43830
43837
43842
43856
43856
43859
43866
43872
43877
43883
43894
43894
43900
43907
43912
43918
43923
43929
43936
43941
43947
43952
43959
43964
43970
43976
43982
43988
43993
43999
44005
44010
44017
44023
44028
44033
44040
44045
44056
44056
44062
44068
44075
44080
44087
44091
44097
44103
44110
44115
44120
44132
44138
44139
44144
44149
44155
44162
44167
44174
44179
44185
44190
44196
44203
44207
44213
44219
44225
44232
44237
44243
44248
44254
44261
44266
44271
44278
44283
44291
44295
44301
44306
44312
44318
44323
44330
44336
44342
44348
44352
44358
44365
44370
44377
44381
44387
44394
44399
44405
44411
44416
44423
44428
44434
44439
44446
44451
44457
44463
44468
44475
44481
44486
44492
44497
44503
44509
44515
44521
44527
44536
44536
44550
44555
44555
44561
44568
44573
44579
44584
44591
44597
44602
44609
44614
44619
44625
44631
44638
44642
44648
44654
44666
44666
44671
44678
44683
44689
44700
44706
44706
44712
44724
44725
44729
44735
44741
44748
44753
44758
44765
44771
44776
44782
44787
44793
44799
44805
44816
44816
44822
44828
44834
44840
44845
44856
44857
44863
44869
44876
44887
44892
44893
44899
44909
44915
44915
44922
44927
44932
44938
44944
44950
44956
44962
44967
44974
44979
44985
44990
44997
45002
45009
45014
45019
45026
45032
45038
45056
45056
45060
45070
45070
45077
45083
45090
45096
45101
45106
45112
45118
45124
45131
45135
45141
45148
45153
45159
45165
45170
45177
45182
45188
45193
45199
45205
45211
45217
45224
45228
45234
45240
45246
45256
45263
45263
45275
45276
45279
45286
45293
45298
45304
45309
45315
45321
45328
45333
45338
45344
45351
45357
45362
45368
45374
45379
45385
45392
45397
45402
45408
45414
45420
45425
45432
45437
45443
45450
45454
45460
45466
45472
45479
45484
45490
45495
45501
45507
45512
45518
45524
45538
45543
45544
45547
45553
45559
45565
45570
45577
45583
45588
45594
45599
45605
45611
45617
45623
45628
45635
45640
45646
45653
45657
45664
45669
45676
45682
45688
45692
45699
45704
45710
45716
45721
45727
45734
45740
45744
45751
45756
45762
45773
45776
45779
45785
45791
45798
45803
45809
45815
45820
45826
45831
45843
45849
45851
45856
45860
45867
45872
45879
45885
45889
45896
45901
45907
45913
45919
45924
45931
45937
45942
45948
45954
45959
45965
45976
45982
45982
45988
45994
46000
46005
46011
46019
46024
46029
46035
46040
46046
46052
46058
46063
46069
46076
46082
46087
46092
46131
46132
46132
46133
46134
46134
46135
46137
46143
46150
46156
46162
46169
46174
46179
46191
46197
46197
46204
46209
46215
46221
46226
46232
46237
46243
46255
46255
46261
46266
46273
46279
46284
46290
46295
46301
46307
46314
46320
46325
46330
46337
46348
46348
46353
46359
46365
46371
46377
46383
46388
46394
46400
46407
46413
46417
46423
46429
46435
46441
46455
46459
46460
46464
46469
46475
46481
46487
46493
46498
46504
46516
46522
46522
46527
46534
46540
46546
46551
46556
46563
46568
46575
46581
46585
46592
46598
46603
46609
46614
46620
46627
46633
46638
46644
46649
46655
46661
46667
46672
46679
46685
46696
46696
46702
46707
46714
46720
46725
46731
46736
46742
46748
46754
46759
46766
46772
46778
46784
46789
46795
46801
46806
46812
46817
46823
46830
46835
46841
46847
46852
46858
46865
46870
46876
46881
46887
46893
46904
46910
46910
46916
46923
46933
46933
46939
46945
46951
46957
46962
46968
46974
46981
46986
46991
46998
47003
47009
47015
47020
47027
47033
47038
47044
47049
47055
47061
47067
47073
47078
47085
47090
47096
47102
47107
47113
47119
47125
47131
47136
47142
47148
47154
47160
47167
47172
47176
47183
47189
47194
47201
47207
47218
47223
47223
47229
47235
47241
47248
47252
47258
47264
47271
47277
47281
47288
47294
47299
47306
47312
47316
47323
47329
47335
47339
47345
47351
47357
47363
47368
47374
47380
47387
47392
47397
47403
47410
47415
47421
47427
47432
47438
47444
47450
47456
47463
47467
47474
47480
47484
47490
47496
47502
47509
47513
47519
47525
47532
47538
47542
47549
47554
47560
47567
47572
47577
47584
47589
47596
47600
47606
47612
47619
47624
47629
47635
47641
47647
47654
47658
47664
47670
47676
47682
47688
47693
47700
47705
47711
47717
47723
47728
47734
47740
47745
47751
47757
47763
47769
47774
47780
47787
47792
47798
47803
47809
47815
47821
47827
47832
47838
47844
47850
47856
47863
47867
47874
47880
47885
47891
47896
47902
47909
47915
47920
47926
47931
47937
47944
47949
47954
47960
47967
47972
47977
47983
47989
47995
48001
48007
48013
48018
48024
48030
48036
48042
48047
48053
48059
48065
48070
48077
48082
48088
48093
48100
48105
48112
48117
48122
48129
48134
48140
48147
48152
48157
48163
48170
48175
48180
48187
48192
48198
48205
48209
48216
48221
48228
48234
48238
48245
48250
48257
48262
48268
48274
48280
48286
48291
48297
48302
48309
48314
48321
48326
48332
48338
48343
48349
48354
48361
48366
48376
48376
48383
48389
48395
48401
48407
48413
48418
48424
48430
48436
48442
48447
48453
48459
48466
48470
48476
48482
48491
48494
48500
48505
48512
48517
48523
48529
48534
48543
48547
48552
48557
48564
48570
48576
48581
48586
48592
48599
48604
48615
48616
48621
48627
48633
48646
48647
48651
48656
48662
48668
48674
48679
48686
48691
48697
48702
48708
48715
48721
48726
48731
48737
48743
48749
48755
48760
48766
48772
48779
48785
48789
48796
48801
48807
48813
48819
48825
48831
48837
48842
48847
48856
48859
48866
48871
48876
48883
48888
48894
48900
48906
48911
48918
48923
48929
48934
48940
48946
48953
48959
48964
48969
48975
48981
48988
48993
48998
49005
49010
49016
49022
49027
49034
49039
49046
49050
49056
49062
49068
49075
49080
49085
49092
49096
49103
49108
49115
49120
49127
49136
49137
49143
49149
49155
49161
49166
49172
49178
49184
49191
49195
49202
49207
49214
49220
49225
49230
49237
49243
49248
49253
49260
49266
49271
49278
49283
49289
49294
49301
49307
49312
49318
49324
49335
49336
49341
49347
49352
49358
49364
49369
49375
49381
49387
49394
49398
49404
49411
49416
49423
49427
49433
49440
49445
49451
49456
49462
49469
49474
49480
49486
49491
49497
49503
49510
49514
49521
49527
49532
49539
49544
49550
49555
49561
49572
49572
49578
49585
49591
49597
49601
49607
49614
49619
49625
49630
49637
49642
49649
49654
49659
49666
49672
49677
49684
49689
49695
49700
49707
49712
49718
49724
49729
49735
49741
49747
49752
49759
49765
49771
49775
49781
49788
49794
49799
49804
49811
49817
49822
49828
49833
49839
49845
49852
49858
49863
49868
49874
49881
49886
49891
49897
49903
49909
49915
49920
49926
49932
49939
49944
49950
49955
49962
49967
49974
49978
49984
49990
49997
50002
50007
50013
50019
50026
50031
50036
50043
50049
50054
50060
50066
50072
50077
50084
50090
50094
50100
50106
50112
50118
50123
50129
50136
50142
50148
50153
50158
50164
50171
50176
50181
50187
50193
50199
50205
50210
50216
50222
50229
50234
50239
50245
50251
50257
50263
50268
50274
50280
50286
50296
50297
50303
50309
50315
50321
50327
50332
50339
50345
50350
50357
50361
50367
50374
50380
50384
50390
50397
50402
50408
50413
50419
50426
50432
50437
50442
50448
50454
50460
50467
50471
50479
50484
50489
50495
50500
50507
50513
50519
50525
50530
50535
50542
50548
50554
50558
50564
50576
50577
50582
50587
50593
50599
50605
50612
50616
50622
50628
50634
50640
50645
50652
50658
50664
50669
50674
50681
50687
50693
50698
50703
50709
50715
50722
50728
50732
50738
50744
50750
50756
50761
50767
50776
50780
50785
50790
50796
50803
50808
50814
50819
50825
50831
50838
50844
50850
50854
50861
50866
50872
50878
50883
50889
50895
50902
50906
50913
50919
50925
50930
50936
50942
50947
50953
50960
50964
50970
50976
50982
50989
50993
50999
51006
51016
51017
51022
51028
51034
51040
51046
51056
51056
51063
51069
51076
51080
51086
51092
51098
51105
51110
51115
51122
51128
51133
51138
51146
51151
51156
51166
51169
51174
51180
51185
51192
51197
51202
51208
51214
51221
51226
51231
51238
51244
51254
51256
51260
51266
51272
51279
51283
51290
51296
51301
51307
51313
51318
51325
51331
51336
51342
51347
51353
51359
51366
51371
51376
51382
51388
51394
51399
51405
51412
51418
51423
51428
51434
51441
51446
51452
51458
51463
51469
51475
51482
51486
51493
51496
51510
51515
51515
51521
51528
51534
51539
51544
51550
51556
51563
51569
51573
51579
51585
51591
51598
51603
51609
51614
51621
51626
51631
51637
51643
51650
51656
51662
51666
51672
51678
51685
51689
51696
51702
51707
51714
51719
51724
51736
51736
51743
51748
51753
51759
51765
51771
51776
51782
51788
51794
51800
51805
51812
51818
51823
51829
51834
51840
51846
51853
51859
51863
51869
51875
51881
51888
51892
51899
51905
51917
51918
51923
51927
51935
51940
51945
51950
51957
51962
51969
51974
51979
51985
51992
51998
52003
52014
52016
52020
52027
52032
52037
52044
52049
52055
52061
52066
52072
52078
52085
52090
52096
52101
52107
52114
52119
52124
52130
52136
52142
52148
52153
52159
52166
52171
52177
52182
52189
52194
52200
52207
52216
52217
52223
52230
52235
52240
52246
52252
52259
52265
52269
52276
52281
52287
52293
52298
52305
52310
52316
52322
52327
52334
52339
52345
52351
52356
52363
52368
52374
52381
52385
52392
52397
52403
52409
52416
52420
52426
52432
52438
52443
52450
52455
52462
52467
52472
52478
52484
52496
52496
52502
52507
52514
52520
52525
52530
52536
52542
52548
52554
52560
52566
52572
52578
52583
52589
52594
52601
52606
52612
52617
52623
52629
52635
52641
52646
52652
52658
52665
52670
52676
52681
52687
52694
52700
52704
52710
52717
52723
52728
52733
52739
52746
52751
52758
52762
52769
52775
52781
52786
52791
52797
52803
52810
52817
52821
52826
52834
52840
52844
52850
52856
52861
52867
52873
52878
52884
52890
52896
52902
52907
52913
52919
52926
52936
52937
52942
52948
52954
52961
52965
52976
52976
52983
52989
52994
53000
53007
53012
53018
53023
53029
53035
53042
53047
53052
53059
53064
53070
53077
53081
53087
53094
53099
53105
53110
53116
53123
53128
53135
53139
53145
53151
53158
53164
53174
53175
53180
53186
53192
53197
53203
53210
53216
53221
53226
53232
53238
53245
53250
53255
53261
53268
53273
53279
53284
53290
53297
53302
53308
53314
53319
53325
53331
53337
53342
53348
53354
53360
53366
53371
53377
53383
53389
53395
53400
53406
53413
53416
53430
53435
53436
53442
53453
53453
53458
53465
53470
53476
53487
53493
53493
53499
53506
53511
53516
53522
53529
53534
53540
53545
53551
53557
53563
53569
53574
53581
53586
53592
53598
53603
53609
53617
53622
53627
53634
53638
53645
53656
53656
53661
53668
53674
53679
53685
53690
53696
53702
53708
53714
53719
53726
53731
53738
53743
53748
53755
53761
53766
53773
53777
53783
53789
53795
53801
53806
53812
53818
53824
53831
53835
53841
53847
53854
53859
53865
53871
53876
53882
53893
53893
53899
53906
53911
53918
53922
53934
53934
53940
53948
53952
53958
53963
53970
53975
53980
53987
53992
53998
54005
54009
54015
54021
54027
54033
54039
54044
54051
54056
54063
54067
54073
54079
54086
54091
54096
54103
54108
54114
54120
54125
54132
54137
54143
54149
54154
54160
54166
54172
54179
54183
54190
54196
54202
54208
54212
54218
54224
54230
54237
54241
54253
54253
54259
54266
54270
54277
54283
54289
54295
54300
54305
54311
54317
54323
54329
54334
54341
54346
54353
54357
54363
54375
54376
54382
54386
54392
54398
54404
54415
54415
54421
54427
54433
54439
54444
54453
54457
54463
54468
54473
54479
54485
54492
54497
54502
54509
54514
54520
54526
54531
54537
54544
54549
54555
54560
54567
54572
54579
54584
54589
54595
54602
54607
54616
54619
54624
54630
54636
54642
54648
54653
54659
54665
54671
54676
54683
54688
54694
54701
54705
54712
54717
54724
54729
54734
54740
54746
54752
54758
54763
54770
54776
54782
54787
54792
54799
54804
54810
54817
54821
54827
54834
54839
54845
54856
54856
54862
54869
54874
54880
54885
54896
54897
54904
54908
54914
54920
54926
54932
54937
54943
54949
54955
54961
54966
54972
54978
54984
54991
54996
55001
55007
55013
55019
55025
55030
55037
55042
55048
55053
55060
55066
55071
55077
55084
55094
55095
55101
55106
55112
55117
55123
55130
55135
55140
55147
55152
55158
55164
55169
55176
55182
55188
55193
55199
55204
55210
55217
55222
55227
55233
55240
55245
55251
55256
55262
55268
55274
55280
55285
55292
55298
55303
55309
55314
55320
55326
55336
55336
55343
55349
55355
55361
55367
55374
55378
55385
55391
55396
55402
55407
55413
55419
55425
55430
55436
55442
55448
55454
55460
55466
55472
55477
55484
55488
55495
55500
55506
55512
55518
55523
55529
55537
55542
55547
55552
55559
55564
55575
55575
55581
55587
55594
55599
55605
55610
55617
55622
55629
55633
55640
55645
55651
55657
55662
55668
55674
55680
55686
55691
55698
55703
55709
55716
55720
55727
55732
55739
55744
55750
55756
55761
55767
55773
55778
55784
55791
55796
55802
55807
55816
55819
55825
55831
55836
55842
55849
55854
55861
55865
55871
55878
55883
55890
55894
55901
55907
55912
55918
55924
55929
55936
55942
55947
55953
55958
55964
55970
55976
55981
55988
55993
55999
56005
56010
56017
56023
56028
56035
56039
56046
56056
56056
56063
56068
56074
56081
56087
56092
56097
56103
56109
56116
56122
56126
56132
56138
56144
56150
56155
56162
56167
56174
56179
56185
56190
56196
56202
56208
56213
56220
56226
56232
56237
56242
56249
56254
56260
56267
56271
56278
56283
56295
56295
56300
56306
56312
56319
56324
56330
56336
56342
56348
56355
56360
56366
56371
56376
56383
56387
56393
56400
56407
56411
56416
56422
56429
56434
56440
56445
56452
56457
56463
56469
56474
56480
56486
56493
56499
56503
56509
56515
56522
56527
56536
56539
56544
56550
56556
56562
56568
56573
56580
56585
56590
56596
56602
56608
56614
56620
56625
56631
56637
56643
56648
56655
56661
56666
56672
56677
56683
56689
56696
56701
56707
56712
56719
56725
56731
56735
56741
56747
56754
56760
56764
56776
56777
56782
56788
56793
56799
56806
56812
56817
56822
56828
56834
56841
56846
56852
56857
56863
56869
56876
56881
56887
56892
56898
56905
56910
56916
56921
56927
56933
56938
56945
56950
56956
56962
56967
56973
56980
56986
56991
56996
57002
57014
57016
57020
57025
57031
57038
57043
57054
57054
57061
57066
57072
57078
57083
57089
57096
57102
57107
57112
57118
57124
57130
57136
57141
57147
57153
57159
57165
57170
57177
57182
57188
57195
57199
57205
57211
57218
57223
57228
57235
57240
57246
57253
57256
57264
57271
57276
57281
57288
57292
57298
57305
57310
57315
57321
57327
57334
57339
57344
57350
57356
57362
57368
57374
57379
57385
57391
57398
57402
57408
57414
57420
57427
57431
57437
57443
57449
57455
57460
57466
57472
57479
57484
57490
57495
57501
57507
57514
57518
57524
57531
57536
57542
57547
57554
57560
57566
57571
57576
57583
57588
57594
57601
57606
57611
57617
57623
57629
57634
57640
57646
57652
57659
57664
57670
57675
57681
57688
57692
57698
57704
57710
57716
57721
57727
57736
57739
57746
57750
57756
57762
57769
57774
57779
57786
57792
57797
57804
57809
57814
57821
57828
57833
57837
57844
57849
57856
57861
57867
57873
57879
57885
57891
57895
57901
57907
57914
57920
57925
57930
57936
57943
57948
57954
57959
57965
57976
57976
57982
57989
57994
58000
58006
58013
58018
58023
58030
58035
58040
58046
58053
58059
58064
58069
58075
58081
58087
58094
58099
58104
58110
58116
58122
58127
58134
58140
58145
58151
58157
58162
58168
58174
58180
58185
58192
58197
58204
58210
58215
58220
58227
58232
58238
58243
58255
58255
58261
58268
58272
58279
58284
58291
58296
58302
58307
58314
58320
58325
58331
58336
58343
58349
58354
58360
58365
58371
58377
58383
58389
58395
58400
58406
58412
58417
58424
58430
58436
58441
58446
58453
58456
58470
58475
58476
58482
58487
58495
58500
58504
58510
58517
58522
58528
58533
58539
58545
58551
58558
58563
58568
58574
58580
58586
58592
58597
58604
58609
58616
58620
58626
58633
58638
58644
58655
58655
58661
58667
58674
58678
58684
58691
58696
58702
58707
58714
58719
58725
58736
58742
58743
58748
58754
58760
58766
58772
58777
58783
58790
58794
58800
58807
58813
58818
58823
58829
58836
58842
58847
58852
58859
58864
58870
58877
58881
58887
58893
58899
58906
58910
58917
58923
58929
58934
58941
58945
58951
58957
58964
58968
58974
58980
58986
58992
58997
59004
59009
59015
59021
59026
59032
59039
59044
59050
59056
59062
59067
59073
59079
59084
59091
59097
59102
59108
59113
59119
59125
59131
59137
59144
59149
59154
59161
59167
59172
59176
59183
59189
59195
59202
59206
59213
59216
59229
59235
59235
59242
59247
59253
59258
59264
59271
59277
59282
59288
59293
59300
59305
59312
59316
59322
59328
59334
59340
59346
59351
59357
59363
59369
59374
59380
59387
59392
59398
59405
59415
59416
59422
59427
59432
59438
59444
59451
59457
59461
59467
59474
59479
59485
59490
59497
59502
59508
59515
59519
59525
59531
59537
59543
59548
59554
59560
59566
59573
59578
59583
59589
59596
59602
59606
59612
59618
59625
59631
59637
59641
59648
59653
59660
59664
59671
59676
59683
59693
59693
59700
59705
59712
59717
59723
59729
59734
59740
59746
59751
59757
59763
59769
59775
59781
59786
59792
59798
59804
59809
59815
59821
59827
59833
59838
59845
59850
59856
59862
59868
59875
59879
59885
59896
59896
59902
59908
59915
59920
59926
59932
59937
59943
59950
59954
59961
59966
59973
59978
59983
59990
59996
60002
60008
60013
60018
60024
60031
60036
60041
60047
60054
60060
60066
60070
60076
60083
60088
60095
60099
60105
60112
60117
60123
60134
60134
60140
60146
60152
60159
60163
60175
60176
60182
60186
60192
60198
60204
60210
60215
60221
60227
60233
60239
60250
60256
60257
60262
60268
60274
60279
60285
60291
60297
60302
60308
60314
60320
60326
60332
60337
60343
60350
60355
60360
60366
60373
60378
60389
60390
60395
60402
60408
60413
60418
60425
60430
60437
60443
60447
60453
60459
60466
60471
60476
60482
60489
60495
60505
60511
60511
60517
60523
60529
60534
60541
60546
60552
60558
60563
60569
60576
60582
60587
60594
60598
60605
60616
60616
60621
60628
60634
60639
60645
60656
60657
60662
60668
60674
60679
60685
60691
60698
60703
60708
60715
60720
60726
60732
60743
60749
60749
60755
60762
60766
60773
60778
60785
60791
60796
60802
60808
60814
60820
60824
60830
60836
60844
60849
60854
60860
60866
60871
60878
60882
60888
60894
60900
60907
60913
60917
60924
60929
60935
60940
60947
60952
60959
60965
60969
60975
60981
60987
60994
61000
61004
61010
61016
61022
61028
61033
61039
61046
61052
61057
61063
61068
61075
61080
61085
61096
61098
61103
61110
61114
61121
61126
61138
61139
61149
61149
61155
61161
61167
61173
61179
61184
61191
61197
61201
61207
61213
61219
61225
61230
61236
61243
61249
61255
61259
61265
61272
61277
61284
61288
61300
61302
61307
61312
61317
61323
61335
61335
61341
61346
61352
61359
61364
61370
61375
61382
61387
61393
61399
61404
61411
61416
61422
61428
61437
61440
61445
61457
61462
61463
61468
61474
61481
61486
61491
61497
61503
61509
61515
61520
61526
61533
61540
61549
61549
61555
61561
61567
61576
61578
61585
61591
61596
61602
61613
61619
61620
61625
61631
61636
61642
61649
61654
61660
61666
61672
61679
61683
61689
61695
61700
61706
61712
61718
61723
61729
61735
61741
61747
61752
61758
61764
61776
61781
61781
61789
61794
61806
61811
61812
61817
61822
61828
61834
61845
61851
61851
61857
61863
61868
61875
61880
61886
61892
61899
61905
61910
61916
61921
61927
61932
61938
61944
61951
61955
61961
61969
61973
61980
61984
61990
61996
62002
62008
62014
62019
62025
62031
62037
62042
62054
62056
62061
62066
62071
62077
62083
62095
62095
62100
62106
62112
62119
62124
62131
62135
62141
62147
62153
62159
62165
62171
62176
62182
62188
62193
62199
62205
62211
62216
62222
62228
62234
62240
62245
62251
62257
62263
62269
62274
62281
62286
62293
62298
62309
62309
62315
62321
62327
62332
62338
62344
62350
62357
62361
62367
62373
62380
62385
62390
62396
62409
62409
62414
62420
62426
62437
62443
62443
62448
62454
62460
62467
62472
62478
62483
62489
62495
62501
62506
62513
62519
62524
62535
62536
62541
62547
62554
62560
62577
62580
62582
62592
62592
62600
62606
62611
62617
62623
62628
62634
62640
62646
62656
62656
62663
62669
62676
62680
62686
62692
62698
62704
62710
62715
62722
62727
62733
62739
62745
62750
62757
62763
62768
62774
62779
62785
62791
62797
62802
62808
62815
62820
62825
62831
62838
62843
62849
62854
62860
62866
62873
62878
62884
62895
62896
62901
62908
62912
62919
62924
62931
62938
62943
62947
62953
62960
62965
62970
62976
62983
62989
62995
62999
63006
63011
63017
63023
63029
63034
63040
63046
63056
63057
63063
63070
63075
63081
63086
63092
63098
63104
63110
63115
63122
63127
63134
63139
63144
63150
63156
63162
63168
63174
63180
63186
63191
63197
63203
63208
63215
63220
63226
63231
63237
63244
63249
63256
63260
63266
63272
63278
63284
63289
63296
63301
63307
63313
63318
63324
63330
63337
63341
63347
63353
63359
63365
63376
63376
63382
63389
63394
63400
63405
63411
63417
63423
63428
63434
63440
63447
63453
63457
63463
63469
63481
63482
63486
63492
63505
63511
63512
63515
63521
63527
63534
63540
63544
63551
63556
63562
63568
63573
63579
63585
63592
63597
63602
63614
63614
63621
63627
63631
63637
63643
63649
63655
63660
63666
63672
63678
63685
63690
63697
63701
63707
63716
63721
63724
63730
63736
63742
63747
63753
63759
63765
63772
63778
63783
63788
63794
63801
63805
63811
63818
63823
63829
63835
63840
63846
63856
63856
63863
63869
63875
63881
63888
63892
63898
63904
63911
63916
63921
63928
63934
63939
63946
63952
63956
63962
63968
63975
63979
63985
63992
63997
64004
64009
64015
64021
64026
64032
64037
64043
64050
64055
64061
64066
64072
64078
64084
64095
64096
64101
64108
64113
64119
64124
64130
64137
64142
64148
64153
64159
64165
64171
64178
64183
64189
64194
64200
64207
64211
64218
64223
64229
64235
64240
64248
64253
64259
64265
64269
64275
64281
64287
64293
64298
64305
64310
64316
64322
64327
64336
64340
64346
64351
64356
64362
64368
64375
64380
64385
64391
64397
64404
64409
64414
64421
64426
64432
64438
64444
64450
64456
64461
64468
64473
64478
64484
64491
64497
64501
64507
64514
64519
64525
64532
64537
64542
64548
64554
64559
64565
64572
64576
64583
64588
64594
64600
64606
64613
64617
64623
64629
64635
64642
64646
64653
64658
64665
64671
64675
64681
64688
64693
64699
64704
64711
64717
64722
64728
64740
64742
64747
64751
64757
64763
64768
64774
64780
64786
64792
64797
64803
64815
64815
64820
64826
64832
64838
64844
64849
64855
64861
64867
64874
64878
64885
64890
64896
64903
64908
64913
64920
64925
64932
64936
64942
64948
64954
64960
64966
64971
64977
64984
64989
64995
65000
65007
65013
65019
65025
65029
65035
65041
65048
65052
65058
65064
65070
65076
65082
65088
65094
65099
65105
65111
65117
65123
65129
65135
65140
65145
65151
65157
65163
65169
65174
65180
65187
65192
65197
65203
65210
65216
65222
65226
65232
65238
65244
65250
65256
65262
65268
65274
65279
65284
65296
65302
65304
65308
65313
65320
65325
65332
65338
65343
65349
65354
65360
65366
65371
65377
65383
65390
65396
65400
65407
65413
65418
65424
65431
65435
65441
65447
65453
65458
65464
65471
65477
65482
65487
65493
65500
65506
65511
65516
65522
65534
65537
65541
65545
65551
65557
65565
65570
65574
65580
65586
65592
65598
65603
65610
65615
65621
65627
65632
65638
65645
65650
65656
65661
65667
65674
65679
65685
65691
65696
65702
65709
65714
65719
65726
65731
65738
65743
65749
65755
65761
65766
65776
65777
65783
65789
65795
65801
65807
65812
65819
65825
65830
65835
65841
65847
65853
65860
65864
65871
65876
65882
65888
65893
65900
65906
65911
65917
65922
65928
65935
65940
65947
65952
65958
65964
65969
65975
65981
65986
65992
65999
66005
66015
66015
66022
66027
66033
66038
66044
66051
66056
66062
66067
66073
66079
66086
66091
66096
66102
66108
66115
66120
66126
66132
66137
66143
66149
66154
66160
66166
66172
66178
66183
66189
66195
66202
66207
66212
66218
66224
66231
66236
66241
66247
66256
66259
66265
66270
66277
66283
66288
66294
66299
66306
66312
66318
66323
66328
66335
66341
66346
66353
66358
66363
66369
66376
66382
66386
66393
66398
66405
66410
66415
66422
66428
66433
66439
66444
66450
66456
66463
66468
66474
66480
66486
66492
66497
66503
66509
66515
66520
66527
66533
66537
66543
66550
66555
66560
66566
66572
66578
66584
66589
66595
66601
66607
66613
66618
66624
66630
66637
66643
66648
66653
66660
66665
66671
66676
66683
66689
66694
66700
66705
66711
66718
66723
66736
66741
66741
66747
66752
66759
66764
66770
66775
66782
66788
66792
66798
66804
66810
66817
66821
66827
66834
66840
66845
66850
66856
66862
66868
66874
66879
66885
66892
66898
66903
66908
66914
66920
66926
66932
66937
66944
66950
66956
66962
66967
66976
66979
66985
66991
66995
67001
67007
67013
67019
67024
67030
67036
67042
67049
67053
67060
67066
67072
67077
67082
67088
67095
67101
67106
67111
67117
67124
67129
67135
67140
67146
67152
67159
67164
67169
67175
67182
67187
67193
67199
67204
67216
67222
67222
67228
67233
67240
67245
67252
67257
67262
67268
67275
67280
67286
67292
67298
67303
67310
67314
67320
67327
67332
67338
67344
67350
67355
67361
67368
67372
67378
67384
67391
67396
67402
67407
67414
67420
67425
67430
67437
67443
67454
67455
67460
67465
67471
67477
67483
67488
67494
67501
67506
67512
67518
67523
67529
67536
67542
67546
67553
67558
67564
67570
67575
67582
67588
67594
67599
67605
67610
67617
67622
67629
67633
67640
67645
67651
67658
67662
67668
67674
67680
67686
67696
67696
67704
67710
67716
67720
67726
67733
67738
67744
67749
67755
67762
67767
67774
67778
67784
67790
67797
67804
67807
67813
67819
67825
67832
67836
67842
67848
67855
67861
67865
67871
67878
67884
67890
67895
67901
67907
67912
67918
67923
67935
67935
67942
67948
67952
67959
67965
67971
67976
67981
67988
67993
68000
68006
68010
68017
68022
68028
68034
68039
68045
68051
68057
68064
68068
68074
68080
68086
68092
68097
68104
68109
68115
68121
68126
68134
68139
68144
68150
68155
68161
68167
68179
68180
68184
68191
68197
68203
68209
68213
68220
68225
68232
68237
68243
68249
68255
68260
68267
68271
68277
68284
68289
68296
68300
68307
68312
68318
68325
68329
68336
68341
68347
68353
68358
68364
68370
68376
68382
68387
68393
68399
68405
68416
68416
68422
68428
68436
68441
68445
68452
68457
68464
68470
68476
68480
68486
68492
68498
68503
68509
68516
68521
68527
68532
68538
68545
68550
68556
68563
68567
68573
68580
68585
68594
68598
68602
68608
68615
68621
68625
68631
68637
68643
68654
68654
68661
68666
68672
68677
68683
68690
68696
68702
68707
68712
68719
68724
68730
68736
68742
68748
68753
68761
68765
68771
68776
68782
68788
68793
68799
68806
68811
68817
68822
68830
68835
68840
68846
68851
68857
68863
68870
68876
68880
68886
68896
68896
68916
68917
68921
68922
68927
68933
68938
68944
68950
68956
68962
68967
68974
68980
68985
68992
68997
69003
69009
69015
69021
69025
69031
69037
69043
69049
69054
69060
69066
69072
69078
69083
69089
69096
69101
69107
69113
69120
69124
69131
69136
69142
69147
69153
69159
69165
69170
69176
69182
69188
69195
69199
69205
69211
69218
69223
69228
69234
69240
69246
69252
69257
69263
69269
69275
69282
69287
69293
69299
69305
69310
69316
69323
69327
69333
69339
69344
69350
69356
69362
69373
69373
69379
69385
69391
69398
69403
69408
69415
69421
69426
69431
69438
69443
69449
69455
69460
69466
69472
69478
69484
69489
69495
69501
69507
69513
69519
69524
69530
69536
69542
69547
69554
69560
69566
69572
69576
69585
69589
69594
69600
69605
69612
69616
69623
69636
69636
69641
69646
69653
69658
69664
69670
69676
69682
69687
69693
69698
69704
69711
69716
69722
69728
69734
69739
69745
69751
69756
69763
69769
69775
69780
69785
69791
69798
69803
69808
69814
69820
69826
69832
69837
69843
69850
69856
69861
69867
69873
69879
69884
69890
69895
69901
69907
69913
69920
69924
69930
69937
69943
69948
69954
69960
69965
69971
69977
69982
69988
69995
70001
70006
70012
70017
70024
70029
70036
70040
70047
70052
70058
70065
70076
70076
70082
70087
70096
70098
70104
70110
70116
70122
70127
70133
70139
70146
70151
70156
70163
70169
70175
70181
70185
70192
70198
70203
70209
70214
70221
70227
70233
70238
70243
70249
70256
70262
70267
70272
70278
70284
70290
70297
70301
70308
70314
70319
70326
70336
70336
70343
70349
70354
70359
70365
70372
70377
70383
70388
70395
70400
70407
70412
70417
70424
70429
70435
70442
70446
70453
70458
70464
70470
70477
70482
70487
70493
70500
70504
70511
70516
70522
70529
70534
70539
70545
70551
70558
70562
70569
70574
70580
70587
70592
70598
70603
70609
70616
70620
70627
70633
70639
70645
70650
70655
70661
70667
70674
70679
70685
70691
70696
70702
70707
70714
70719
70726
70731
70736
70742
70749
70754
70761
70765
70772
70778
70783
70789
70794
70800
70807
70816
70816
70824
70830
70836
70842
70847
70853
70859
70864
70870
70876
70881
70887
70893
70900
70905
70912
70916
70923
70928
70935
70940
70946
70952
70958
70964
70969
70974
70980
70986
70992
70997
71003
71009
71015
71022
71026
71032
71039
71044
71055
71055
71061
71068
71073
71080
71084
71091
71096
71103
71108
71114
71120
71126
71132
71137
71142
71148
71155
71160
71166
71171
71177
71183
71189
71195
71200
71206
71212
71218
71224
71229
71235
71242
71247
71254
71258
71265
71271
71276
71283
71287
71296
71299
71306
71313
71316
71322
71329
71335
71341
71345
71351
71357
71363
71369
71374
71381
71387
71392
71398
71404
71409
71416
71421
71427
71435
71439
71444
71451
71456
71461
71468
71474
71479
71486
71491
71497
71503
71508
71514
71519
71526
71532
71536
71543
71548
71554
71561
71566
71572
71578
71583
71590
71595
71601
71606
71612
71618
71625
71630
71636
71642
71647
71653
71659
71664
71670
71676
71683
71688
71693
71699
71705
71712
71718
71722
71728
71734
71740
71746
71751
71758
71763
71775
71776
71780
71786
71793
71798
71804
71809
71815
71821
71827
71833
71839
71844
71856
71856
71863
71867
71873
71880
71886
71891
71896
71902
71908
71915
71921
71925
71931
71937
71943
71950
71954
71960
71966
71973
71979
71985
71989
71995
72001
72008
72012
72018
72024
72032
72037
72041
72048
72053
72059
72065
72070
72076
72083
72089
72095
72099
72105
72111
72117
72123
72128
72134
72141
72146
72153
72158
72163
72169
72175
72181
72187
72192
72199
72205
72210
72216
72222
72227
72233
72239
72244
72256
72256
72263
72268
72273
72280
72286
72291
72297
72302
72308
72316
72321
72326
72332
72337
72344
72349
72356
72360
72366
72372
72378
72384
72390
72396
72402
72408
72413
72418
72424
72430
72436
72442
72448
72454
72459
72468
72472
72477
72482
72494
72495
72501
72505
72511
72517
72523
72530
72534
72540
72547
72553
72558
72563
72569
72575
72581
72588
72592
72598
72604
72611
72616
72621
72627
72634
72639
72645
72650
72657
72662
72668
72674
72679
72685
72692
72697
72704
72708
72714
72720
72726
72736
72737
72744
72749
72756
72761
72766
72772
72778
72784
72790
72795
72802
72807
72813
72819
72824
72830
72836
72842
72848
72853
72859
72865
72872
72878
72883
72889
72894
72900
72907
72912
72917
72923
72929
72936
72940
72947
72952
72958
72964
72971
72976
72981
72987
72993
72998
73005
73010
73016
73022
73027
73033
73039
73045
73052
73056
73062
73069
73074
73081
73086
73092
73097
73103
73109
73114
73120
73127
73133
73139
73144
73149
73155
73161
73168
73172
73178
73184
73190
73196
73201
73208
73214
73220
73225
73230
73236
73243
73249
73254
73260
73266
73271
73277
73283
73289
73294
73300
73307
73314
73317
73323
73330
73335
73342
73346
73352
73359
73364
73370
73376
73382
73388
73393
73399
73404
73410
73416
73422
73429
73433
73440
73446
73456
73456
73463
73468
73474
73480
73486
73491
73498
73503
73509
73516
73520
73527
73532
73538
73545
73549
73555
73561
73567
73573
73578
73584
73590
73596
73602
73607
73613
73619
73625
73631
73636
73643
73648
73654
73662
73667
73671
73677
73684
73695
73696
73700
73707
73713
73718
73724
73729
73736
73741
73747
73752
73758
73764
73770
73776
73781
73788
73793
73799
73805
73811
73816
73822
73828
73835
73840
73846
73856
73857
73863
73868
73874
73880
73886
73892
73898
73904
73909
73915
73922
73926
73933
73938
73944
73950
73955
73962
73968
73973
73979
73984
73990
73996
74002
74008
74013
74019
74025
74031
74038
74042
74048
74055
74061
74067
74071
74077
74084
74089
74096
74100
74106
74112
74119
74124
74130
74135
74141
74147
74153
74159
74165
74176
74176
74182
74187
74193
74200
74206
74211
74217
74223
74229
74234
74241
74245
74251
74257
74263
74269
74275
74280
74286
74292
74298
74303
74310
74315
74322
74327
74332
74338
74344
74350
74357
74362
74367
74373
74379
74385
74390
74397
74402
74414
74414
74421
74425
74431
74438
74444
74449
74455
74460
74466
74472
74477
74484
74489
74496
74501
74507
74512
74518
74525
74531
74537
74541
74547
74553
74561
74566
74570
74576
74583
74588
74593
74600
74605
74612
74617
74622
74629
74634
74640
74646
74652
74657
74664
74669
74676
74680
74686
74693
74699
74704
74710
74715
74722
74727
74733
74738
74744
74750
74756
74762
74767
74773
74780
74785
74792
74796
74802
74808
74815
74821
74825
74831
74837
74843
74849
74855
74860
74866
74872
74878
74883
74890
74896
74901
74907
74912
74919
74925
74930
74937
74942
74947
74953
74959
74965
74970
74976
74983
74989
74994
74999
75005
75012
75018
75023
75028
75034
75040
75046
75052
75057
75063
75070
75075
75081
75086
75092
75098
75105
75111
75115
75121
75128
75133
75139
75144
75150
75156
75162
75169
75173
75179
75185
75192
75197
75202
75208
75214
75220
75227
75231
75237
75243
75249
75255
75260
75266
75273
75278
75284
75289
75296
75302
75307
75314
75318
75324
75330
75336
75342
75347
75354
75359
75365
75376
75376
75382
75389
75394
75400
75405
75411
75418
75423
75430
75434
75440
75446
75452
75458
75464
75469
75475
75481
75487
75492
75498
75504
75511
75516
75522
75527
75533
75539
75545
75550
75557
75563
75569
75575
75579
75585
75591
75597
75603
75614
75614
75621
75626
75632
75637
75644
75649
75655
75661
75666
75672
75678
75684
75691
75695
75702
75708
75713
75719
75724
75730
75737
75743
75749
75753
75759
75765
75772
75777
75782
75788
75794
75800
75806
75812
75817
75823
75829
75835
75840
75847
75856
75856
75870
75875
75876
75881
75887
75894
75900
75904
75910
75916
75922
75927
75934
75939
75946
75951
75956
75963
75968
75974
75980
75987
75991
75997
76003
76009
76015
76020
76026
76032
76038
76043
76049
76055
76061
76068
76072
76079
76084
76096
76101
76102
76107
76114
76120
76125
76131
76136
76142
76148
76154
76160
76165
76171
76177
76184
76188
76194
76201
76206
76212
76217
76223
76229
76235
76241
76246
76252
76258
76264
76270
76275
76281
76288
76294
76299
76304
76311
76316
76323
76333
76333
76339
76345
76351
76357
76362
76368
76375
76380
76387
76391
76397
76403
76409
76415
76420
76426
76432
76438
76444
76450
76455
76461
76468
76473
76478
76484
76491
76496
76502
76509
76513
76520
76525
76531
76536
76542
76549
76554
76561
76565
76576
76576
76584
76590
76596
76600
76606
76612
76619
76624
76630
76635
76641
76647
76653
76659
76664
76670
76676
76682
76688
76694
76699
76705
76711
76716
76722
76728
76734
76739
76745
76751
76757
76763
76768
76774
76780
76787
76793
76797
76804
76815
76816
76821
76827
76832
76838
76844
76850
76855
76861
76868
76873
76879
76884
76891
76897
76903
76909
76913
76920
76925
76932
76938
76942
76948
76954
76960
76966
76971
76977
76983
76990
76995
77001
77006
77013
77018
77025
77029
77035
77041
77047
77056
77058
77065
77071
77076
77083
77087
77094
77099
77105
77113
77120
77122
77128
77134
77140
77145
77152
77158
77164
77169
77174
77180
77186
77192
77198
77204
77209
77215
77222
77227
77232
77238
77244
77250
77256
77261
77267
77273
77279
77286
77296
77297
77302
77309
77314
77319
77325
77331
77337
77344
77348
77354
77360
77366
77372
77378
77384
77390
77395
77401
77406
77413
77418
77424
77430
77435
77442
77447
77454
77459
77464
77470
77476
77482
77488
77493
77500
77506
77511
77517
77522
77534
77535
77540
77546
77551
77557
77564
77569
77575
77580
77586
77592
77598
77604
77609
77615
77621
77628
77634
77639
77645
77650
77656
77662
77667
77674
77680
77685
77692
77696
77703
77708
77715
77721
77726
77732
77737
77743
77749
77755
77761
77766
77773
77776
77783
77789
77795
77801
77807
77812
77819
77824
77830
77837
77841
77847
77853
77861
77866
77870
77876
77882
77888
77894
77899
77905
77911
77918
77923
77928
77935
77941
77946
77952
77957
77963
77969
77975
77981
77987
77992
77998
78005
78015
78018
78022
78027
78033
78041
78046
78050
78056
78062
78068
78073
78079
78086
78091
78097
78102
78108
78115
78120
78127
78132
78137
78144
78149
78155
78160
78166
78173
78178
78184
78189
78195
78201
78208
78213
78218
78224
78230
78237
78243
78247
78254
78260
78265
78271
78277
78283
78288
78294
78301
78307
78311
78317
78323
78329
78334
78340
78346
78352
78358
78363
78369
78375
78381
78387
78392
78398
78404
78410
78416
78421
78427
78435
78440
78445
78450
78457
78462
78469
78474
78481
78485
78496
78496
78503
78508
78514
78520
78526
78533
78538
78543
78550
78555
78563
78567
78573
78579
78585
78590
78595
78602
78608
78614
78620
78624
78631
78636
78642
78648
78654
78659
78666
78672
78677
78683
78689
78695
78700
78706
78711
78718
78723
78730
78735
78740
78746
78752
78758
78764
78769
78775
78781
78787
78793
78798
78804
78810
78823
78823
78829
78833
78839
78845
78851
78858
78862
78868
78874
78880
78885
78891
78898
78903
78909
78915
78920
78926
78933
78940
78944
78949
78955
78961
78967
78976
78978
78984
78990
78997
79001
79007
79013
79019
79025
79031
79037
79043
79048
79054
79060
79065
79071
79077
79083
79088
79095
79100
79106
79112
79118
79123
79129
79135
79141
79146
79153
79158
79164
79170
79175
79182
79188
79193
79200
79204
79216
79216
