0
11
23
35
46
58
69
81
93
104
116
127
139
151
162
174
185
197
209
220
232
244
256
268
279
291
302
314
326
337
349
360
372
384
395
407
418
430
442
453
465
476
488
500
511
523
534
546
558
569
581
592
604
616
627
639
650
662
674
685
697
708
720
732
743
755
766
778
790
801
813
824
836
848
859
871
882
894
906
917
929
940
952
964
975
987
998
1010
1022
1033
1045
1056
1068
1080
1091
1103
1114
1126
1138
1149
1161
1172
1184
1196
1207
1219
1230
1242
1254
1265
1277
1288
1300
1312
1323
1335
1346
1358
1370
1381
1393
1404
1416
1428
1439
1451
1462
1474
1486
1497
1509
1520
1532
1544
1555
1567
1578
1590
1602
1613
1625
1636
1648
1660
1671
1683
1694
1706
1718
1729
1741
1752
1764
1776
1787
1799
1810
1822
1834
1845
1857
1868
1880
1892
1903
1915
1926
1938
1950
1961
1973
1984
1996
2008
2019
2031
2042
2054
2066
2077
2089
2100
2112
2124
2135
2147
2158
2170
2182
2193
2205
2216
2228
2240
2251
2263
2274
2286
2298
2309
2321
2332
2344
2356
2367
2379
2390
2402
2414
2425
2437
2448
2460
2472
2483
2495
2506
2518
2530
2541
2553
2564
2576
2588
2599
2611
2622
2634
2646
2657
2669
2680
2692
2704
2715
2727
2738
2750
2762
2773
2785
2796
2808
2820
2831
2843
2854
2866
2878
2889
2901
2912
2924
2936
2947
2959
2970
2982
2994
3005
3017
3028
3040
3052
3063
3075
3086
3098
3110
3121
3133
3144
3156
3168
3179
3191
3202
3214
3226
3237
3249
3260
3272
3284
3295
3307
3318
3330
3342
3353
3365
3376
3388
3400
3411
3423
3434
3446
3458
3469
3481
3492
3504
3516
3527
3539
3550
3562
3574
3585
3597
3608
3620
3632
3643
3655
3666
3678
3690
3701
3713
3724
3736
3748
3759
3771
3782
3794
3806
3817
3829
3840
3852
3864
3875
3887
3898
3910
3922
3933
3945
3956
3968
3980
3991
4003
4014
4026
4038
4049
4061
4072
4084
4096
4107
4119
4130
4142
4154
4165
4177
4188
4200
4212
4222
4234
4245
4257
4269
4280
4292
4303
4315
4327
4338
4350
4361
4373
4385
4396
4408
4419
4431
4443
4454
4466
4477
4489
4501
4512
4524
4535
4547
4559
4570
4582
4593
4605
4617
4628
4640
4651
4663
4675
4686
4698
4709
4721
4733
4744
4756
4767
4779
4791
4802
4814
4825
4837
4849
4860
4872
4883
4895
4907
4918
4930
4941
4953
4965
4976
4988
4999
5011
5023
5034
5046
5057
5069
5081
5092
5104
5115
5127
5139
5150
5162
5173
5185
5197
5208
5220
5231
5243
5255
5266
5278
5289
5301
5313
5324
5336
5347
5359
5371
5382
5394
5405
5417
5429
5440
5452
5463
5475
5487
5498
5510
5521
5533
5545
5556
5568
5579
5591
5603
5614
5626
5637
5649
5661
5672
5684
5695
5707
5719
5730
5742
5753
5765
5777
5788
5800
5811
5823
5835
5846
5858
5869
5881
5893
5904
5916
5927
5939
5951
5962
5974
5985
5997
6009
6020
6032
6043
6055
6067
6078
6090
6101
6113
6125
6136
6148
6159
6171
6183
6194
6206
6217
6229
6241
6252
6264
6275
6287
6299
6310
6322
6333
6345
6357
6368
6380
6391
6403
6415
6426
6438
6449
6461
6473
6484
6496
6507
6519
6531
6542
6554
6565
6577
6589
6600
6612
6623
6635
6647
6658
6670
6681
6693
6705
6716
6728
6739
6751
6763
6774
6786
6797
6809
6821
6832
6844
6855
6867
6879
6890
6902
6913
6925
6937
6948
6960
6971
6983
6995
7006
7018
7029
7041
7053
7064
7076
7087
7099
7111
7122
7134
7145
7157
7169
7180
7192
7203
7215
7227
7238
7250
7261
7273
7285
7296
7308
7319
7331
7343
7354
7366
7377
7389
7401
7412
7424
7435
7447
7459
7470
7482
7493
7505
7517
7528
7540
7551
7563
7575
7586
7598
7609
7621
7633
7644
7656
7667
7679
7691
7702
7714
7725
7737
7749
7760
7772
7783
7795
7807
7818
7830
7841
7853
7865
7988
7988
7988
7988
7988
7988
7988
7988
7988
7992
8004
8015
8027
8039
8050
8062
8073
8085
8097
8108
8120
8131
8255
8255
8255
8255
8255
8255
8255
8255
8255
8259
8271
8282
8294
8305
8429
8429
8429
8429
8429
8429
8429
8429
8429
8433
8445
8456
8468
8479
8491
8503
8514
8526
8537
8549
8561
8572
8584
8595
8607
8619
8630
8642
8653
8665
8677
8688
8700
8711
8723
8735
8746
8758
8769
8781
8793
8804
8816
8827
8839
8851
8862
8874
8885
8897
8909
8920
8932
8943
8955
8967
8978
8990
9001
9013
9025
9036
9049
9060
9107
9107
9108
9110
9118
9130
9142
9153
9165
9176
9188
9200
9211
9223
9234
9246
9258
9269
9281
9292
9304
9316
9327
9339
9350
9362
9374
9385
9397
9408
9420
9432
9443
9566
9566
9566
9566
9566
9566
9566
9566
9566
9571
9582
9594
9606
9617
9629
9640
9652
9664
9675
9687
9698
9710
9722
9733
9745
9756
9768
9780
9791
9803
9814
9826
9838
9849
9861
9872
9884
9896
9907
9919
9930
9942
9954
9965
9977
9988
10000
10012
10023
10035
10046
10058
10070
10081
10093
10104
10116
10128
10139
10151
10162
10174
10186
10197
10209
10220
10232
10244
10255
10267
10278
10290
10302
10313
10325
10336
10348
10360
10371
10383
10394
10406
10418
10429
10441
10452
10464
10476
10487
10499
10510
10522
10534
10545
10557
10568
10580
10592
10603
10615
10626
10638
10650
10661
10673
10684
10696
10708
10719
10731
10742
10754
10766
10777
10789
10800
10812
10824
10835
10847
10858
10870
10882
10893
10905
10916
10928
10940
10951
10963
10974
10986
10998
11009
11021
11032
11044
11056
11067
11079
11090
11102
11114
11125
11137
11148
11160
11172
11183
11195
11206
11218
11230
11241
11253
11264
11276
11288
11299
11311
11322
11334
11346
11357
11369
11380
11392
11404
11415
11427
11438
11450
11462
11473
11485
11496
11508
11520
11531
11543
11554
11566
11578
11589
11601
11612
11624
11636
11647
11659
11670
11682
11694
11705
11717
11728
11740
11752
11763
11775
11786
11798
11810
11821
11833
11844
11856
11868
11879
11891
11902
11914
11926
11937
11949
11960
11972
11984
11995
12007
12018
12030
12042
12053
12065
12076
12088
12100
12111
12123
12134
12146
12158
12169
12181
12192
12204
12216
12227
12239
12250
12262
12274
12285
12297
12308
12320
12332
12343
12355
12366
12378
12390
12401
12413
12424
12436
12448
12459
12471
12482
12494
12506
12517
12529
12540
12552
12564
12575
12587
12598
12610
12622
12633
12645
12656
12668
12680
12691
12703
12714
12726
12738
12749
12761
12772
12784
12796
12807
12819
12830
12842
12854
12865
12877
12888
12900
12912
12923
12935
12946
12958
12970
12981
12993
13004
13016
13028
13039
13051
13062
13074
13086
13097
13109
13120
13132
13144
13155
13167
13178
13190
13202
13213
13225
13236
13248
13260
13271
13283
13294
13306
13318
13329
13341
13352
13364
13376
13387
13399
13410
13422
13434
13445
13457
13468
13480
13492
13503
13515
13526
13538
13550
13561
13573
13584
13596
13608
13619
13631
13642
13654
13666
13677
13689
13700
13712
13724
13735
13747
13758
13770
13782
13793
13805
13816
13828
13840
13851
13863
13874
13886
13898
13909
13921
13932
13944
13956
13967
13979
13990
14002
14014
14025
14037
14048
14060
14072
14083
14095
14106
14118
14130
14141
14153
14164
14176
14188
14199
14211
14222
14234
14246
14257
14269
14280
14292
14304
14315
14327
14338
14350
14362
14373
14385
14396
14408
14420
14431
14443
14454
14466
14478
14489
14501
14512
14524
14536
14547
14559
14570
14582
14594
14605
14617
14628
14640
14652
14663
14675
14686
14698
14710
14721
14733
14744
14756
14768
14779
14791
14802
14814
14826
14837
14849
14860
14872
14884
14895
14907
14918
14930
14942
14953
14965
14976
14988
15000
15011
15023
15034
15046
15058
15069
15081
15092
15104
15116
15127
15139
15150
15162
15174
15185
15197
15208
15220
15232
15243
15255
15266
15278
15290
15301
15313
15324
15336
15348
15359
15371
15382
15394
15406
15417
15429
15440
15452
15464
15475
15487
15498
15510
15522
15533
15545
15556
15568
15580
15591
15603
15614
15626
15638
15649
15661
15672
15684
15696
15707
15719
15730
15742
15754
15765
15777
15788
15800
15812
15823
15835
15846
15858
15870
15881
15893
15904
15916
15928
15939
15951
15962
15974
15986
15997
16009
16020
16032
16044
16055
16067
16078
16090
16102
16113
16125
16136
16148
16160
16171
16183
16194
16206
16218
16229
16241
16252
16264
16276
16287
16299
16310
16322
16334
16345
16357
16368
16380
16392
16403
16415
16426
16438
16450
16461
16473
16484
16496
16508
16519
16531
16542
16554
16566
16577
16589
16600
16612
16624
16635
16647
16658
16670
16682
16693
16705
16716
16728
16740
16751
16763
16774
16786
16798
16809
16821
16832
16844
16856
16867
16879
16890
16902
16914
16925
16937
16948
16960
16972
16983
16995
17006
17018
17030
17041
17053
17064
17076
17088
17099
17111
17122
17134
17146
17157
17169
17180
17192
17204
17215
17227
17238
17250
17262
17273
17285
17296
17308
17320
17331
17343
17354
17366
17378
17389
17401
17412
17424
17436
17447
17459
17470
17482
17494
17505
17517
17528
17540
17552
17563
17575
17586
17598
17610
17621
17633
17644
17656
17668
17679
17691
17702
17714
17726
17737
17749
17760
17772
17784
17795
17807
17818
17830
17842
17853
17865
17876
17888
17900
17911
17923
17934
17946
17958
17969
17981
17992
18004
18016
18027
18038
18049
18061
18073
18084
18096
18107
18119
18131
18142
18154
18165
18177
18189
18200
18212
18223
18235
18247
18258
18270
18281
18293
18305
18316
18328
18339
18351
18363
18374
18386
18397
18409
18421
18432
18444
18455
18467
18479
18490
18502
18513
18525
18537
18548
18560
18571
18583
18595
18606
18618
18629
18641
18653
18664
18676
18687
18699
18711
18722
18734
18745
18757
18769
18780
18792
18803
18815
18827
18838
18850
18861
18873
18885
18896
18908
18919
18931
18943
18954
18966
18977
18989
19001
19012
19024
19035
19047
19059
19070
19082
19093
19105
19117
19128
19140
19151
19163
19175
19186
19198
19209
19221
19233
19244
19256
19267
19279
19291
19302
19314
19325
19337
19349
19360
19372
19383
19395
19407
19418
19430
19441
19453
19465
19476
19488
19499
19511
19523
19534
19546
19557
19569
19581
19592
19604
19615
19627
19639
19650
19662
19673
19685
19697
19708
19720
19731
19743
19755
19766
19778
19789
19801
19813
19824
19836
19847
19859
19871
19882
19894
19905
19917
19929
19940
19952
19963
19975
19987
19998
20010
20021
20033
20045
20056
20068
20079
20091
20103
20114
20126
20137
20149
20161
20172
20184
20195
20207
20219
20230
20242
20253
20265
20277
20288
20300
20311
20323
20335
20346
20358
20369
20381
20393
20404
20416
20427
20439
20451
20462
20474
20485
20497
20509
20520
20532
20543
20555
20567
20578
20590
20601
20613
20625
20636
20648
20659
20671
20683
20694
20706
20717
20729
20741
20752
20764
20775
20787
20799
20810
20822
20833
20845
20857
20868
20880
20891
20903
20915
20926
20938
20949
20961
20973
20984
20996
21007
21019
21031
21042
21054
21065
21077
21089
21100
21112
21123
21135
21147
21158
21170
21181
21193
21205
21216
21228
21239
21251
21263
21274
21286
21297
21309
21321
21332
21344
21355
21367
21379
21390
21402
21413
21425
21437
21448
21460
21471
21483
21495
21506
21518
21529
21541
21553
21564
21576
21587
21599
21611
21622
21634
21645
21657
21669
21680
21692
21703
21715
21727
21738
21750
21761
21773
21785
21796
21808
21819
21831
21843
21854
21866
21877
21889
21901
21912
21924
21935
21947
21959
21970
21982
21993
22005
22017
22028
22040
22051
22063
22075
22086
22098
22109
22121
22133
22144
22156
22167
22179
22191
22202
22214
22225
22237
22249
22260
22272
22283
22295
22307
22318
22330
22341
22353
22365
22376
22388
22399
22411
22423
22434
22446
22457
22469
22481
22492
22504
22515
22527
22539
22550
22562
22573
22585
22597
22608
22620
22631
22643
22655
22666
22678
22689
22701
22713
22724
22736
22747
22759
22771
22782
22794
22805
22817
22829
22840
22852
22863
22875
22887
22898
22910
22921
22933
22945
22956
22968
22979
22991
23003
23014
23026
23037
23049
23061
23072
23084
23095
23107
23119
23130
23142
23153
23165
23177
23188
23200
23211
23223
23235
23246
23258
23269
23281
23293
23304
23316
23327
23339
23351
23362
23374
23385
23397
23409
23420
23432
23443
23567
23567
23567
23567
23567
23567
23567
23567
23567
23571
23583
23594
23606
23617
23629
23641
23652
23664
23675
23687
23699
23710
23722
23733
23745
23757
23768
23780
23791
23803
23815
23826
23838
23849
23861
23873
23884
23896
23907
23919
23931
23942
23954
23965
23977
23989
24000
24123
24123
24123
24123
24223
24223
24223
24223
24223
24223
24223
24223
24223
24223
24223
24223
24223
24232
24244
24255
24267
24279
24290
24302
24313
24325
24337
24348
24360
24371
24383
24395
24406
24418
24429
24441
24453
24464
24476
24487
24499
24511
24522
24534
24545
24557
24569
24580
24592
24603
24615
24627
24638
24650
24661
24673
24685
24696
24708
24719
24731
24743
24754
24766
24777
24789
24801
24812
24824
24835
24847
24859
24870
24882
24893
24905
24917
24928
24940
24951
24963
24975
24986
24998
25009
25021
25033
25044
25056
25067
25079
25091
25102
25114
25125
25137
25149
25160
25172
25183
25195
25207
25218
25230
25241
25253
25265
25276
25288
25299
25311
25323
25334
25346
25357
25369
25381
25392
25404
25415
25427
25439
25450
25462
25473
25485
25497
25508
25520
25531
25543
25555
25566
25578
25589
25601
25724
25724
25724
25724
25724
25724
25724
25724
25724
25729
25740
25752
25763
25775
25787
25798
25810
25821
25833
25845
25856
25868
25879
25891
25903
25914
25926
25937
25949
25961
25972
25984
25995
26007
26019
26030
26042
26053
26065
26077
26088
26100
26111
26123
26135
26146
26158
26169
26181
26193
26204
26216
26227
26239
26251
26374
26374
26374
26374
26374
26474
26474
26474
26474
26474
26474
26474
26474
26474
26474
26474
26474
26483
26494
26506
26517
26529
26541
26552
26564
26575
26587
26599
26610
26733
26733
26733
26733
26733
26733
26733
26733
26733
26738
26749
26761
26773
26784
26796
26807
26819
26831
26842
26854
26865
26877
26889
26900
26912
26923
26935
26947
26958
26970
26981
26993
27005
27016
27028
27054
27074
27079
27080
27086
27097
27109
27121
27132
27144
27155
27167
27179
27190
27202
27213
27225
27237
27248
27260
27271
27283
27295
27306
27318
27329
27341
27353
27364
27376
27387
27399
27411
27422
27434
27445
27457
27469
27480
27492
27503
27515
27527
27538
27550
27561
27685
27685
27685
27685
27685
27685
27685
27685
27685
27689
27701
27712
27724
27735
27747
27759
27770
27782
27793
27805
27817
27828
27840
27851
27863
27875
27886
27898
27909
27921
27933
27944
27956
27967
27979
27991
28002
28014
28025
28037
28049
28060
28072
28083
28095
28107
28118
28130
28141
28153
28165
28176
28188
28199
28211
28223
28234
28246
28257
28269
28281
28292
28304
28315
28327
28339
28350
28362
28373
28385
28397
28408
28420
28431
28443
28455
28466
28478
28489
28501
28513
28524
28536
28547
28559
28571
28582
28594
28605
28617
28629
28640
28652
28663
28675
28687
28698
28710
28721
28733
28745
28756
28768
28779
28791
28803
28814
28826
28837
28849
28861
28872
28884
28895
28907
28919
28930
28942
28953
28965
28977
28988
29000
29011
29023
29035
29046
29058
29069
29081
29093
29104
29116
29127
29139
29151
29162
29174
29185
29197
29209
29220
29232
29243
29255
29267
29278
29290
29301
29313
29325
29336
29348
29359
29371
29383
29394
29406
29417
29429
29441
29452
29464
29475
29487
29499
29510
29522
29533
29545
29557
29568
29580
29591
29603
29615
29626
29638
29649
29661
29673
29684
29696
29707
29719
29731
29742
29754
29765
29777
29789
29800
29812
29823
29835
29847
29858
29870
29881
29893
29905
29916
29928
29939
29951
29963
29974
29986
29997
30009
30021
30032
30044
30055
30067
30079
30090
30102
30113
30125
30137
30148
30160
30171
30183
30195
30206
30218
30229
30241
30253
30264
30276
30287
30299
30311
30322
30334
30345
30357
30369
30380
30392
30403
30415
30427
30438
30450
30461
30473
30485
30496
30508
30519
30531
30543
30554
30566
30577
30589
30601
30612
30624
30635
30647
30659
30670
30682
30693
30705
30717
30728
30740
30751
30763
30775
30786
30798
30809
30821
30833
30844
30856
30867
30879
30891
30902
30914
30925
30937
30949
30960
30972
30983
30995
31007
31018
31030
31041
31053
31065
31076
31088
31099
31111
31123
31134
31146
31157
31169
31181
31192
31204
31215
31227
31239
31250
31262
31273
31285
31297
31308
31320
31331
31343
31355
31366
31378
31389
31401
31413
31424
31436
31447
31459
31471
31482
31494
31505
31517
31529
31540
31552
31563
31575
31587
31598
31610
31621
31633
31645
31656
31668
31679
31691
31703
31714
31726
31737
31749
31761
31772
31784
31795
31807
31819
31830
31842
31853
31865
31877
31888
31900
31911
31923
31935
31946
31958
31969
31981
31993
32004
32016
32027
32039
32051
32062
32074
32085
32097
32109
32120
32132
32143
32155
32167
32178
32190
32201
32213
32225
32236
32248
32259
32271
32283
32294
32306
32317
32329
32341
32352
32364
32375
32387
32399
32410
32422
32433
32445
32457
32468
32480
32491
32503
32515
32526
32538
32549
32561
32573
32584
32596
32607
32619
32631
32642
32654
32665
32677
32689
32700
32712
32723
32735
32747
32758
32770
32781
32793
32805
32816
32828
32839
32851
32863
32874
32886
32897
32909
32921
32932
32944
32955
32967
32979
32990
33002
33013
33025
33037
33048
33060
33071
33083
33095
33106
33118
33129
33141
33153
33164
33176
33187
33199
33211
33222
33234
33245
33257
33269
33280
33292
33303
33315
33327
33338
33350
33361
33373
33385
33396
33408
33419
33431
33443
33454
33466
33477
33489
33501
33512
33524
33535
33547
33559
33570
33582
33593
33605
33617
33628
33640
33651
33663
33675
33686
33698
33709
33721
33733
33744
33756
33767
33779
33791
33802
33814
33825
33837
33849
33860
33872
33883
33895
33907
33918
33930
33941
33953
33965
33976
33988
33999
34011
34023
34034
34046
34057
34069
34081
34092
34104
34115
34127
34139
34150
34162
34173
34185
34197
34208
34220
34231
34243
34255
34266
34278
34289
34301
34313
34324
34336
34347
34359
34371
34382
34394
34405
34417
34429
34440
34452
34463
34475
34487
34498
34510
34521
34533
34545
34556
34568
34579
34591
34603
34614
34626
34637
34649
34661
34672
34684
34695
34707
34719
34730
34742
34753
34765
34777
34788
34800
34811
34823
34835
34846
34858
34869
34881
34893
34904
34916
34927
34939
34951
34962
34974
34985
34997
35009
35020
35032
35043
35055
35067
35078
35090
35101
35113
35125
35136
35148
35159
35171
35183
35194
35206
35217
35229
35241
35252
35264
35275
35287
35299
35310
35322
35333
35345
35357
35368
35380
35391
35403
35415
35426
35438
35449
35461
35473
35484
35496
35507
35519
35531
35542
35554
35565
35577
35589
35600
35612
35623
35635
35647
35658
35670
35681
35693
35705
35716
35728
35739
35751
35763
35774
35786
35797
35809
35821
35832
35844
35855
35867
35879
35890
35902
35913
35925
35937
35948
35960
35971
35983
35995
36006
36018
36029
36041
36053
36064
36076
36087
36099
36111
36122
36134
36145
36157
36169
36180
36192
36203
36215
36227
36238
36250
36261
36273
36285
36296
36308
36319
36331
36343
36354
36366
36377
36389
36401
36412
36424
36435
36447
36459
36470
36482
36493
36505
36517
36528
36540
36551
36563
36575
36586
36598
36609
36621
36633
36644
36656
36667
36679
36691
36702
36714
36725
36737
36749
36760
36772
36783
36795
36807
36818
36830
36841
36853
36865
36876
36888
36899
36911
36923
36934
36946
36957
36969
36981
36992
37004
37015
37027
37039
37050
37062
37073
37085
37097
37108
37120
37131
37143
37155
37166
37178
37189
37201
37213
37224
37236
37247
37259
37271
37282
37294
37305
37317
37329
37340
37352
37363
37375
37387
37398
37410
37421
37433
37445
37456
37468
37479
37491
37503
37514
37526
37537
37549
37561
37572
37584
37595
37607
37619
37630
37642
37653
37665
37677
37688
37700
37711
37723
37735
37746
37758
37769
37781
37793
37804
37816
37827
37839
37851
37862
37874
37885
37897
37909
37920
37932
37943
37955
37967
37978
37990
38001
38013
38025
38036
38048
38059
38071
38083
38094
38106
38117
38129
38141
38153
38165
38176
38188
38200
38211
38223
38234
38246
38258
38269
38281
38292
38304
38316
38327
38339
38350
38362
38374
38385
38397
38408
38420
38432
38443
38455
38466
38478
38490
38501
38513
38524
38536
38548
38559
38571
38582
38594
38606
38617
38629
38640
38652
38664
38675
38687
38698
38710
38722
38733
38745
38756
38768
38780
38791
38803
38814
38826
38838
38849
38861
38872
38884
38896
38907
38919
38930
38942
38954
38965
38977
38988
39000
39012
39023
39035
39046
39058
39070
39081
39093
39104
39116
39128
39139
39151
39162
39174
39186
39309
39309
39309
39309
39309
39309
39309
39309
39309
39313
39325
39336
39348
39360
39371
39383
39394
39406
39418
39429
39441
39452
39464
39476
39487
39499
39510
39522
39534
39545
39557
39568
39580
39592
39603
39615
39626
39638
39650
39661
39673
39684
39696
39708
39719
39731
39742
39754
39766
39777
39789
39800
39812
39824
39835
39847
39858
39870
39882
39893
39905
39916
39928
39940
39951
39963
39974
39986
39998
40009
40021
40032
40044
40056
40067
40079
40090
40102
40114
40125
40137
40148
40160
40172
40183
40195
40206
40218
40230
40241
40253
40264
40276
40288
40299
40311
40322
40334
40346
40357
40369
40380
40392
40404
40415
40427
40438
40450
40462
40473
40485
40496
40508
40520
40531
40543
40554
40566
40578
40589
40601
40612
40624
40636
40647
40659
40670
40682
40694
40705
40717
40728
40740
40752
40763
40775
40786
40798
40810
40821
40833
40844
40856
40868
40879
40891
40902
40914
40926
40937
40949
40960
40972
40984
40995
41007
41018
41030
41042
41053
41065
41076
41088
41100
41111
41123
41134
41146
41158
41169
41181
41192
41204
41216
41227
41239
41250
41262
41274
41285
41297
41308
41320
41332
41343
41355
41366
41378
41390
41401
41413
41424
41436
41448
41459
41471
41482
41494
41506
41517
41529
41540
41552
41564
41575
41587
41598
41610
41622
41633
41645
41656
41668
41680
41691
41703
41714
41726
41738
41749
41761
41772
41784
41796
41807
41819
41830
41842
41854
41865
41877
41888
41900
41912
41923
41935
41946
41958
41970
41981
41993
42004
42016
42028
42039
42051
42062
42074
42086
42097
42109
42120
42132
42144
42155
42167
42178
42190
42202
42213
42225
42236
42248
42260
42271
42283
42294
42306
42318
42329
42341
42352
42364
42376
42387
42399
42410
42422
42434
42445
42457
42468
42480
42492
42503
42515
42526
42538
42550
42561
42573
42584
42596
42608
42619
42631
42642
42654
42666
42677
42689
42700
42712
42724
42735
42747
42758
42770
42782
42793
42805
42816
42828
42840
42851
42863
42874
42886
42898
42909
42921
42932
42944
42956
42967
42979
42990
43002
43014
43025
43037
43048
43060
43072
43083
43095
43106
43118
43130
43141
43153
43164
43176
43188
43199
43211
43222
43234
43246
43257
43269
43280
43292
43415
43415
43415
43415
43415
43415
43415
43415
43415
43420
43431
43443
43454
43466
43478
43489
43501
43512
43524
43536
43547
43559
43570
43582
43594
43605
43617
43628
43640
43652
43663
43675
43686
43698
43710
43721
43733
43744
43756
43768
43779
43791
43802
43926
43926
43926
43926
43926
43926
43926
43926
43926
43930
43942
43953
43965
43976
43988
44000
44011
44023
44034
44046
44058
44069
44081
44092
44104
44116
44127
44139
44150
44162
44174
44185
44197
44208
44220
44232
44243
44255
44266
44278
44290
44301
44313
44324
44336
44348
44359
44371
44382
44394
44406
44529
44529
44529
44529
44529
44529
44529
44529
44529
44533
44545
44556
44568
44580
44591
44603
44614
44626
44638
44649
44661
44672
44684
44696
44707
44719
44730
44742
44754
44765
44777
44788
44800
44812
44823
44835
44846
44858
44870
44881
44893
44904
44916
44928
44939
44951
44962
44974
44986
44997
45009
45020
45067
45067
45068
45070
45078
45090
45102
45113
45125
45136
45148
45160
45171
45183
45194
45206
45218
45229
45241
45252
45264
45276
45399
45399
45399
45399
45399
45399
45399
45399
45399
45403
45415
45426
45438
45450
45461
45473
45484
45496
45508
45519
45531
45542
45677
45677
45677
45677
45677
45677
45677
45677
45677
45682
45693
45705
45716
45728
45740
45751
45763
45774
45786
45798
45809
45821
45832
45844
45856
45867
45879
45890
45902
45914
45925
45937
45948
45960
45972
45983
45995
46006
46018
46030
46041
46053
46064
46076
46088
46099
46111
46122
46134
46146
46157
46169
46180
46192
46204
46215
46227
46238
46250
46262
46273
46285
46296
46308
46320
46331
46343
46354
46366
46378
46389
46401
46412
46424
46436
46447
46459
46582
46582
46582
46582
46582
46582
46582
46582
46582
46586
46598
46610
46621
46633
46644
46656
46668
46679
46691
46702
46714
46726
46737
46749
46760
46772
46784
46795
46807
46818
46830
46842
46853
46865
46876
46888
46900
46911
46923
46934
46946
46958
46969
46981
46992
47004
47016
47027
47039
47050
47062
47074
47085
47097
47108
47120
47132
47143
47155
47166
47178
47190
47201
47213
47224
47236
47248
47259
47271
47282
47294
47306
47317
47329
47340
47352
47475
47475
47475
47475
47475
47475
47475
47475
47475
47480
47491
47503
47514
47526
47538
47549
47561
47572
47584
47596
47607
47619
47630
47642
47654
47665
47677
47688
47700
47712
47723
47735
47746
47758
47770
47781
47793
47804
47816
47828
47839
47851
47862
47874
47886
47897
47909
47920
47932
47944
47955
47967
47978
47990
48002
48013
48025
48036
48048
48060
48071
48083
48094
48106
48118
48129
48141
48152
48164
48176
48187
48199
48210
48222
48234
48245
48257
48268
48280
48292
48303
48315
48326
48338
48350
48361
48373
48384
48396
48408
48419
48431
48442
48454
48466
48477
48489
48500
48512
48524
48535
48547
48558
48570
48582
48593
48605
48616
48628
48640
48651
48663
48674
48686
48698
48709
48721
48732
48744
48756
48767
48779
48790
48802
48814
48825
48837
48848
48860
48872
48883
48895
48906
48918
48930
48941
48953
48964
48976
48988
48999
49011
49022
49034
49046
49057
49069
49080
49092
49104
49115
49127
49138
49150
49162
49173
49185
49196
49208
49220
49231
49243
49254
49266
49278
49289
49301
49312
49324
49336
49347
49359
49370
49382
49394
49405
49417
49428
49440
49452
49463
49475
49486
49498
49510
49521
49533
49544
49556
49568
49579
49591
49602
49614
49626
49637
49649
49660
49672
49684
49695
49707
49718
49730
49742
49753
49765
49776
49788
49800
49811
49823
49834
49846
49858
49869
49881
49892
49904
49916
49927
49939
49950
49962
49974
49985
49997
50008
50020
50032
50043
50055
50066
50078
50090
50101
50113
50124
50136
50148
50159
50171
50182
50194
50206
50217
50229
50240
50252
50264
50275
50287
50298
50310
50322
50333
50345
50356
50368
50380
50391
50403
50414
50426
50438
50449
50461
50472
50484
50496
50507
50519
50530
50542
50554
50565
50577
50588
50600
50612
50623
50635
50646
50658
50670
50681
50693
50704
50716
50728
50739
50751
50762
50774
50786
50797
50809
50820
50832
50844
50855
50867
50878
50890
50902
50913
50925
50936
50948
50960
50971
50983
50994
51006
51018
51029
51041
51052
51064
51076
51087
51099
51110
51122
51134
51145
51157
51168
51180
51192
51203
51215
51226
51238
51250
51261
51273
51284
51296
51308
51319
51331
51342
51354
51366
51377
51389
51400
51412
51424
51435
51447
51458
51470
51482
51493
51505
51516
51528
51540
51551
51563
51574
51586
51598
51609
51621
51632
51644
51656
51667
51679
51690
51702
51714
51725
51737
51748
51760
51772
51783
51795
51806
51818
51830
51841
51853
51864
51876
51888
51899
51911
51922
51934
51946
51957
51969
51980
51992
52004
52015
52027
52038
52050
52062
52073
52085
52096
52108
52120
52131
52143
52154
52166
52178
52189
52201
52212
52224
52236
52247
52259
52270
52282
52294
52305
52317
52328
52340
52352
52363
52375
52386
52398
52410
52421
52433
52444
52456
52468
52479
52491
52502
52514
52526
52537
52549
52560
52572
52584
52595
52607
52618
52630
52642
52653
52665
52676
52688
52700
52711
52723
52734
52746
52758
52769
52781
52792
52804
52816
52827
52839
52850
52862
52874
52885
52897
52908
52920
52932
52943
52955
52966
52978
52990
53001
53013
53024
53036
53048
53059
53071
53082
53094
53106
53117
53129
53140
53152
53164
53175
53187
53198
53210
53222
53233
53245
53256
53268
53280
53291
53303
53314
53326
53338
53349
53361
53372
53384
53396
53407
53419
53430
53442
53454
53465
53477
53488
53500
53512
53523
53535
53546
53558
53570
53581
53593
53604
53616
53628
53639
53651
53662
53674
53686
53697
53709
53720
53732
53744
53755
53767
53778
53790
53802
53813
53825
53836
53848
53860
53871
53883
53894
53906
53918
53929
53941
53952
53964
53976
53987
53999
54010
54022
54034
54045
54057
54068
54080
54092
54103
54115
54126
54138
54150
54161
54173
54184
54196
54208
54219
54231
54242
54254
54266
54277
54289
54300
54312
54324
54335
54347
54358
54370
54382
54393
54405
54416
54428
54440
54451
54463
54474
54486
54498
54509
54521
54532
54544
54556
54567
54579
54590
54602
54614
54625
54637
54648
54660
54672
54683
54695
54706
54718
54730
54741
54753
54764
54776
54788
54799
54811
54822
54834
54846
54857
54869
54880
54892
54904
54915
54927
54938
54950
54962
54973
54985
54996
55008
55020
55031
55043
55054
55066
55078
55089
55101
55112
55124
55136
55147
55159
55170
55182
55194
55205
55217
55228
55240
55252
55263
55275
55286
55298
55310
55321
55333
55344
55356
55368
55379
55391
55402
55414
55426
55437
55449
55460
55472
55484
55495
55507
55518
55530
55542
55553
55565
55576
55588
55600
55611
55623
55634
55646
55658
55669
55681
55692
55704
55716
55727
55739
55750
55762
55774
55785
55797
55808
55820
55832
55843
55855
55866
55878
55890
55901
55913
55924
55936
55948
55959
55971
55982
55994
56006
56017
56029
56040
56052
56064
56075
56087
56098
56110
56122
56133
56145
56156
56168
56180
56191
56203
56214
56226
56238
56249
56261
56272
56284
56296
56307
56319
56330
56342
56354
56365
56377
56388
56400
56412
56423
56435
56446
56458
56470
56481
56493
56504
56516
56528
56539
56551
56562
56574
56586
56597
56609
56620
56632
56644
56655
56667
56678
56690
56702
56713
56725
56736
56748
56760
56771
56783
56794
56806
56818
56829
56841
56852
56864
56876
56887
56899
56910
56922
56934
56945
56957
56968
56980
56992
57003
57015
57026
57038
57050
57061
57073
57084
57096
57108
57119
57131
57142
57154
57166
57177
57189
57200
57212
57224
57235
57247
57258
57270
57282
57293
57305
57316
57328
57340
57351
57363
57374
57386
57398
57409
57421
57432
57444
57456
57467
57479
57490
57502
57514
57525
57537
57548
57560
57572
57583
57595
57606
57618
57630
57641
57653
57664
57676
57688
57699
57711
57722
57734
57746
57757
57769
57780
57792
57804
57815
57827
57838
57850
57862
57873
57885
57896
57908
57920
57931
57943
57954
57966
57978
57989
58001
58012
58024
58036
58047
58059
58070
58082
58094
58105
58117
58128
58140
58152
58163
58175
58186
58198
58210
58221
58233
58244
58256
58268
58279
58291
58302
58314
58326
58337
58349
58360
58372
58384
58395
58407
58418
58430
58442
58453
58465
58476
58488
58500
58511
58523
58534
58546
58558
58569
58581
58592
58604
58616
58627
58639
58650
58662
58674
58685
58697
58708
58720
58732
58743
58755
58766
58778
58790
58801
58813
58824
58836
58848
58859
58871
58882
58894
58906
58917
58929
58940
58952
58964
58975
58987
58998
59010
59022
59033
59045
59056
59068
59080
59091
59103
59114
59126
59138
59149
59161
59172
59184
59196
59207
59219
59230
59242
59254
59265
59277
59288
59300
59312
59323
59335
59346
59358
59370
59381
59393
59404
59416
59428
59439
59451
59462
59474
59486
59497
59509
59520
59532
59544
59555
59567
59578
59590
59602
59613
59625
59636
59648
59660
59671
59683
59694
59706
59718
59729
59741
59752
59764
59776
59787
59799
59810
59822
59834
59845
59857
59868
59880
59892
59903
59915
59926
59938
59950
59961
59973
59984
59996
60008
60019
60031
60042
60054
60066
60077
60089
60100
60112
60124
60135
60147
60158
60170
60182
60193
60205
60216
60228
60240
60251
60263
60274
60286
60298
60309
60321
60332
60344
60356
60367
60379
60390
60402
60414
60425
60437
60448
60460
60472
60483
60495
60506
60518
60530
60541
60553
60564
60576
60588
60599
60611
60622
60634
60646
60657
60669
60680
60692
60704
60715
60727
60738
60750
60762
60773
60785
60796
60808
60820
60831
60843
60854
60866
60878
60889
60901
60912
60924
60936
60947
60959
60970
60982
60994
61005
61017
61028
61040
61052
61063
61075
61086
61098
61110
61121
61133
61144
61156
61168
61179
61191
61202
61214
61226
61237
61249
61260
61272
61284
61295
61307
61318
61330
61342
61353
61365
61376
61388
61400
61411
61423
61434
61446
61458
61469
61481
61492
61504
61516
61527
61539
61550
61562
61574
61585
61597
61608
61620
61632
61643
61655
61666
61678
61690
61701
61713
61724
61736
61748
61759
61771
61782
61794
61806
61817
61829
61840
61852
61864
61875
61887
61898
61910
61922
61933
61945
61956
61968
61980
61991
62003
62014
62026
62038
62049
62061
62072
62084
62096
62107
62119
62242
62242
62242
62242
62242
62242
62242
62242
62242
62246
62258
62270
62281
62293
62304
62316
62328
62339
62351
62362
62374
62386
62397
62409
62420
62432
62444
62594
62594
62595
62598
62606
62618
62629
62641
62764
62764
62764
62764
62764
62764
62764
62764
62764
62768
62780
62792
62803
62815
62826
62838
62850
62861
62873
62884
62896
62908
62919
62931
62942
62954
62966
62977
62989
63000
63012
63024
63035
63047
63058
63070
63082
63093
63105
63116
63128
63140
63151
63163
63174
63186
63198
63209
63221
63232
63244
63256
63267
63279
63290
63302
63314
63325
63337
63348
63360
63372
63383
63395
63406
63418
63430
63441
63453
63464
63476
63488
63499
63511
63522
63534
63657
63657
63657
63657
63657
63657
63657
63657
63657
63662
63673
63685
63696
63708
63720
63731
63743
63754
63766
63778
63789
63801
63812
63824
63836
63847
63859
63870
63882
63894
63905
63917
63928
63940
63952
63963
63975
63986
63998
64010
64021
64033
64044
64056
64068
64079
64091
64102
64114
64126
64137
64149
64160
64172
64184
64195
64207
64218
64230
64242
64253
64265
64276
64288
64300
64423
64423
64423
64423
64423
64423
64423
64423
64423
64427
64439
64450
64462
64474
64485
64497
64508
64520
64532
64543
64555
64566
64578
64590
64601
64613
64624
64636
64648
64659
64671
64682
64694
64706
64717
64729
64740
64752
64764
64775
64787
64798
64810
64822
64833
64845
64856
64868
64880
64891
64903
64914
64926
64938
64949
64961
64972
64984
64996
65007
65019
65030
65042
65054
65065
65077
65088
65100
65112
65123
65135
65146
65158
65170
65181
65193
65204
65216
65228
65239
65251
65262
65274
65286
65297
65309
65320
65332
65344
65355
65367
65378
65390
65402
65413
65425
65436
65448
65460
65471
65483
65494
65506
65518
65529
65541
65552
65564
65576
65587
65599
65610
65622
65634
65645
65657
65668
65680
65692
65703
65715
65726
65738
65750
65761
65773
65784
65796
65808
65819
65831
65842
65854
65866
65877
65889
65900
65912
65924
65935
65947
65958
65970
65982
65993
66005
66016
66028
66040
66051
66063
66074
66086
66098
66109
66121
66132
66144
66156
66167
66179
66190
66202
66214
66225
66237
66248
66260
66272
66283
66295
66306
66318
66330
66341
66353
66364
66376
66388
66399
66411
66422
66434
66446
66457
66469
66480
66492
66504
66515
66527
66538
66550
66562
66573
66585
66596
66608
66620
66631
66643
66654
66666
66678
66689
66701
66712
66724
66736
66747
66759
66770
66782
66794
66805
66817
66828
66840
66852
66863
66875
66886
66898
66910
66921
66933
66944
66956
66968
66979
66991
67002
67014
67026
67037
67049
67060
67072
67084
67095
67107
67118
67130
67142
67153
67165
67176
67188
67200
67211
67223
67234
67246
67258
67269
67281
67292
67304
67316
67327
67339
67350
67362
67374
67385
67397
67408
67420
67432
67443
67455
67466
67478
67490
67501
67513
67524
67536
67548
67559
67571
67582
67594
67606
67617
67629
67640
67652
67664
67675
67687
67698
67710
67722
67733
67745
67756
67768
67780
67791
67803
67814
67826
67838
67849
67861
67872
67884
67896
67907
67919
67930
67942
67954
67965
67977
67988
68000
68012
68023
68035
68046
68058
68070
68081
68093
68104
68116
68128
68139
68151
68162
68174
68186
68197
68209
68220
68232
68244
68255
68267
68278
68290
68302
68313
68325
68336
68348
68360
68371
68383
68394
68406
68418
68429
68441
68452
68464
68476
68487
68499
68510
68522
68534
68545
68557
68568
68580
68592
68603
68615
68626
68638
68650
68661
68673
68684
68696
68708
68719
68731
68742
68754
68766
68777
68789
68800
68812
68824
68835
68847
68858
68870
68882
68893
68905
68916
68928
68940
68951
68963
68974
68986
68998
69009
69021
69032
69044
69056
69067
69079
69090
69102
69114
69125
69137
69148
69160
69172
69183
69195
69206
69218
69230
69241
69253
69264
69276
69288
69299
69311
69322
69334
69346
69357
69369
69380
69392
69404
69415
69427
69438
69450
69462
69473
69485
69496
69508
69520
69531
69543
69554
69566
69578
69589
69601
69612
69624
69636
69647
69659
69670
69682
69694
69705
69717
69728
69740
69752
69763
69775
69786
69798
69810
69821
69833
69844
69856
69868
69879
69891
69902
69914
69926
69937
69949
69960
69972
69984
69995
70007
70018
70030
70042
70053
70065
70076
70088
70100
70111
70123
70134
70146
70158
70169
70181
70192
70204
70216
70227
70239
70250
70262
70274
70285
70297
70308
70320
70332
70343
70355
70366
70378
70390
70401
70413
70424
70436
70448
70459
70471
70482
70494
70506
70517
70529
70540
70552
70564
70575
70587
70598
70610
70622
70633
70645
70656
70668
70680
70691
70703
70714
70726
70738
70749
70761
70772
70784
70796
70807
70819
70830
70842
70854
70865
70877
70888
70900
70912
70923
70935
70946
70958
70970
70981
70993
71004
71016
71028
71039
71051
71062
71074
71086
71097
71109
71120
71132
71144
71155
71167
71178
71190
71202
71213
71225
71236
71248
71260
71271
71283
71294
71306
71318
71329
71341
71352
71364
71376
71387
71399
71410
71422
71434
71445
71457
71468
71480
71492
71503
71515
71526
71538
71550
71561
71573
71584
71596
71608
71619
71631
71642
71654
71666
71677
71689
71700
71712
71724
71735
71747
71758
71770
71782
71793
71805
71816
71828
71840
71851
71863
71874
71886
71898
71909
71921
71932
71944
71956
71967
71979
71990
72002
72014
72025
72037
72048
72060
72072
72083
72095
72106
72118
72130
72141
72153
72164
72176
72188
72199
72211
72222
72234
72246
72257
72269
72280
72292
72304
72315
72327
72338
72350
72362
72373
72385
72396
72408
72420
72431
72443
72454
72466
72478
72489
72501
72512
72524
72536
72547
72559
72570
72582
72594
72605
72617
72628
72640
72652
72663
72675
72686
72698
72710
72721
72733
72744
72756
72768
72779
72791
72802
72814
72826
72837
72849
72860
72872
72884
72895
72907
72918
72930
72942
72953
72965
72976
72988
73000
73011
73023
73034
73046
73058
73069
73081
73092
73104
73116
73127
73139
73150
73162
73174
73185
73197
73208
73220
73232
73243
73255
73266
73278
73290
73301
73313
73324
73336
73348
73359
73371
73382
73394
73406
73417
73429
73440
73452
73464
73475
73487
73498
73510
73522
73533
73545
73556
73568
73580
73591
73603
73614
73626
73638
73649
73661
73672
73697
73698
73707
73719
73730
73742
73754
73765
73777
73788
73800
73812
73823
73835
73846
73858
73870
73881
73893
73904
73916
73928
73939
73951
73962
73974
73986
73997
74009
74020
74032
74044
74055
74067
74078
74090
74102
74113
74125
74136
74148
74160
74171
74183
74194
74206
74218
74229
74241
74252
74264
74276
74287
74299
74310
74322
74334
74345
74357
74368
74380
74392
74403
74415
74426
74438
74450
74461
74473
74484
74496
74508
74519
74531
74542
74554
74566
74577
74589
74600
74612
74624
74635
74647
74658
74670
74682
74693
74705
74716
74728
74740
74751
74763
74774
74786
74798
74809
74821
74832
74844
74856
74867
74879
74890
74902
74914
74925
74937
74948
74960
74972
74983
74995
75006
75018
75030
75041
75053
75064
75076
75088
75099
75111
75122
75134
75146
75157
75169
75180
75192
75204
75215
75227
75238
75250
75262
75273
75285
75296
75308
75320
75331
75343
75354
75366
75378
75389
75401
75412
75424
75436
75447
75459
75470
75481
75493
75504
75516
75527
75539
75551
75562
75574
75585
75597
75609
75620
75632
75643
75655
75667
75678
75690
75701
75713
75725
75736
75748
75759
75771
75783
75794
75806
75817
75829
75841
75852
75864
75875
75887
75899
75910
75922
75933
75945
75957
75968
75980
75991
76003
76015
76026
76038
76049
76061
76073
76084
76096
76107
76119
76131
76142
76154
76165
76177
76189
76200
76212
76223
76235
76247
76258
76270
76281
76293
76305
76316
76328
76339
76351
76363
76374
76386
76397
76409
76421
76432
76444
76455
76467
76479
76490
76502
76513
76525
76537
76548
76560
76571
76583
76595
76606
76618
76629
76641
76653
76664
76676
76687
76699
76711
76722
76734
76745
76757
76769
76780
76792
76803
76815
76827
76838
76850
76861
76873
76885
76896
76908
76919
76931
76943
76954
76966
76977
76989
77001
77012
77024
77035
77047
77059
77070
77082
77093
77105
77117
77128
77140
77151
77163
77175
77186
77198
77209
77221
77233
77244
77256
77267
77279
77291
77302
77314
77325
77337
77349
77360
77372
77383
77395
77407
77418
77430
77441
77453
77465
77476
77488
77499
77511
77523
77534
77546
77557
77569
77581
77592
77604
77615
77627
77639
77650
77662
77673
77685
77697
77708
77720
77731
77743
77755
77766
77778
77789
77801
77813
77824
77836
77847
77859
77871
77882
77894
77905
77917
77929
77940
77952
77963
77975
77987
77998
78010
78021
78033
78045
78056
78068
78079
78091
78103
78114
78126
78137
78149
78161
78172
78184
78195
78207
78219
78230
78242
78253
78265
78277
78288
78300
78311
78323
78335
78346
78358
78369
78381
78393
78404
78416
78427
78439
78451
78462
78474
78485
78497
78509
78520
78532
78543
78555
78567
78578
78590
78601
78613
78625
78636
78648
78659
78671
78683
78694
78706
78717
78729
78741
78752
78764
78775
78787
78799
78810
78822
78833
78845
78857
78868
78880
78891
78903
78915
78926
78938
78949
78961
78973
78984
78996
79007
79019
79031
79042
79054
79065
79077
79089
79100
79112
79123
79135
79147
79158
79170
79181
79193
79205
79216
79228
